Classic Timing Analyzer report for Ex2
Fri May 02 21:16:52 2014
Quartus II Version 7.2 Build 151 09/26/2007 SJ Web Edition


---------------------
; Table of Contents ;
---------------------
  1. Legal Notice
  2. Timing Analyzer Summary
  3. Timing Analyzer Settings
  4. tpd
  5. Timing Analyzer Messages



----------------
; Legal Notice ;
----------------
Copyright (C) 1991-2007 Altera Corporation
Your use of Altera Corporation's design tools, logic functions 
and other software and tools, and its AMPP partner logic 
functions, and any output files from any of the foregoing 
(including device programming or simulation files), and any 
associated documentation or information are expressly subject 
to the terms and conditions of the Altera Program License 
Subscription Agreement, Altera MegaCore Function License 
Agreement, or other applicable license agreement, including, 
without limitation, that your use is for the sole purpose of 
programming logic devices manufactured by Altera and sold by 
Altera or its authorized distributors.  Please refer to the 
applicable agreement for further details.



+-----------------------------------------------------------------------------------------------------------------------+
; Timing Analyzer Summary                                                                                               ;
+------------------------------+-------+---------------+-------------+------+----+------------+----------+--------------+
; Type                         ; Slack ; Required Time ; Actual Time ; From ; To ; From Clock ; To Clock ; Failed Paths ;
+------------------------------+-------+---------------+-------------+------+----+------------+----------+--------------+
; Worst-case tpd               ; N/A   ; None          ; 7.665 ns    ; c2   ; z  ; --         ; --       ; 0            ;
; Total number of failed paths ;       ;               ;             ;      ;    ;            ;          ; 0            ;
+------------------------------+-------+---------------+-------------+------+----+------------+----------+--------------+


+---------------------------------------------------------------------------------------------------------------+
; Timing Analyzer Settings                                                                                      ;
+----------------------------------------------------------------+--------------------+------+----+-------------+
; Option                                                         ; Setting            ; From ; To ; Entity Name ;
+----------------------------------------------------------------+--------------------+------+----+-------------+
; Device Name                                                    ; EP2C35F672C6       ;      ;    ;             ;
; Timing Models                                                  ; Final              ;      ;    ;             ;
; Default hold multicycle                                        ; Same as Multicycle ;      ;    ;             ;
; Cut paths between unrelated clock domains                      ; On                 ;      ;    ;             ;
; Cut off read during write signal paths                         ; On                 ;      ;    ;             ;
; Cut off feedback from I/O pins                                 ; On                 ;      ;    ;             ;
; Report Combined Fast/Slow Timing                               ; Off                ;      ;    ;             ;
; Ignore Clock Settings                                          ; Off                ;      ;    ;             ;
; Analyze latches as synchronous elements                        ; On                 ;      ;    ;             ;
; Enable Recovery/Removal analysis                               ; Off                ;      ;    ;             ;
; Enable Clock Latency                                           ; Off                ;      ;    ;             ;
; Use TimeQuest Timing Analyzer                                  ; Off                ;      ;    ;             ;
; Number of source nodes to report per destination node          ; 10                 ;      ;    ;             ;
; Number of destination nodes to report                          ; 10                 ;      ;    ;             ;
; Number of paths to report                                      ; 200                ;      ;    ;             ;
; Report Minimum Timing Checks                                   ; Off                ;      ;    ;             ;
; Use Fast Timing Models                                         ; Off                ;      ;    ;             ;
; Report IO Paths Separately                                     ; Off                ;      ;    ;             ;
; Perform Multicorner Analysis                                   ; On                 ;      ;    ;             ;
; Reports the worst-case path for each clock domain and analysis ; Off                ;      ;    ;             ;
+----------------------------------------------------------------+--------------------+------+----+-------------+


+-------------------------------------------------------------+
; tpd                                                         ;
+-------+-------------------+-----------------+------+--------+
; Slack ; Required P2P Time ; Actual P2P Time ; From ; To     ;
+-------+-------------------+-----------------+------+--------+
; N/A   ; None              ; 7.665 ns        ; c2   ; z      ;
; N/A   ; None              ; 7.283 ns        ; s0   ; z      ;
; N/A   ; None              ; 6.917 ns        ; s1   ; z      ;
; N/A   ; None              ; 6.649 ns        ; c3   ; z      ;
; N/A   ; None              ; 6.296 ns        ; c1   ; z      ;
; N/A   ; None              ; 6.252 ns        ; c0   ; z      ;
; N/A   ; None              ; 5.945 ns        ; c0   ; led[0] ;
; N/A   ; None              ; 5.918 ns        ; c2   ; led[2] ;
; N/A   ; None              ; 5.730 ns        ; s0   ; led[4] ;
; N/A   ; None              ; 5.667 ns        ; s1   ; led[5] ;
; N/A   ; None              ; 5.473 ns        ; c3   ; led[3] ;
; N/A   ; None              ; 5.173 ns        ; c1   ; led[1] ;
+-------+-------------------+-----------------+------+--------+


+--------------------------+
; Timing Analyzer Messages ;
+--------------------------+
Info: *******************************************************************
Info: Running Quartus II Classic Timing Analyzer
    Info: Version 7.2 Build 151 09/26/2007 SJ Web Edition
    Info: Processing started: Fri May 02 21:16:51 2014
Info: Command: quartus_tan --read_settings_files=off --write_settings_files=off Ex2 -c Ex2 --timing_analysis_only
Info: Longest tpd from source pin "c2" to destination pin "z" is 7.665 ns
    Info: 1: + IC(0.000 ns) + CELL(0.999 ns) = 0.999 ns; Loc. = PIN_P25; Fanout = 2; PIN Node = 'c2'
    Info: 2: + IC(2.213 ns) + CELL(0.420 ns) = 3.632 ns; Loc. = LCCOMB_X62_Y1_N0; Fanout = 1; COMB Node = 'z~256'
    Info: 3: + IC(0.246 ns) + CELL(0.420 ns) = 4.298 ns; Loc. = LCCOMB_X62_Y1_N28; Fanout = 1; COMB Node = 'z~257'
    Info: 4: + IC(0.569 ns) + CELL(2.798 ns) = 7.665 ns; Loc. = PIN_AC21; Fanout = 0; PIN Node = 'z'
    Info: Total cell delay = 4.637 ns ( 60.50 % )
    Info: Total interconnect delay = 3.028 ns ( 39.50 % )
Info: Quartus II Classic Timing Analyzer was successful. 0 errors, 0 warnings
    Info: Allocated 177 megabytes of memory during processing
    Info: Processing ended: Fri May 02 21:16:52 2014
    Info: Elapsed time: 00:00:01


