Classic Timing Analyzer report for main
Thu Jun 05 15:44:06 2014
Quartus II Version 7.2 Build 151 09/26/2007 SJ Web Edition


---------------------
; Table of Contents ;
---------------------
  1. Legal Notice
  2. Timing Analyzer Summary
  3. Timing Analyzer Settings
  4. Clock Settings Summary
  5. Clock Setup: 'sysclk'
  6. Clock Setup: 'KEY[0]'
  7. tsu
  8. tco
  9. th
 10. Timing Analyzer Messages



----------------
; Legal Notice ;
----------------
Copyright (C) 1991-2007 Altera Corporation
Your use of Altera Corporation's design tools, logic functions 
and other software and tools, and its AMPP partner logic 
functions, and any output files from any of the foregoing 
(including device programming or simulation files), and any 
associated documentation or information are expressly subject 
to the terms and conditions of the Altera Program License 
Subscription Agreement, Altera MegaCore Function License 
Agreement, or other applicable license agreement, including, 
without limitation, that your use is for the sole purpose of 
programming logic devices manufactured by Altera and sold by 
Altera or its authorized distributors.  Please refer to the 
applicable agreement for further details.



+-------------------------------------------------------------------------------------------------------------------------------------------------------------------------------------------------------------------+
; Timing Analyzer Summary                                                                                                                                                                                           ;
+------------------------------+-------+---------------+------------------------------------------------+---------------------------------+----------------------------------+------------+----------+--------------+
; Type                         ; Slack ; Required Time ; Actual Time                                    ; From                            ; To                               ; From Clock ; To Clock ; Failed Paths ;
+------------------------------+-------+---------------+------------------------------------------------+---------------------------------+----------------------------------+------------+----------+--------------+
; Worst-case tsu               ; N/A   ; None          ; 2.127 ns                                       ; KEY[2]                          ; FramesyncFSM:comb_94|RecCount[0] ; --         ; sysclk   ; 0            ;
; Worst-case tco               ; N/A   ; None          ; 12.124 ns                                      ; led2                            ; LED[16]                          ; sysclk     ; --       ; 0            ;
; Worst-case th                ; N/A   ; None          ; -1.702 ns                                      ; KEY[2]                          ; FramesyncFSM:comb_94|count[0]    ; --         ; sysclk   ; 0            ;
; Clock Setup: 'sysclk'        ; N/A   ; None          ; 145.31 MHz ( period = 6.882 ns )               ; FramesyncFSM:comb_94|Probe:u0|S ; FramesyncFSM:comb_94|State[0]    ; sysclk     ; sysclk   ; 0            ;
; Clock Setup: 'KEY[0]'        ; N/A   ; None          ; Restricted to 450.05 MHz ( period = 2.222 ns ) ; model[0]                        ; model[1]                         ; KEY[0]     ; KEY[0]   ; 0            ;
; Total number of failed paths ;       ;               ;                                                ;                                 ;                                  ;            ;          ; 0            ;
+------------------------------+-------+---------------+------------------------------------------------+---------------------------------+----------------------------------+------------+----------+--------------+


+---------------------------------------------------------------------------------------------------------------+
; Timing Analyzer Settings                                                                                      ;
+----------------------------------------------------------------+--------------------+------+----+-------------+
; Option                                                         ; Setting            ; From ; To ; Entity Name ;
+----------------------------------------------------------------+--------------------+------+----+-------------+
; Device Name                                                    ; EP2C35F672C6       ;      ;    ;             ;
; Timing Models                                                  ; Final              ;      ;    ;             ;
; Default hold multicycle                                        ; Same as Multicycle ;      ;    ;             ;
; Cut paths between unrelated clock domains                      ; On                 ;      ;    ;             ;
; Cut off read during write signal paths                         ; On                 ;      ;    ;             ;
; Cut off feedback from I/O pins                                 ; On                 ;      ;    ;             ;
; Report Combined Fast/Slow Timing                               ; Off                ;      ;    ;             ;
; Ignore Clock Settings                                          ; Off                ;      ;    ;             ;
; Analyze latches as synchronous elements                        ; On                 ;      ;    ;             ;
; Enable Recovery/Removal analysis                               ; Off                ;      ;    ;             ;
; Enable Clock Latency                                           ; Off                ;      ;    ;             ;
; Use TimeQuest Timing Analyzer                                  ; Off                ;      ;    ;             ;
; Number of source nodes to report per destination node          ; 10                 ;      ;    ;             ;
; Number of destination nodes to report                          ; 10                 ;      ;    ;             ;
; Number of paths to report                                      ; 200                ;      ;    ;             ;
; Report Minimum Timing Checks                                   ; Off                ;      ;    ;             ;
; Use Fast Timing Models                                         ; Off                ;      ;    ;             ;
; Report IO Paths Separately                                     ; Off                ;      ;    ;             ;
; Perform Multicorner Analysis                                   ; On                 ;      ;    ;             ;
; Reports the worst-case path for each clock domain and analysis ; Off                ;      ;    ;             ;
+----------------------------------------------------------------+--------------------+------+----+-------------+


+------------------------------------------------------------------------------------------------------------------------------------------------------------------------------------+
; Clock Settings Summary                                                                                                                                                             ;
+-----------------+--------------------+----------+------------------+---------------+--------------+----------+-----------------------+---------------------+--------+--------------+
; Clock Node Name ; Clock Setting Name ; Type     ; Fmax Requirement ; Early Latency ; Late Latency ; Based on ; Multiply Base Fmax by ; Divide Base Fmax by ; Offset ; Phase offset ;
+-----------------+--------------------+----------+------------------+---------------+--------------+----------+-----------------------+---------------------+--------+--------------+
; sysclk          ;                    ; User Pin ; None             ; 0.000 ns      ; 0.000 ns     ; --       ; N/A                   ; N/A                 ; N/A    ;              ;
; KEY[1]          ;                    ; User Pin ; None             ; 0.000 ns      ; 0.000 ns     ; --       ; N/A                   ; N/A                 ; N/A    ;              ;
; KEY[0]          ;                    ; User Pin ; None             ; 0.000 ns      ; 0.000 ns     ; --       ; N/A                   ; N/A                 ; N/A    ;              ;
+-----------------+--------------------+----------+------------------+---------------+--------------+----------+-----------------------+---------------------+--------+--------------+


+------------------------------------------------------------------------------------------------------------------------------------------------------------------------------------------------------------------------------------------------------------------------------------------------+
; Clock Setup: 'sysclk'                                                                                                                                                                                                                                                                          ;
+-----------------------------------------+-----------------------------------------------------+-----------------------------------+------------------------------------------------+------------+----------+-----------------------------+---------------------------+-------------------------+
; Slack                                   ; Actual fmax (period)                                ; From                              ; To                                             ; From Clock ; To Clock ; Required Setup Relationship ; Required Longest P2P Time ; Actual Longest P2P Time ;
+-----------------------------------------+-----------------------------------------------------+-----------------------------------+------------------------------------------------+------------+----------+-----------------------------+---------------------------+-------------------------+
; N/A                                     ; 145.31 MHz ( period = 6.882 ns )                    ; FramesyncFSM:comb_94|Probe:u0|S   ; FramesyncFSM:comb_94|State[1]                  ; sysclk     ; sysclk   ; None                        ; None                      ; 3.180 ns                ;
; N/A                                     ; 145.31 MHz ( period = 6.882 ns )                    ; FramesyncFSM:comb_94|Probe:u0|S   ; FramesyncFSM:comb_94|State[0]                  ; sysclk     ; sysclk   ; None                        ; None                      ; 3.180 ns                ;
; N/A                                     ; 156.64 MHz ( period = 6.384 ns )                    ; FramesyncFSM:comb_94|inter        ; FramesyncFSM:comb_94|State[1]                  ; sysclk     ; sysclk   ; None                        ; None                      ; 2.931 ns                ;
; N/A                                     ; 156.64 MHz ( period = 6.384 ns )                    ; FramesyncFSM:comb_94|inter        ; FramesyncFSM:comb_94|State[0]                  ; sysclk     ; sysclk   ; None                        ; None                      ; 2.931 ns                ;
; N/A                                     ; 184.77 MHz ( period = 5.412 ns )                    ; FramesyncFSM:comb_94|DataOutEn    ; FrameDataCheck:comb_95|scrambler:U1|regarr[13] ; sysclk     ; sysclk   ; None                        ; None                      ; 2.499 ns                ;
; N/A                                     ; 186.15 MHz ( period = 5.372 ns )                    ; FramesyncFSM:comb_94|Probe:u0|S   ; FramesyncFSM:comb_94|MissCount[1]              ; sysclk     ; sysclk   ; None                        ; None                      ; 2.426 ns                ;
; N/A                                     ; 186.15 MHz ( period = 5.372 ns )                    ; FramesyncFSM:comb_94|Probe:u0|S   ; FramesyncFSM:comb_94|MissCount[0]              ; sysclk     ; sysclk   ; None                        ; None                      ; 2.426 ns                ;
; N/A                                     ; 195.24 MHz ( period = 5.122 ns )                    ; FramesyncFSM:comb_94|DataOutEn    ; FrameDataCheck:comb_95|scrambler:U1|regarr[14] ; sysclk     ; sysclk   ; None                        ; None                      ; 2.355 ns                ;
; N/A                                     ; 195.24 MHz ( period = 5.122 ns )                    ; FramesyncFSM:comb_94|DataOutEn    ; FrameDataCheck:comb_95|scrambler:U1|regarr[12] ; sysclk     ; sysclk   ; None                        ; None                      ; 2.355 ns                ;
; N/A                                     ; 195.24 MHz ( period = 5.122 ns )                    ; FramesyncFSM:comb_94|DataOutEn    ; FrameDataCheck:comb_95|scrambler:U1|regarr[11] ; sysclk     ; sysclk   ; None                        ; None                      ; 2.355 ns                ;
; N/A                                     ; 195.24 MHz ( period = 5.122 ns )                    ; FramesyncFSM:comb_94|DataOutEn    ; FrameDataCheck:comb_95|scrambler:U1|regarr[10] ; sysclk     ; sysclk   ; None                        ; None                      ; 2.355 ns                ;
; N/A                                     ; 195.24 MHz ( period = 5.122 ns )                    ; FramesyncFSM:comb_94|DataOutEn    ; FrameDataCheck:comb_95|scrambler:U1|regarr[9]  ; sysclk     ; sysclk   ; None                        ; None                      ; 2.355 ns                ;
; N/A                                     ; 195.24 MHz ( period = 5.122 ns )                    ; FramesyncFSM:comb_94|DataOutEn    ; FrameDataCheck:comb_95|scrambler:U1|regarr[8]  ; sysclk     ; sysclk   ; None                        ; None                      ; 2.355 ns                ;
; N/A                                     ; 195.24 MHz ( period = 5.122 ns )                    ; FramesyncFSM:comb_94|DataOutEn    ; FrameDataCheck:comb_95|scrambler:U1|regarr[7]  ; sysclk     ; sysclk   ; None                        ; None                      ; 2.355 ns                ;
; N/A                                     ; 195.24 MHz ( period = 5.122 ns )                    ; FramesyncFSM:comb_94|DataOutEn    ; FrameDataCheck:comb_95|scrambler:U1|regarr[6]  ; sysclk     ; sysclk   ; None                        ; None                      ; 2.355 ns                ;
; N/A                                     ; 195.24 MHz ( period = 5.122 ns )                    ; FramesyncFSM:comb_94|DataOutEn    ; FrameDataCheck:comb_95|scrambler:U1|regarr[5]  ; sysclk     ; sysclk   ; None                        ; None                      ; 2.355 ns                ;
; N/A                                     ; 195.24 MHz ( period = 5.122 ns )                    ; FramesyncFSM:comb_94|DataOutEn    ; FrameDataCheck:comb_95|scrambler:U1|regarr[4]  ; sysclk     ; sysclk   ; None                        ; None                      ; 2.355 ns                ;
; N/A                                     ; 195.24 MHz ( period = 5.122 ns )                    ; FramesyncFSM:comb_94|DataOutEn    ; FrameDataCheck:comb_95|scrambler:U1|regarr[3]  ; sysclk     ; sysclk   ; None                        ; None                      ; 2.355 ns                ;
; N/A                                     ; 195.24 MHz ( period = 5.122 ns )                    ; FramesyncFSM:comb_94|DataOutEn    ; FrameDataCheck:comb_95|scrambler:U1|regarr[2]  ; sysclk     ; sysclk   ; None                        ; None                      ; 2.355 ns                ;
; N/A                                     ; 195.24 MHz ( period = 5.122 ns )                    ; FramesyncFSM:comb_94|DataOutEn    ; FrameDataCheck:comb_95|scrambler:U1|regarr[1]  ; sysclk     ; sysclk   ; None                        ; None                      ; 2.355 ns                ;
; N/A                                     ; 195.24 MHz ( period = 5.122 ns )                    ; FramesyncFSM:comb_94|DataOutEn    ; FrameDataCheck:comb_95|scrambler:U1|regarr[0]  ; sysclk     ; sysclk   ; None                        ; None                      ; 2.355 ns                ;
; N/A                                     ; 202.76 MHz ( period = 4.932 ns )                    ; FramesyncFSM:comb_94|inter        ; FramesyncFSM:comb_94|MissCount[1]              ; sysclk     ; sysclk   ; None                        ; None                      ; 2.206 ns                ;
; N/A                                     ; 202.76 MHz ( period = 4.932 ns )                    ; FramesyncFSM:comb_94|inter        ; FramesyncFSM:comb_94|MissCount[0]              ; sysclk     ; sysclk   ; None                        ; None                      ; 2.206 ns                ;
; N/A                                     ; 226.55 MHz ( period = 4.414 ns )                    ; FrameTrans:comb_93|StateCnt256[7] ; FrameTrans:comb_93|DataIn                      ; sysclk     ; sysclk   ; None                        ; None                      ; 3.323 ns                ;
; N/A                                     ; 228.83 MHz ( period = 4.370 ns )                    ; FramesyncFSM:comb_94|Probe:u0|S   ; FramesyncFSM:comb_94|CountEn                   ; sysclk     ; sysclk   ; None                        ; None                      ; 1.926 ns                ;
; N/A                                     ; 230.31 MHz ( period = 4.342 ns )                    ; FrameTrans:comb_93|StateCnt256[5] ; FrameTrans:comb_93|DataIn                      ; sysclk     ; sysclk   ; None                        ; None                      ; 3.251 ns                ;
; N/A                                     ; 230.31 MHz ( period = 4.342 ns )                    ; FrameTrans:comb_93|StateCnt256[6] ; FrameTrans:comb_93|DataIn                      ; sysclk     ; sysclk   ; None                        ; None                      ; 3.251 ns                ;
; N/A                                     ; 243.96 MHz ( period = 4.099 ns )                    ; FrameTrans:comb_93|StateCnt256[2] ; FrameTrans:comb_93|DataIn                      ; sysclk     ; sysclk   ; None                        ; None                      ; 3.008 ns                ;
; N/A                                     ; 244.56 MHz ( period = 4.089 ns )                    ; FrameTrans:comb_93|StateCnt256[4] ; FrameTrans:comb_93|DataIn                      ; sysclk     ; sysclk   ; None                        ; None                      ; 2.998 ns                ;
; N/A                                     ; 251.00 MHz ( period = 3.984 ns )                    ; FramesyncFSM:comb_94|count[5]     ; FramesyncFSM:comb_94|DataOut                   ; sysclk     ; sysclk   ; None                        ; None                      ; 1.778 ns                ;
; N/A                                     ; 253.23 MHz ( period = 3.949 ns )                    ; FrameTrans:comb_93|StateCnt256[1] ; FrameTrans:comb_93|DataIn                      ; sysclk     ; sysclk   ; None                        ; None                      ; 2.858 ns                ;
; N/A                                     ; 255.10 MHz ( period = 3.920 ns )                    ; FramesyncFSM:comb_94|count[6]     ; FramesyncFSM:comb_94|DataOut                   ; sysclk     ; sysclk   ; None                        ; None                      ; 1.746 ns                ;
; N/A                                     ; 256.54 MHz ( period = 3.898 ns )                    ; FrameTrans:comb_93|Counter[1]     ; FrameTrans:comb_93|Counter[31]                 ; sysclk     ; sysclk   ; None                        ; None                      ; 3.683 ns                ;
; N/A                                     ; 260.48 MHz ( period = 3.839 ns )                    ; FrameTrans:comb_93|StateCnt256[3] ; FrameTrans:comb_93|DataIn                      ; sysclk     ; sysclk   ; None                        ; None                      ; 2.748 ns                ;
; N/A                                     ; 261.30 MHz ( period = 3.827 ns )                    ; FrameTrans:comb_93|Counter[2]     ; FrameTrans:comb_93|Counter[31]                 ; sysclk     ; sysclk   ; None                        ; None                      ; 3.612 ns                ;
; N/A                                     ; 261.30 MHz ( period = 3.827 ns )                    ; FrameTrans:comb_93|Counter[1]     ; FrameTrans:comb_93|Counter[30]                 ; sysclk     ; sysclk   ; None                        ; None                      ; 3.612 ns                ;
; N/A                                     ; 262.74 MHz ( period = 3.806 ns )                    ; FrameTrans:comb_93|StateCnt256[0] ; FrameTrans:comb_93|DataIn                      ; sysclk     ; sysclk   ; None                        ; None                      ; 2.715 ns                ;
; N/A                                     ; 263.78 MHz ( period = 3.791 ns )                    ; FrameTrans:comb_93|Counter[0]     ; FrameTrans:comb_93|Counter[31]                 ; sysclk     ; sysclk   ; None                        ; None                      ; 3.575 ns                ;
; N/A                                     ; 266.24 MHz ( period = 3.756 ns )                    ; FrameTrans:comb_93|Counter[2]     ; FrameTrans:comb_93|Counter[30]                 ; sysclk     ; sysclk   ; None                        ; None                      ; 3.541 ns                ;
; N/A                                     ; 266.24 MHz ( period = 3.756 ns )                    ; FrameTrans:comb_93|Counter[1]     ; FrameTrans:comb_93|Counter[29]                 ; sysclk     ; sysclk   ; None                        ; None                      ; 3.541 ns                ;
; N/A                                     ; 268.82 MHz ( period = 3.720 ns )                    ; FrameTrans:comb_93|Counter[0]     ; FrameTrans:comb_93|Counter[30]                 ; sysclk     ; sysclk   ; None                        ; None                      ; 3.504 ns                ;
; N/A                                     ; 268.96 MHz ( period = 3.718 ns )                    ; FramesyncFSM:comb_94|inter        ; FramesyncFSM:comb_94|RecCount[0]               ; sysclk     ; sysclk   ; None                        ; None                      ; 1.599 ns                ;
; N/A                                     ; 269.25 MHz ( period = 3.714 ns )                    ; FrameTrans:comb_93|FrameCnt4[0]   ; FrameTrans:comb_93|DataIn                      ; sysclk     ; sysclk   ; None                        ; None                      ; 2.623 ns                ;
; N/A                                     ; 270.12 MHz ( period = 3.702 ns )                    ; FramesyncFSM:comb_94|count[2]     ; FramesyncFSM:comb_94|DataOut                   ; sysclk     ; sysclk   ; None                        ; None                      ; 1.637 ns                ;
; N/A                                     ; 271.37 MHz ( period = 3.685 ns )                    ; FrameTrans:comb_93|Counter[1]     ; FrameTrans:comb_93|Counter[28]                 ; sysclk     ; sysclk   ; None                        ; None                      ; 3.470 ns                ;
; N/A                                     ; 271.37 MHz ( period = 3.685 ns )                    ; FrameTrans:comb_93|Counter[2]     ; FrameTrans:comb_93|Counter[29]                 ; sysclk     ; sysclk   ; None                        ; None                      ; 3.470 ns                ;
; N/A                                     ; 272.63 MHz ( period = 3.668 ns )                    ; FramesyncFSM:comb_94|count[7]     ; FramesyncFSM:comb_94|DataOut                   ; sysclk     ; sysclk   ; None                        ; None                      ; 1.620 ns                ;
; N/A                                     ; 274.05 MHz ( period = 3.649 ns )                    ; FrameTrans:comb_93|Counter[0]     ; FrameTrans:comb_93|Counter[29]                 ; sysclk     ; sysclk   ; None                        ; None                      ; 3.433 ns                ;
; N/A                                     ; 275.94 MHz ( period = 3.624 ns )                    ; FrameTrans:comb_93|Counter[3]     ; FrameTrans:comb_93|Counter[31]                 ; sysclk     ; sysclk   ; None                        ; None                      ; 3.408 ns                ;
; N/A                                     ; 276.70 MHz ( period = 3.614 ns )                    ; FrameTrans:comb_93|Counter[2]     ; FrameTrans:comb_93|Counter[28]                 ; sysclk     ; sysclk   ; None                        ; None                      ; 3.399 ns                ;
; N/A                                     ; 276.70 MHz ( period = 3.614 ns )                    ; FrameTrans:comb_93|Counter[1]     ; FrameTrans:comb_93|Counter[27]                 ; sysclk     ; sysclk   ; None                        ; None                      ; 3.399 ns                ;
; N/A                                     ; 279.49 MHz ( period = 3.578 ns )                    ; FrameTrans:comb_93|Counter[0]     ; FrameTrans:comb_93|Counter[28]                 ; sysclk     ; sysclk   ; None                        ; None                      ; 3.362 ns                ;
; N/A                                     ; 280.19 MHz ( period = 3.569 ns )                    ; FramesyncFSM:comb_94|count[5]     ; FramesyncFSM:comb_94|count[3]                  ; sysclk     ; sysclk   ; None                        ; None                      ; 3.355 ns                ;
; N/A                                     ; 280.19 MHz ( period = 3.569 ns )                    ; FramesyncFSM:comb_94|count[5]     ; FramesyncFSM:comb_94|count[2]                  ; sysclk     ; sysclk   ; None                        ; None                      ; 3.355 ns                ;
; N/A                                     ; 280.19 MHz ( period = 3.569 ns )                    ; FramesyncFSM:comb_94|count[5]     ; FramesyncFSM:comb_94|count[1]                  ; sysclk     ; sysclk   ; None                        ; None                      ; 3.355 ns                ;
; N/A                                     ; 280.19 MHz ( period = 3.569 ns )                    ; FramesyncFSM:comb_94|count[5]     ; FramesyncFSM:comb_94|count[5]                  ; sysclk     ; sysclk   ; None                        ; None                      ; 3.355 ns                ;
; N/A                                     ; 280.19 MHz ( period = 3.569 ns )                    ; FramesyncFSM:comb_94|count[5]     ; FramesyncFSM:comb_94|count[6]                  ; sysclk     ; sysclk   ; None                        ; None                      ; 3.355 ns                ;
; N/A                                     ; 280.19 MHz ( period = 3.569 ns )                    ; FramesyncFSM:comb_94|count[5]     ; FramesyncFSM:comb_94|count[7]                  ; sysclk     ; sysclk   ; None                        ; None                      ; 3.355 ns                ;
; N/A                                     ; 280.19 MHz ( period = 3.569 ns )                    ; FramesyncFSM:comb_94|count[5]     ; FramesyncFSM:comb_94|count[4]                  ; sysclk     ; sysclk   ; None                        ; None                      ; 3.355 ns                ;
; N/A                                     ; 280.19 MHz ( period = 3.569 ns )                    ; FramesyncFSM:comb_94|count[5]     ; FramesyncFSM:comb_94|count[0]                  ; sysclk     ; sysclk   ; None                        ; None                      ; 3.355 ns                ;
; N/A                                     ; 281.45 MHz ( period = 3.553 ns )                    ; FrameTrans:comb_93|Counter[3]     ; FrameTrans:comb_93|Counter[30]                 ; sysclk     ; sysclk   ; None                        ; None                      ; 3.337 ns                ;
; N/A                                     ; 282.25 MHz ( period = 3.543 ns )                    ; FrameTrans:comb_93|Counter[1]     ; FrameTrans:comb_93|Counter[26]                 ; sysclk     ; sysclk   ; None                        ; None                      ; 3.328 ns                ;
; N/A                                     ; 282.25 MHz ( period = 3.543 ns )                    ; FrameTrans:comb_93|Counter[2]     ; FrameTrans:comb_93|Counter[27]                 ; sysclk     ; sysclk   ; None                        ; None                      ; 3.328 ns                ;
; N/A                                     ; 282.73 MHz ( period = 3.537 ns )                    ; FramesyncFSM:comb_94|count[6]     ; FramesyncFSM:comb_94|count[3]                  ; sysclk     ; sysclk   ; None                        ; None                      ; 3.323 ns                ;
; N/A                                     ; 282.73 MHz ( period = 3.537 ns )                    ; FramesyncFSM:comb_94|count[6]     ; FramesyncFSM:comb_94|count[2]                  ; sysclk     ; sysclk   ; None                        ; None                      ; 3.323 ns                ;
; N/A                                     ; 282.73 MHz ( period = 3.537 ns )                    ; FramesyncFSM:comb_94|count[6]     ; FramesyncFSM:comb_94|count[1]                  ; sysclk     ; sysclk   ; None                        ; None                      ; 3.323 ns                ;
; N/A                                     ; 282.73 MHz ( period = 3.537 ns )                    ; FramesyncFSM:comb_94|count[6]     ; FramesyncFSM:comb_94|count[5]                  ; sysclk     ; sysclk   ; None                        ; None                      ; 3.323 ns                ;
; N/A                                     ; 282.73 MHz ( period = 3.537 ns )                    ; FramesyncFSM:comb_94|count[6]     ; FramesyncFSM:comb_94|count[6]                  ; sysclk     ; sysclk   ; None                        ; None                      ; 3.323 ns                ;
; N/A                                     ; 282.73 MHz ( period = 3.537 ns )                    ; FramesyncFSM:comb_94|count[6]     ; FramesyncFSM:comb_94|count[7]                  ; sysclk     ; sysclk   ; None                        ; None                      ; 3.323 ns                ;
; N/A                                     ; 282.73 MHz ( period = 3.537 ns )                    ; FramesyncFSM:comb_94|count[6]     ; FramesyncFSM:comb_94|count[4]                  ; sysclk     ; sysclk   ; None                        ; None                      ; 3.323 ns                ;
; N/A                                     ; 282.73 MHz ( period = 3.537 ns )                    ; FramesyncFSM:comb_94|count[6]     ; FramesyncFSM:comb_94|count[0]                  ; sysclk     ; sysclk   ; None                        ; None                      ; 3.323 ns                ;
; N/A                                     ; 283.21 MHz ( period = 3.531 ns )                    ; FramesyncFSM:comb_94|MissCount[0] ; FramesyncFSM:comb_94|State[1]                  ; sysclk     ; sysclk   ; None                        ; None                      ; 3.316 ns                ;
; N/A                                     ; 283.21 MHz ( period = 3.531 ns )                    ; FramesyncFSM:comb_94|MissCount[0] ; FramesyncFSM:comb_94|State[0]                  ; sysclk     ; sysclk   ; None                        ; None                      ; 3.316 ns                ;
; N/A                                     ; 284.17 MHz ( period = 3.519 ns )                    ; FrameTrans:comb_93|FrameCnt4[1]   ; FrameTrans:comb_93|DataIn                      ; sysclk     ; sysclk   ; None                        ; None                      ; 2.428 ns                ;
; N/A                                     ; 284.58 MHz ( period = 3.514 ns )                    ; FrameTrans:comb_93|Counter[4]     ; FrameTrans:comb_93|Counter[31]                 ; sysclk     ; sysclk   ; None                        ; None                      ; 3.298 ns                ;
; N/A                                     ; 285.14 MHz ( period = 3.507 ns )                    ; FrameTrans:comb_93|Counter[0]     ; FrameTrans:comb_93|Counter[27]                 ; sysclk     ; sysclk   ; None                        ; None                      ; 3.291 ns                ;
; N/A                                     ; 285.31 MHz ( period = 3.505 ns )                    ; FramesyncFSM:comb_94|MissCount[1] ; FramesyncFSM:comb_94|State[1]                  ; sysclk     ; sysclk   ; None                        ; None                      ; 3.290 ns                ;
; N/A                                     ; 285.31 MHz ( period = 3.505 ns )                    ; FramesyncFSM:comb_94|MissCount[1] ; FramesyncFSM:comb_94|State[0]                  ; sysclk     ; sysclk   ; None                        ; None                      ; 3.290 ns                ;
; N/A                                     ; 285.88 MHz ( period = 3.498 ns )                    ; FrameTrans:comb_93|DataIn         ; FramesyncFSM:comb_94|DataOut                   ; sysclk     ; sysclk   ; None                        ; None                      ; 2.443 ns                ;
; N/A                                     ; 286.94 MHz ( period = 3.485 ns )                    ; FramesyncFSM:comb_94|RecCount[0]  ; FramesyncFSM:comb_94|State[1]                  ; sysclk     ; sysclk   ; None                        ; None                      ; 3.270 ns                ;
; N/A                                     ; 286.94 MHz ( period = 3.485 ns )                    ; FramesyncFSM:comb_94|RecCount[0]  ; FramesyncFSM:comb_94|State[0]                  ; sysclk     ; sysclk   ; None                        ; None                      ; 3.270 ns                ;
; N/A                                     ; 287.11 MHz ( period = 3.483 ns )                    ; FrameTrans:comb_93|Counter[5]     ; FrameTrans:comb_93|Counter[31]                 ; sysclk     ; sysclk   ; None                        ; None                      ; 3.267 ns                ;
; N/A                                     ; 287.19 MHz ( period = 3.482 ns )                    ; FrameTrans:comb_93|Counter[3]     ; FrameTrans:comb_93|Counter[29]                 ; sysclk     ; sysclk   ; None                        ; None                      ; 3.266 ns                ;
; N/A                                     ; 288.02 MHz ( period = 3.472 ns )                    ; FrameTrans:comb_93|Counter[1]     ; FrameTrans:comb_93|Counter[25]                 ; sysclk     ; sysclk   ; None                        ; None                      ; 3.257 ns                ;
; N/A                                     ; 288.02 MHz ( period = 3.472 ns )                    ; FrameTrans:comb_93|Counter[2]     ; FrameTrans:comb_93|Counter[26]                 ; sysclk     ; sysclk   ; None                        ; None                      ; 3.257 ns                ;
; N/A                                     ; 290.02 MHz ( period = 3.448 ns )                    ; FramesyncFSM:comb_94|count[2]     ; FramesyncFSM:comb_94|count[3]                  ; sysclk     ; sysclk   ; None                        ; None                      ; 3.234 ns                ;
; N/A                                     ; 290.02 MHz ( period = 3.448 ns )                    ; FramesyncFSM:comb_94|count[2]     ; FramesyncFSM:comb_94|count[2]                  ; sysclk     ; sysclk   ; None                        ; None                      ; 3.234 ns                ;
; N/A                                     ; 290.02 MHz ( period = 3.448 ns )                    ; FramesyncFSM:comb_94|count[2]     ; FramesyncFSM:comb_94|count[1]                  ; sysclk     ; sysclk   ; None                        ; None                      ; 3.234 ns                ;
; N/A                                     ; 290.02 MHz ( period = 3.448 ns )                    ; FramesyncFSM:comb_94|count[2]     ; FramesyncFSM:comb_94|count[5]                  ; sysclk     ; sysclk   ; None                        ; None                      ; 3.234 ns                ;
; N/A                                     ; 290.02 MHz ( period = 3.448 ns )                    ; FramesyncFSM:comb_94|count[2]     ; FramesyncFSM:comb_94|count[6]                  ; sysclk     ; sysclk   ; None                        ; None                      ; 3.234 ns                ;
; N/A                                     ; 290.02 MHz ( period = 3.448 ns )                    ; FramesyncFSM:comb_94|count[2]     ; FramesyncFSM:comb_94|count[7]                  ; sysclk     ; sysclk   ; None                        ; None                      ; 3.234 ns                ;
; N/A                                     ; 290.02 MHz ( period = 3.448 ns )                    ; FramesyncFSM:comb_94|count[2]     ; FramesyncFSM:comb_94|count[4]                  ; sysclk     ; sysclk   ; None                        ; None                      ; 3.234 ns                ;
; N/A                                     ; 290.02 MHz ( period = 3.448 ns )                    ; FramesyncFSM:comb_94|count[2]     ; FramesyncFSM:comb_94|count[0]                  ; sysclk     ; sysclk   ; None                        ; None                      ; 3.234 ns                ;
; N/A                                     ; 290.44 MHz ( period = 3.443 ns )                    ; FrameTrans:comb_93|Counter[4]     ; FrameTrans:comb_93|Counter[30]                 ; sysclk     ; sysclk   ; None                        ; None                      ; 3.227 ns                ;
; N/A                                     ; 291.04 MHz ( period = 3.436 ns )                    ; FrameTrans:comb_93|Counter[0]     ; FrameTrans:comb_93|Counter[26]                 ; sysclk     ; sysclk   ; None                        ; None                      ; 3.220 ns                ;
; N/A                                     ; 291.89 MHz ( period = 3.426 ns )                    ; FramesyncFSM:comb_94|count[4]     ; FramesyncFSM:comb_94|DataOut                   ; sysclk     ; sysclk   ; None                        ; None                      ; 1.499 ns                ;
; N/A                                     ; 293.08 MHz ( period = 3.412 ns )                    ; FrameTrans:comb_93|Counter[6]     ; FrameTrans:comb_93|Counter[31]                 ; sysclk     ; sysclk   ; None                        ; None                      ; 3.196 ns                ;
; N/A                                     ; 293.08 MHz ( period = 3.412 ns )                    ; FrameTrans:comb_93|Counter[5]     ; FrameTrans:comb_93|Counter[30]                 ; sysclk     ; sysclk   ; None                        ; None                      ; 3.196 ns                ;
; N/A                                     ; 293.17 MHz ( period = 3.411 ns )                    ; FramesyncFSM:comb_94|count[7]     ; FramesyncFSM:comb_94|count[3]                  ; sysclk     ; sysclk   ; None                        ; None                      ; 3.197 ns                ;
; N/A                                     ; 293.17 MHz ( period = 3.411 ns )                    ; FramesyncFSM:comb_94|count[7]     ; FramesyncFSM:comb_94|count[2]                  ; sysclk     ; sysclk   ; None                        ; None                      ; 3.197 ns                ;
; N/A                                     ; 293.17 MHz ( period = 3.411 ns )                    ; FramesyncFSM:comb_94|count[7]     ; FramesyncFSM:comb_94|count[1]                  ; sysclk     ; sysclk   ; None                        ; None                      ; 3.197 ns                ;
; N/A                                     ; 293.17 MHz ( period = 3.411 ns )                    ; FramesyncFSM:comb_94|count[7]     ; FramesyncFSM:comb_94|count[5]                  ; sysclk     ; sysclk   ; None                        ; None                      ; 3.197 ns                ;
; N/A                                     ; 293.17 MHz ( period = 3.411 ns )                    ; FramesyncFSM:comb_94|count[7]     ; FramesyncFSM:comb_94|count[6]                  ; sysclk     ; sysclk   ; None                        ; None                      ; 3.197 ns                ;
; N/A                                     ; 293.17 MHz ( period = 3.411 ns )                    ; FramesyncFSM:comb_94|count[7]     ; FramesyncFSM:comb_94|count[7]                  ; sysclk     ; sysclk   ; None                        ; None                      ; 3.197 ns                ;
; N/A                                     ; 293.17 MHz ( period = 3.411 ns )                    ; FramesyncFSM:comb_94|count[7]     ; FramesyncFSM:comb_94|count[4]                  ; sysclk     ; sysclk   ; None                        ; None                      ; 3.197 ns                ;
; N/A                                     ; 293.17 MHz ( period = 3.411 ns )                    ; FramesyncFSM:comb_94|count[7]     ; FramesyncFSM:comb_94|count[0]                  ; sysclk     ; sysclk   ; None                        ; None                      ; 3.197 ns                ;
; N/A                                     ; 293.17 MHz ( period = 3.411 ns )                    ; FrameTrans:comb_93|Counter[3]     ; FrameTrans:comb_93|Counter[28]                 ; sysclk     ; sysclk   ; None                        ; None                      ; 3.195 ns                ;
; N/A                                     ; 293.77 MHz ( period = 3.404 ns )                    ; FrameTrans:comb_93|Counter[11]    ; FrameTrans:comb_93|Clk_10ms                    ; sysclk     ; sysclk   ; None                        ; None                      ; 2.922 ns                ;
; N/A                                     ; 293.77 MHz ( period = 3.404 ns )                    ; FramesyncFSM:comb_94|count[1]     ; FramesyncFSM:comb_94|DataOut                   ; sysclk     ; sysclk   ; None                        ; None                      ; 1.488 ns                ;
; N/A                                     ; 294.03 MHz ( period = 3.401 ns )                    ; FrameTrans:comb_93|Counter[1]     ; FrameTrans:comb_93|Counter[24]                 ; sysclk     ; sysclk   ; None                        ; None                      ; 3.186 ns                ;
; N/A                                     ; 294.03 MHz ( period = 3.401 ns )                    ; FrameTrans:comb_93|Counter[2]     ; FrameTrans:comb_93|Counter[25]                 ; sysclk     ; sysclk   ; None                        ; None                      ; 3.186 ns                ;
; N/A                                     ; 296.56 MHz ( period = 3.372 ns )                    ; FrameTrans:comb_93|Counter[4]     ; FrameTrans:comb_93|Counter[29]                 ; sysclk     ; sysclk   ; None                        ; None                      ; 3.156 ns                ;
; N/A                                     ; 297.18 MHz ( period = 3.365 ns )                    ; FrameTrans:comb_93|Counter[0]     ; FrameTrans:comb_93|Counter[25]                 ; sysclk     ; sysclk   ; None                        ; None                      ; 3.149 ns                ;
; N/A                                     ; 298.24 MHz ( period = 3.353 ns )                    ; FrameTrans:comb_93|StateCnt256[7] ; FrameTrans:comb_93|ScrambEn                    ; sysclk     ; sysclk   ; None                        ; None                      ; 3.139 ns                ;
; N/A                                     ; 298.78 MHz ( period = 3.347 ns )                    ; FrameTrans:comb_93|Counter[9]     ; FrameTrans:comb_93|Clk_10ms                    ; sysclk     ; sysclk   ; None                        ; None                      ; 2.865 ns                ;
; N/A                                     ; 299.31 MHz ( period = 3.341 ns )                    ; FrameTrans:comb_93|Counter[6]     ; FrameTrans:comb_93|Counter[30]                 ; sysclk     ; sysclk   ; None                        ; None                      ; 3.125 ns                ;
; N/A                                     ; 299.31 MHz ( period = 3.341 ns )                    ; FrameTrans:comb_93|Counter[5]     ; FrameTrans:comb_93|Counter[29]                 ; sysclk     ; sysclk   ; None                        ; None                      ; 3.125 ns                ;
; N/A                                     ; 299.40 MHz ( period = 3.340 ns )                    ; FrameTrans:comb_93|Counter[3]     ; FrameTrans:comb_93|Counter[27]                 ; sysclk     ; sysclk   ; None                        ; None                      ; 3.124 ns                ;
; N/A                                     ; 299.76 MHz ( period = 3.336 ns )                    ; FrameTrans:comb_93|Counter[10]    ; FrameTrans:comb_93|Clk_10ms                    ; sysclk     ; sysclk   ; None                        ; None                      ; 2.854 ns                ;
; N/A                                     ; 300.30 MHz ( period = 3.330 ns )                    ; FrameTrans:comb_93|Counter[2]     ; FrameTrans:comb_93|Counter[24]                 ; sysclk     ; sysclk   ; None                        ; None                      ; 3.115 ns                ;
; N/A                                     ; 300.66 MHz ( period = 3.326 ns )                    ; FramesyncFSM:comb_94|inter        ; FramesyncFSM:comb_94|CountEn                   ; sysclk     ; sysclk   ; None                        ; None                      ; 1.404 ns                ;
; N/A                                     ; 302.57 MHz ( period = 3.305 ns )                    ; FrameTrans:comb_93|Counter[7]     ; FrameTrans:comb_93|Counter[31]                 ; sysclk     ; sysclk   ; None                        ; None                      ; 3.089 ns                ;
; N/A                                     ; 302.94 MHz ( period = 3.301 ns )                    ; FrameTrans:comb_93|Counter[4]     ; FrameTrans:comb_93|Counter[28]                 ; sysclk     ; sysclk   ; None                        ; None                      ; 3.085 ns                ;
; N/A                                     ; 303.12 MHz ( period = 3.299 ns )                    ; FramesyncFSM:comb_94|count[1]     ; FramesyncFSM:comb_94|count[3]                  ; sysclk     ; sysclk   ; None                        ; None                      ; 3.085 ns                ;
; N/A                                     ; 303.12 MHz ( period = 3.299 ns )                    ; FramesyncFSM:comb_94|count[1]     ; FramesyncFSM:comb_94|count[2]                  ; sysclk     ; sysclk   ; None                        ; None                      ; 3.085 ns                ;
; N/A                                     ; 303.12 MHz ( period = 3.299 ns )                    ; FramesyncFSM:comb_94|count[1]     ; FramesyncFSM:comb_94|count[1]                  ; sysclk     ; sysclk   ; None                        ; None                      ; 3.085 ns                ;
; N/A                                     ; 303.12 MHz ( period = 3.299 ns )                    ; FramesyncFSM:comb_94|count[1]     ; FramesyncFSM:comb_94|count[5]                  ; sysclk     ; sysclk   ; None                        ; None                      ; 3.085 ns                ;
; N/A                                     ; 303.12 MHz ( period = 3.299 ns )                    ; FramesyncFSM:comb_94|count[1]     ; FramesyncFSM:comb_94|count[6]                  ; sysclk     ; sysclk   ; None                        ; None                      ; 3.085 ns                ;
; N/A                                     ; 303.12 MHz ( period = 3.299 ns )                    ; FramesyncFSM:comb_94|count[1]     ; FramesyncFSM:comb_94|count[7]                  ; sysclk     ; sysclk   ; None                        ; None                      ; 3.085 ns                ;
; N/A                                     ; 303.12 MHz ( period = 3.299 ns )                    ; FramesyncFSM:comb_94|count[1]     ; FramesyncFSM:comb_94|count[4]                  ; sysclk     ; sysclk   ; None                        ; None                      ; 3.085 ns                ;
; N/A                                     ; 303.12 MHz ( period = 3.299 ns )                    ; FramesyncFSM:comb_94|count[1]     ; FramesyncFSM:comb_94|count[0]                  ; sysclk     ; sysclk   ; None                        ; None                      ; 3.085 ns                ;
; N/A                                     ; 303.58 MHz ( period = 3.294 ns )                    ; FrameTrans:comb_93|Counter[0]     ; FrameTrans:comb_93|Counter[24]                 ; sysclk     ; sysclk   ; None                        ; None                      ; 3.078 ns                ;
; N/A                                     ; 303.95 MHz ( period = 3.290 ns )                    ; FramesyncFSM:comb_94|count[4]     ; FramesyncFSM:comb_94|count[3]                  ; sysclk     ; sysclk   ; None                        ; None                      ; 3.076 ns                ;
; N/A                                     ; 303.95 MHz ( period = 3.290 ns )                    ; FramesyncFSM:comb_94|count[4]     ; FramesyncFSM:comb_94|count[2]                  ; sysclk     ; sysclk   ; None                        ; None                      ; 3.076 ns                ;
; N/A                                     ; 303.95 MHz ( period = 3.290 ns )                    ; FramesyncFSM:comb_94|count[4]     ; FramesyncFSM:comb_94|count[1]                  ; sysclk     ; sysclk   ; None                        ; None                      ; 3.076 ns                ;
; N/A                                     ; 303.95 MHz ( period = 3.290 ns )                    ; FramesyncFSM:comb_94|count[4]     ; FramesyncFSM:comb_94|count[5]                  ; sysclk     ; sysclk   ; None                        ; None                      ; 3.076 ns                ;
; N/A                                     ; 303.95 MHz ( period = 3.290 ns )                    ; FramesyncFSM:comb_94|count[4]     ; FramesyncFSM:comb_94|count[6]                  ; sysclk     ; sysclk   ; None                        ; None                      ; 3.076 ns                ;
; N/A                                     ; 303.95 MHz ( period = 3.290 ns )                    ; FramesyncFSM:comb_94|count[4]     ; FramesyncFSM:comb_94|count[7]                  ; sysclk     ; sysclk   ; None                        ; None                      ; 3.076 ns                ;
; N/A                                     ; 303.95 MHz ( period = 3.290 ns )                    ; FramesyncFSM:comb_94|count[4]     ; FramesyncFSM:comb_94|count[4]                  ; sysclk     ; sysclk   ; None                        ; None                      ; 3.076 ns                ;
; N/A                                     ; 303.95 MHz ( period = 3.290 ns )                    ; FramesyncFSM:comb_94|count[4]     ; FramesyncFSM:comb_94|count[0]                  ; sysclk     ; sysclk   ; None                        ; None                      ; 3.076 ns                ;
; N/A                                     ; 304.79 MHz ( period = 3.281 ns )                    ; FrameTrans:comb_93|StateCnt256[5] ; FrameTrans:comb_93|ScrambEn                    ; sysclk     ; sysclk   ; None                        ; None                      ; 3.067 ns                ;
; N/A                                     ; 304.79 MHz ( period = 3.281 ns )                    ; FrameTrans:comb_93|StateCnt256[6] ; FrameTrans:comb_93|ScrambEn                    ; sysclk     ; sysclk   ; None                        ; None                      ; 3.067 ns                ;
; N/A                                     ; 305.81 MHz ( period = 3.270 ns )                    ; FrameTrans:comb_93|Counter[5]     ; FrameTrans:comb_93|Counter[28]                 ; sysclk     ; sysclk   ; None                        ; None                      ; 3.054 ns                ;
; N/A                                     ; 305.81 MHz ( period = 3.270 ns )                    ; FrameTrans:comb_93|Counter[6]     ; FrameTrans:comb_93|Counter[29]                 ; sysclk     ; sysclk   ; None                        ; None                      ; 3.054 ns                ;
; N/A                                     ; 305.90 MHz ( period = 3.269 ns )                    ; FrameTrans:comb_93|Counter[3]     ; FrameTrans:comb_93|Counter[26]                 ; sysclk     ; sysclk   ; None                        ; None                      ; 3.053 ns                ;
; N/A                                     ; 308.45 MHz ( period = 3.242 ns )                    ; FrameTrans:comb_93|Counter[1]     ; FrameTrans:comb_93|Counter[23]                 ; sysclk     ; sysclk   ; None                        ; None                      ; 3.027 ns                ;
; N/A                                     ; 309.21 MHz ( period = 3.234 ns )                    ; FrameTrans:comb_93|Counter[7]     ; FrameTrans:comb_93|Counter[30]                 ; sysclk     ; sysclk   ; None                        ; None                      ; 3.018 ns                ;
; N/A                                     ; 309.60 MHz ( period = 3.230 ns )                    ; FrameTrans:comb_93|Counter[4]     ; FrameTrans:comb_93|Counter[27]                 ; sysclk     ; sysclk   ; None                        ; None                      ; 3.014 ns                ;
; N/A                                     ; 309.79 MHz ( period = 3.228 ns )                    ; FramesyncFSM:comb_94|DataOutEn    ; FrameDataCheck:comb_95|SyncDataInEnTmp         ; sysclk     ; sysclk   ; None                        ; None                      ; 1.408 ns                ;
; N/A                                     ; 311.82 MHz ( period = 3.207 ns )                    ; FrameTrans:comb_93|Counter[8]     ; FrameTrans:comb_93|Clk_10ms                    ; sysclk     ; sysclk   ; None                        ; None                      ; 2.725 ns                ;
; N/A                                     ; 312.60 MHz ( period = 3.199 ns )                    ; FrameTrans:comb_93|Counter[6]     ; FrameTrans:comb_93|Counter[28]                 ; sysclk     ; sysclk   ; None                        ; None                      ; 2.983 ns                ;
; N/A                                     ; 312.60 MHz ( period = 3.199 ns )                    ; FrameTrans:comb_93|Counter[5]     ; FrameTrans:comb_93|Counter[27]                 ; sysclk     ; sysclk   ; None                        ; None                      ; 2.983 ns                ;
; N/A                                     ; 312.70 MHz ( period = 3.198 ns )                    ; FrameTrans:comb_93|Counter[3]     ; FrameTrans:comb_93|Counter[25]                 ; sysclk     ; sysclk   ; None                        ; None                      ; 2.982 ns                ;
; N/A                                     ; 313.28 MHz ( period = 3.192 ns )                    ; FramesyncFSM:comb_94|count[5]     ; FramesyncFSM:comb_94|DataOutEn                 ; sysclk     ; sysclk   ; None                        ; None                      ; 1.382 ns                ;
; N/A                                     ; 314.37 MHz ( period = 3.181 ns )                    ; FrameTrans:comb_93|Counter[8]     ; FrameTrans:comb_93|Counter[31]                 ; sysclk     ; sysclk   ; None                        ; None                      ; 2.965 ns                ;
; N/A                                     ; 315.36 MHz ( period = 3.171 ns )                    ; FrameTrans:comb_93|Counter[1]     ; FrameTrans:comb_93|Counter[22]                 ; sysclk     ; sysclk   ; None                        ; None                      ; 2.956 ns                ;
; N/A                                     ; 315.36 MHz ( period = 3.171 ns )                    ; FrameTrans:comb_93|Counter[2]     ; FrameTrans:comb_93|Counter[23]                 ; sysclk     ; sysclk   ; None                        ; None                      ; 2.956 ns                ;
; N/A                                     ; 316.16 MHz ( period = 3.163 ns )                    ; FrameTrans:comb_93|Counter[7]     ; FrameTrans:comb_93|Counter[29]                 ; sysclk     ; sysclk   ; None                        ; None                      ; 2.947 ns                ;
; N/A                                     ; 316.56 MHz ( period = 3.159 ns )                    ; FrameTrans:comb_93|Counter[4]     ; FrameTrans:comb_93|Counter[26]                 ; sysclk     ; sysclk   ; None                        ; None                      ; 2.943 ns                ;
; N/A                                     ; 316.76 MHz ( period = 3.157 ns )                    ; FramesyncFSM:comb_94|count[0]     ; FramesyncFSM:comb_94|count[3]                  ; sysclk     ; sysclk   ; None                        ; None                      ; 2.943 ns                ;
; N/A                                     ; 316.76 MHz ( period = 3.157 ns )                    ; FramesyncFSM:comb_94|count[0]     ; FramesyncFSM:comb_94|count[2]                  ; sysclk     ; sysclk   ; None                        ; None                      ; 2.943 ns                ;
; N/A                                     ; 316.76 MHz ( period = 3.157 ns )                    ; FramesyncFSM:comb_94|count[0]     ; FramesyncFSM:comb_94|count[1]                  ; sysclk     ; sysclk   ; None                        ; None                      ; 2.943 ns                ;
; N/A                                     ; 316.76 MHz ( period = 3.157 ns )                    ; FramesyncFSM:comb_94|count[0]     ; FramesyncFSM:comb_94|count[5]                  ; sysclk     ; sysclk   ; None                        ; None                      ; 2.943 ns                ;
; N/A                                     ; 316.76 MHz ( period = 3.157 ns )                    ; FramesyncFSM:comb_94|count[0]     ; FramesyncFSM:comb_94|count[6]                  ; sysclk     ; sysclk   ; None                        ; None                      ; 2.943 ns                ;
; N/A                                     ; 316.76 MHz ( period = 3.157 ns )                    ; FramesyncFSM:comb_94|count[0]     ; FramesyncFSM:comb_94|count[7]                  ; sysclk     ; sysclk   ; None                        ; None                      ; 2.943 ns                ;
; N/A                                     ; 316.76 MHz ( period = 3.157 ns )                    ; FramesyncFSM:comb_94|count[0]     ; FramesyncFSM:comb_94|count[4]                  ; sysclk     ; sysclk   ; None                        ; None                      ; 2.943 ns                ;
; N/A                                     ; 316.76 MHz ( period = 3.157 ns )                    ; FramesyncFSM:comb_94|count[0]     ; FramesyncFSM:comb_94|count[0]                  ; sysclk     ; sysclk   ; None                        ; None                      ; 2.943 ns                ;
; N/A                                     ; 318.98 MHz ( period = 3.135 ns )                    ; FrameTrans:comb_93|Counter[0]     ; FrameTrans:comb_93|Counter[23]                 ; sysclk     ; sysclk   ; None                        ; None                      ; 2.919 ns                ;
; N/A                                     ; 319.69 MHz ( period = 3.128 ns )                    ; FrameTrans:comb_93|Counter[5]     ; FrameTrans:comb_93|Counter[26]                 ; sysclk     ; sysclk   ; None                        ; None                      ; 2.912 ns                ;
; N/A                                     ; 319.69 MHz ( period = 3.128 ns )                    ; FrameTrans:comb_93|Counter[6]     ; FrameTrans:comb_93|Counter[27]                 ; sysclk     ; sysclk   ; None                        ; None                      ; 2.912 ns                ;
; N/A                                     ; 319.69 MHz ( period = 3.128 ns )                    ; FramesyncFSM:comb_94|count[6]     ; FramesyncFSM:comb_94|DataOutEn                 ; sysclk     ; sysclk   ; None                        ; None                      ; 1.350 ns                ;
; N/A                                     ; 319.80 MHz ( period = 3.127 ns )                    ; FrameTrans:comb_93|Counter[3]     ; FrameTrans:comb_93|Counter[24]                 ; sysclk     ; sysclk   ; None                        ; None                      ; 2.911 ns                ;
; N/A                                     ; 320.51 MHz ( period = 3.120 ns )                    ; FramesyncFSM:comb_94|count[0]     ; FramesyncFSM:comb_94|DataOut                   ; sysclk     ; sysclk   ; None                        ; None                      ; 1.346 ns                ;
; N/A                                     ; 321.44 MHz ( period = 3.111 ns )                    ; FrameTrans:comb_93|Counter[11]    ; FrameTrans:comb_93|Counter[2]                  ; sysclk     ; sysclk   ; None                        ; None                      ; 2.896 ns                ;
; N/A                                     ; 321.54 MHz ( period = 3.110 ns )                    ; FrameTrans:comb_93|Counter[11]    ; FrameTrans:comb_93|Counter[1]                  ; sysclk     ; sysclk   ; None                        ; None                      ; 2.895 ns                ;
; N/A                                     ; 321.54 MHz ( period = 3.110 ns )                    ; FrameTrans:comb_93|Counter[8]     ; FrameTrans:comb_93|Counter[30]                 ; sysclk     ; sysclk   ; None                        ; None                      ; 2.894 ns                ;
; N/A                                     ; 322.58 MHz ( period = 3.100 ns )                    ; FrameTrans:comb_93|Counter[1]     ; FrameTrans:comb_93|Counter[21]                 ; sysclk     ; sysclk   ; None                        ; None                      ; 2.885 ns                ;
; N/A                                     ; 322.58 MHz ( period = 3.100 ns )                    ; FrameTrans:comb_93|Counter[2]     ; FrameTrans:comb_93|Counter[22]                 ; sysclk     ; sysclk   ; None                        ; None                      ; 2.885 ns                ;
; N/A                                     ; 323.42 MHz ( period = 3.092 ns )                    ; FrameTrans:comb_93|Counter[7]     ; FrameTrans:comb_93|Counter[28]                 ; sysclk     ; sysclk   ; None                        ; None                      ; 2.876 ns                ;
; N/A                                     ; 323.83 MHz ( period = 3.088 ns )                    ; FrameTrans:comb_93|Counter[4]     ; FrameTrans:comb_93|Counter[25]                 ; sysclk     ; sysclk   ; None                        ; None                      ; 2.872 ns                ;
; N/A                                     ; 323.94 MHz ( period = 3.087 ns )                    ; FrameTrans:comb_93|StateCnt256[7] ; FrameTrans:comb_93|StateCnt256[5]              ; sysclk     ; sysclk   ; None                        ; None                      ; 2.873 ns                ;
; N/A                                     ; 323.94 MHz ( period = 3.087 ns )                    ; FrameTrans:comb_93|StateCnt256[7] ; FrameTrans:comb_93|StateCnt256[6]              ; sysclk     ; sysclk   ; None                        ; None                      ; 2.873 ns                ;
; N/A                                     ; 323.94 MHz ( period = 3.087 ns )                    ; FrameTrans:comb_93|StateCnt256[7] ; FrameTrans:comb_93|StateCnt256[7]              ; sysclk     ; sysclk   ; None                        ; None                      ; 2.873 ns                ;
; N/A                                     ; 323.94 MHz ( period = 3.087 ns )                    ; FrameTrans:comb_93|StateCnt256[7] ; FrameTrans:comb_93|StateCnt256[3]              ; sysclk     ; sysclk   ; None                        ; None                      ; 2.873 ns                ;
; N/A                                     ; 323.94 MHz ( period = 3.087 ns )                    ; FrameTrans:comb_93|StateCnt256[7] ; FrameTrans:comb_93|StateCnt256[2]              ; sysclk     ; sysclk   ; None                        ; None                      ; 2.873 ns                ;
; N/A                                     ; 323.94 MHz ( period = 3.087 ns )                    ; FrameTrans:comb_93|StateCnt256[7] ; FrameTrans:comb_93|StateCnt256[1]              ; sysclk     ; sysclk   ; None                        ; None                      ; 2.873 ns                ;
; N/A                                     ; 323.94 MHz ( period = 3.087 ns )                    ; FrameTrans:comb_93|StateCnt256[7] ; FrameTrans:comb_93|StateCnt256[0]              ; sysclk     ; sysclk   ; None                        ; None                      ; 2.873 ns                ;
; N/A                                     ; 323.94 MHz ( period = 3.087 ns )                    ; FrameTrans:comb_93|StateCnt256[7] ; FrameTrans:comb_93|StateCnt256[4]              ; sysclk     ; sysclk   ; None                        ; None                      ; 2.873 ns                ;
; N/A                                     ; 324.15 MHz ( period = 3.085 ns )                    ; FrameTrans:comb_93|Counter[7]     ; FrameTrans:comb_93|Clk_10ms                    ; sysclk     ; sysclk   ; None                        ; None                      ; 2.603 ns                ;
; N/A                                     ; 324.25 MHz ( period = 3.084 ns )                    ; FrameTrans:comb_93|Counter[21]    ; FrameTrans:comb_93|Counter[2]                  ; sysclk     ; sysclk   ; None                        ; None                      ; 2.871 ns                ;
; N/A                                     ; 324.36 MHz ( period = 3.083 ns )                    ; FrameTrans:comb_93|Counter[21]    ; FrameTrans:comb_93|Counter[1]                  ; sysclk     ; sysclk   ; None                        ; None                      ; 2.870 ns                ;
; N/A                                     ; 325.73 MHz ( period = 3.070 ns )                    ; FrameTrans:comb_93|Counter[9]     ; FrameTrans:comb_93|Counter[31]                 ; sysclk     ; sysclk   ; None                        ; None                      ; 2.854 ns                ;
; N/A                                     ; 326.05 MHz ( period = 3.067 ns )                    ; FrameTrans:comb_93|Counter[21]    ; FrameTrans:comb_93|Clk_10ms                    ; sysclk     ; sysclk   ; None                        ; None                      ; 2.587 ns                ;
; N/A                                     ; 326.37 MHz ( period = 3.064 ns )                    ; FrameTrans:comb_93|Counter[0]     ; FrameTrans:comb_93|Counter[22]                 ; sysclk     ; sysclk   ; None                        ; None                      ; 2.848 ns                ;
; N/A                                     ; 327.12 MHz ( period = 3.057 ns )                    ; FrameTrans:comb_93|Counter[5]     ; FrameTrans:comb_93|Counter[25]                 ; sysclk     ; sysclk   ; None                        ; None                      ; 2.841 ns                ;
; N/A                                     ; 327.12 MHz ( period = 3.057 ns )                    ; FrameTrans:comb_93|Counter[6]     ; FrameTrans:comb_93|Counter[26]                 ; sysclk     ; sysclk   ; None                        ; None                      ; 2.841 ns                ;
; N/A                                     ; 327.44 MHz ( period = 3.054 ns )                    ; FrameTrans:comb_93|Counter[9]     ; FrameTrans:comb_93|Counter[2]                  ; sysclk     ; sysclk   ; None                        ; None                      ; 2.839 ns                ;
; N/A                                     ; 327.55 MHz ( period = 3.053 ns )                    ; FrameTrans:comb_93|Counter[9]     ; FrameTrans:comb_93|Counter[1]                  ; sysclk     ; sysclk   ; None                        ; None                      ; 2.838 ns                ;
; N/A                                     ; 328.08 MHz ( period = 3.048 ns )                    ; FrameTrans:comb_93|Counter[22]    ; FrameTrans:comb_93|Counter[2]                  ; sysclk     ; sysclk   ; None                        ; None                      ; 2.835 ns                ;
; N/A                                     ; 328.19 MHz ( period = 3.047 ns )                    ; FrameTrans:comb_93|Counter[22]    ; FrameTrans:comb_93|Counter[1]                  ; sysclk     ; sysclk   ; None                        ; None                      ; 2.834 ns                ;
; Timing analysis restricted to 200 rows. ; To change the limit use Settings (Assignments menu) ;                                   ;                                                ;            ;          ;                             ;                           ;                         ;
+-----------------------------------------+-----------------------------------------------------+-----------------------------------+------------------------------------------------+------------+----------+-----------------------------+---------------------------+-------------------------+


+------------------------------------------------------------------------------------------------------------------------------------------------------------------------------------------+
; Clock Setup: 'KEY[0]'                                                                                                                                                                    ;
+-------+------------------------------------------------+----------+----------+------------+----------+-----------------------------+---------------------------+-------------------------+
; Slack ; Actual fmax (period)                           ; From     ; To       ; From Clock ; To Clock ; Required Setup Relationship ; Required Longest P2P Time ; Actual Longest P2P Time ;
+-------+------------------------------------------------+----------+----------+------------+----------+-----------------------------+---------------------------+-------------------------+
; N/A   ; Restricted to 450.05 MHz ( period = 2.222 ns ) ; model[0] ; model[1] ; KEY[0]     ; KEY[0]   ; None                        ; None                      ; 0.554 ns                ;
; N/A   ; Restricted to 450.05 MHz ( period = 2.222 ns ) ; model[0] ; model[0] ; KEY[0]     ; KEY[0]   ; None                        ; None                      ; 0.407 ns                ;
; N/A   ; Restricted to 450.05 MHz ( period = 2.222 ns ) ; model[1] ; model[1] ; KEY[0]     ; KEY[0]   ; None                        ; None                      ; 0.407 ns                ;
+-------+------------------------------------------------+----------+----------+------------+----------+-----------------------------+---------------------------+-------------------------+


+-------------------------------------------------------------------------------------------+
; tsu                                                                                       ;
+-------+--------------+------------+--------+-----------------------------------+----------+
; Slack ; Required tsu ; Actual tsu ; From   ; To                                ; To Clock ;
+-------+--------------+------------+--------+-----------------------------------+----------+
; N/A   ; None         ; 2.127 ns   ; KEY[2] ; FramesyncFSM:comb_94|RecCount[0]  ; sysclk   ;
; N/A   ; None         ; 2.048 ns   ; KEY[2] ; FramesyncFSM:comb_94|MissCount[1] ; sysclk   ;
; N/A   ; None         ; 2.048 ns   ; KEY[2] ; FramesyncFSM:comb_94|MissCount[0] ; sysclk   ;
; N/A   ; None         ; 1.961 ns   ; KEY[2] ; FramesyncFSM:comb_94|State[1]     ; sysclk   ;
; N/A   ; None         ; 1.961 ns   ; KEY[2] ; FramesyncFSM:comb_94|State[0]     ; sysclk   ;
; N/A   ; None         ; 1.932 ns   ; KEY[2] ; FramesyncFSM:comb_94|count[3]     ; sysclk   ;
; N/A   ; None         ; 1.932 ns   ; KEY[2] ; FramesyncFSM:comb_94|count[2]     ; sysclk   ;
; N/A   ; None         ; 1.932 ns   ; KEY[2] ; FramesyncFSM:comb_94|count[1]     ; sysclk   ;
; N/A   ; None         ; 1.932 ns   ; KEY[2] ; FramesyncFSM:comb_94|count[5]     ; sysclk   ;
; N/A   ; None         ; 1.932 ns   ; KEY[2] ; FramesyncFSM:comb_94|count[6]     ; sysclk   ;
; N/A   ; None         ; 1.932 ns   ; KEY[2] ; FramesyncFSM:comb_94|count[7]     ; sysclk   ;
; N/A   ; None         ; 1.932 ns   ; KEY[2] ; FramesyncFSM:comb_94|count[4]     ; sysclk   ;
; N/A   ; None         ; 1.932 ns   ; KEY[2] ; FramesyncFSM:comb_94|count[0]     ; sysclk   ;
+-------+--------------+------------+--------+-----------------------------------+----------+


+---------------------------------------------------------------------------------------------+
; tco                                                                                         ;
+-------+--------------+------------+----------------------------------+---------+------------+
; Slack ; Required tco ; Actual tco ; From                             ; To      ; From Clock ;
+-------+--------------+------------+----------------------------------+---------+------------+
; N/A   ; None         ; 12.124 ns  ; led2                             ; LED[16] ; sysclk     ;
; N/A   ; None         ; 11.812 ns  ; led                              ; LED[17] ; sysclk     ;
; N/A   ; None         ; 10.990 ns  ; led3                             ; LED[15] ; sysclk     ;
; N/A   ; None         ; 10.573 ns  ; model[0]                         ; LED[0]  ; KEY[0]     ;
; N/A   ; None         ; 9.830 ns   ; FramesyncFSM:comb_94|State[0]    ; LED[4]  ; sysclk     ;
; N/A   ; None         ; 9.809 ns   ; FramesyncFSM:comb_94|State[1]    ; LED[5]  ; sysclk     ;
; N/A   ; None         ; 9.754 ns   ; FramesyncFSM:comb_94|DataOutEn   ; LED[3]  ; sysclk     ;
; N/A   ; None         ; 9.508 ns   ; FrameDataCheck:comb_95|DataWrong ; LED[2]  ; sysclk     ;
; N/A   ; None         ; 8.992 ns   ; model[1]                         ; LED[1]  ; KEY[0]     ;
+-------+--------------+------------+----------------------------------+---------+------------+


+-------------------------------------------------------------------------------------------------+
; th                                                                                              ;
+---------------+-------------+-----------+--------+-----------------------------------+----------+
; Minimum Slack ; Required th ; Actual th ; From   ; To                                ; To Clock ;
+---------------+-------------+-----------+--------+-----------------------------------+----------+
; N/A           ; None        ; -1.702 ns ; KEY[2] ; FramesyncFSM:comb_94|count[3]     ; sysclk   ;
; N/A           ; None        ; -1.702 ns ; KEY[2] ; FramesyncFSM:comb_94|count[2]     ; sysclk   ;
; N/A           ; None        ; -1.702 ns ; KEY[2] ; FramesyncFSM:comb_94|count[1]     ; sysclk   ;
; N/A           ; None        ; -1.702 ns ; KEY[2] ; FramesyncFSM:comb_94|count[5]     ; sysclk   ;
; N/A           ; None        ; -1.702 ns ; KEY[2] ; FramesyncFSM:comb_94|count[6]     ; sysclk   ;
; N/A           ; None        ; -1.702 ns ; KEY[2] ; FramesyncFSM:comb_94|count[7]     ; sysclk   ;
; N/A           ; None        ; -1.702 ns ; KEY[2] ; FramesyncFSM:comb_94|count[4]     ; sysclk   ;
; N/A           ; None        ; -1.702 ns ; KEY[2] ; FramesyncFSM:comb_94|count[0]     ; sysclk   ;
; N/A           ; None        ; -1.731 ns ; KEY[2] ; FramesyncFSM:comb_94|State[1]     ; sysclk   ;
; N/A           ; None        ; -1.731 ns ; KEY[2] ; FramesyncFSM:comb_94|State[0]     ; sysclk   ;
; N/A           ; None        ; -1.818 ns ; KEY[2] ; FramesyncFSM:comb_94|MissCount[1] ; sysclk   ;
; N/A           ; None        ; -1.818 ns ; KEY[2] ; FramesyncFSM:comb_94|MissCount[0] ; sysclk   ;
; N/A           ; None        ; -1.897 ns ; KEY[2] ; FramesyncFSM:comb_94|RecCount[0]  ; sysclk   ;
+---------------+-------------+-----------+--------+-----------------------------------+----------+


+--------------------------+
; Timing Analyzer Messages ;
+--------------------------+
Info: *******************************************************************
Info: Running Quartus II Classic Timing Analyzer
    Info: Version 7.2 Build 151 09/26/2007 SJ Web Edition
    Info: Processing started: Thu Jun 05 15:44:06 2014
Info: Command: quartus_tan --read_settings_files=off --write_settings_files=off main -c main --timing_analysis_only
Warning: Found pins functioning as undefined clocks and/or memory enables
    Info: Assuming node "sysclk" is an undefined clock
    Info: Assuming node "KEY[1]" is an undefined clock
    Info: Assuming node "KEY[0]" is an undefined clock
Warning: Found 4 node(s) in clock paths which may be acting as ripple and/or gated clocks -- node(s) analyzed as buffer(s) resulting in clock skew
    Info: Detected ripple clock "FrameTrans:comb_93|DataIn" as buffer
    Info: Detected ripple clock "FramesyncFSM:comb_94|inter" as buffer
    Info: Detected ripple clock "FramesyncFSM:comb_94|Probe:u0|S" as buffer
    Info: Detected ripple clock "FrameTrans:comb_93|Clk_10ms" as buffer
Info: Clock "sysclk" has Internal fmax of 145.31 MHz between source register "FramesyncFSM:comb_94|Probe:u0|S" and destination register "FramesyncFSM:comb_94|State[1]" (period= 6.882 ns)
    Info: + Longest register to register delay is 3.180 ns
        Info: 1: + IC(0.000 ns) + CELL(0.000 ns) = 0.000 ns; Loc. = LCFF_X55_Y4_N31; Fanout = 10; REG Node = 'FramesyncFSM:comb_94|Probe:u0|S'
        Info: 2: + IC(0.496 ns) + CELL(0.275 ns) = 0.771 ns; Loc. = LCCOMB_X55_Y4_N4; Fanout = 1; COMB Node = 'FramesyncFSM:comb_94|State[1]~391'
        Info: 3: + IC(0.683 ns) + CELL(0.420 ns) = 1.874 ns; Loc. = LCCOMB_X55_Y4_N6; Fanout = 1; COMB Node = 'FramesyncFSM:comb_94|State[1]~393'
        Info: 4: + IC(0.242 ns) + CELL(0.149 ns) = 2.265 ns; Loc. = LCCOMB_X55_Y4_N8; Fanout = 2; COMB Node = 'FramesyncFSM:comb_94|State[1]~394'
        Info: 5: + IC(0.255 ns) + CELL(0.660 ns) = 3.180 ns; Loc. = LCFF_X55_Y4_N25; Fanout = 9; REG Node = 'FramesyncFSM:comb_94|State[1]'
        Info: Total cell delay = 1.504 ns ( 47.30 % )
        Info: Total interconnect delay = 1.676 ns ( 52.70 % )
    Info: - Smallest clock skew is -0.047 ns
        Info: + Shortest clock path from clock "sysclk" to destination register is 5.574 ns
            Info: 1: + IC(0.000 ns) + CELL(0.999 ns) = 0.999 ns; Loc. = PIN_N2; Fanout = 2; CLK Node = 'sysclk'
            Info: 2: + IC(0.889 ns) + CELL(0.787 ns) = 2.675 ns; Loc. = LCFF_X9_Y18_N5; Fanout = 5; REG Node = 'FrameTrans:comb_93|Clk_10ms'
            Info: 3: + IC(1.326 ns) + CELL(0.000 ns) = 4.001 ns; Loc. = CLKCTRL_G3; Fanout = 68; COMB Node = 'FrameTrans:comb_93|Clk_10ms~clkctrl'
            Info: 4: + IC(1.036 ns) + CELL(0.537 ns) = 5.574 ns; Loc. = LCFF_X55_Y4_N25; Fanout = 9; REG Node = 'FramesyncFSM:comb_94|State[1]'
            Info: Total cell delay = 2.323 ns ( 41.68 % )
            Info: Total interconnect delay = 3.251 ns ( 58.32 % )
        Info: - Longest clock path from clock "sysclk" to source register is 5.621 ns
            Info: 1: + IC(0.000 ns) + CELL(0.999 ns) = 0.999 ns; Loc. = PIN_N2; Fanout = 2; CLK Node = 'sysclk'
            Info: 2: + IC(0.889 ns) + CELL(0.787 ns) = 2.675 ns; Loc. = LCFF_X9_Y18_N5; Fanout = 5; REG Node = 'FrameTrans:comb_93|Clk_10ms'
            Info: 3: + IC(2.409 ns) + CELL(0.537 ns) = 5.621 ns; Loc. = LCFF_X55_Y4_N31; Fanout = 10; REG Node = 'FramesyncFSM:comb_94|Probe:u0|S'
            Info: Total cell delay = 2.323 ns ( 41.33 % )
            Info: Total interconnect delay = 3.298 ns ( 58.67 % )
    Info: + Micro clock to output delay of source is 0.250 ns
    Info: + Micro setup delay of destination is -0.036 ns
    Info: Delay path is controlled by inverted clocks -- if clock duty cycle is 50%, fmax is divided by two
Info: No valid register-to-register data paths exist for clock "KEY[1]"
Info: Clock "KEY[0]" Internal fmax is restricted to 450.05 MHz between source register "model[0]" and destination register "model[1]"
    Info: fmax restricted to clock pin edge rate 2.222 ns. Expand message to see actual delay path.
        Info: + Longest register to register delay is 0.554 ns
            Info: 1: + IC(0.000 ns) + CELL(0.000 ns) = 0.000 ns; Loc. = LCFF_X35_Y22_N3; Fanout = 4; REG Node = 'model[0]'
            Info: 2: + IC(0.320 ns) + CELL(0.150 ns) = 0.470 ns; Loc. = LCCOMB_X35_Y22_N8; Fanout = 1; COMB Node = 'model[1]~6'
            Info: 3: + IC(0.000 ns) + CELL(0.084 ns) = 0.554 ns; Loc. = LCFF_X35_Y22_N9; Fanout = 3; REG Node = 'model[1]'
            Info: Total cell delay = 0.234 ns ( 42.24 % )
            Info: Total interconnect delay = 0.320 ns ( 57.76 % )
        Info: - Smallest clock skew is 0.000 ns
            Info: + Shortest clock path from clock "KEY[0]" to destination register is 3.456 ns
                Info: 1: + IC(0.000 ns) + CELL(0.862 ns) = 0.862 ns; Loc. = PIN_G26; Fanout = 2; CLK Node = 'KEY[0]'
                Info: 2: + IC(2.057 ns) + CELL(0.537 ns) = 3.456 ns; Loc. = LCFF_X35_Y22_N9; Fanout = 3; REG Node = 'model[1]'
                Info: Total cell delay = 1.399 ns ( 40.48 % )
                Info: Total interconnect delay = 2.057 ns ( 59.52 % )
            Info: - Longest clock path from clock "KEY[0]" to source register is 3.456 ns
                Info: 1: + IC(0.000 ns) + CELL(0.862 ns) = 0.862 ns; Loc. = PIN_G26; Fanout = 2; CLK Node = 'KEY[0]'
                Info: 2: + IC(2.057 ns) + CELL(0.537 ns) = 3.456 ns; Loc. = LCFF_X35_Y22_N3; Fanout = 4; REG Node = 'model[0]'
                Info: Total cell delay = 1.399 ns ( 40.48 % )
                Info: Total interconnect delay = 2.057 ns ( 59.52 % )
        Info: + Micro clock to output delay of source is 0.250 ns
        Info: + Micro setup delay of destination is -0.036 ns
Info: tsu for register "FramesyncFSM:comb_94|RecCount[0]" (data pin = "KEY[2]", clock pin = "sysclk") is 2.127 ns
    Info: + Longest pin to register delay is 7.738 ns
        Info: 1: + IC(0.000 ns) + CELL(0.842 ns) = 0.842 ns; Loc. = PIN_P23; Fanout = 5; PIN Node = 'KEY[2]'
        Info: 2: + IC(5.539 ns) + CELL(0.275 ns) = 6.656 ns; Loc. = LCCOMB_X55_Y4_N18; Fanout = 1; COMB Node = 'FramesyncFSM:comb_94|RecCount[1]~131'
        Info: 3: + IC(0.422 ns) + CELL(0.660 ns) = 7.738 ns; Loc. = LCFF_X56_Y4_N15; Fanout = 3; REG Node = 'FramesyncFSM:comb_94|RecCount[0]'
        Info: Total cell delay = 1.777 ns ( 22.96 % )
        Info: Total interconnect delay = 5.961 ns ( 77.04 % )
    Info: + Micro setup delay of destination is -0.036 ns
    Info: - Shortest clock path from clock "sysclk" to destination register is 5.575 ns
        Info: 1: + IC(0.000 ns) + CELL(0.999 ns) = 0.999 ns; Loc. = PIN_N2; Fanout = 2; CLK Node = 'sysclk'
        Info: 2: + IC(0.889 ns) + CELL(0.787 ns) = 2.675 ns; Loc. = LCFF_X9_Y18_N5; Fanout = 5; REG Node = 'FrameTrans:comb_93|Clk_10ms'
        Info: 3: + IC(1.326 ns) + CELL(0.000 ns) = 4.001 ns; Loc. = CLKCTRL_G3; Fanout = 68; COMB Node = 'FrameTrans:comb_93|Clk_10ms~clkctrl'
        Info: 4: + IC(1.037 ns) + CELL(0.537 ns) = 5.575 ns; Loc. = LCFF_X56_Y4_N15; Fanout = 3; REG Node = 'FramesyncFSM:comb_94|RecCount[0]'
        Info: Total cell delay = 2.323 ns ( 41.67 % )
        Info: Total interconnect delay = 3.252 ns ( 58.33 % )
Info: tco from clock "sysclk" to destination pin "LED[16]" through register "led2" is 12.124 ns
    Info: + Longest clock path from clock "sysclk" to source register is 6.843 ns
        Info: 1: + IC(0.000 ns) + CELL(0.999 ns) = 0.999 ns; Loc. = PIN_N2; Fanout = 2; CLK Node = 'sysclk'
        Info: 2: + IC(0.889 ns) + CELL(0.787 ns) = 2.675 ns; Loc. = LCFF_X9_Y18_N5; Fanout = 5; REG Node = 'FrameTrans:comb_93|Clk_10ms'
        Info: 3: + IC(2.409 ns) + CELL(0.787 ns) = 5.871 ns; Loc. = LCFF_X55_Y4_N31; Fanout = 10; REG Node = 'FramesyncFSM:comb_94|Probe:u0|S'
        Info: 4: + IC(0.435 ns) + CELL(0.537 ns) = 6.843 ns; Loc. = LCFF_X56_Y4_N1; Fanout = 2; REG Node = 'led2'
        Info: Total cell delay = 3.110 ns ( 45.45 % )
        Info: Total interconnect delay = 3.733 ns ( 54.55 % )
    Info: + Micro clock to output delay of source is 0.250 ns
    Info: + Longest register to pin delay is 5.031 ns
        Info: 1: + IC(0.000 ns) + CELL(0.000 ns) = 0.000 ns; Loc. = LCFF_X56_Y4_N1; Fanout = 2; REG Node = 'led2'
        Info: 2: + IC(2.233 ns) + CELL(2.798 ns) = 5.031 ns; Loc. = PIN_AE12; Fanout = 0; PIN Node = 'LED[16]'
        Info: Total cell delay = 2.798 ns ( 55.62 % )
        Info: Total interconnect delay = 2.233 ns ( 44.38 % )
Info: th for register "FramesyncFSM:comb_94|count[3]" (data pin = "KEY[2]", clock pin = "sysclk") is -1.702 ns
    Info: + Longest clock path from clock "sysclk" to destination register is 5.576 ns
        Info: 1: + IC(0.000 ns) + CELL(0.999 ns) = 0.999 ns; Loc. = PIN_N2; Fanout = 2; CLK Node = 'sysclk'
        Info: 2: + IC(0.889 ns) + CELL(0.787 ns) = 2.675 ns; Loc. = LCFF_X9_Y18_N5; Fanout = 5; REG Node = 'FrameTrans:comb_93|Clk_10ms'
        Info: 3: + IC(1.326 ns) + CELL(0.000 ns) = 4.001 ns; Loc. = CLKCTRL_G3; Fanout = 68; COMB Node = 'FrameTrans:comb_93|Clk_10ms~clkctrl'
        Info: 4: + IC(1.038 ns) + CELL(0.537 ns) = 5.576 ns; Loc. = LCFF_X58_Y4_N9; Fanout = 4; REG Node = 'FramesyncFSM:comb_94|count[3]'
        Info: Total cell delay = 2.323 ns ( 41.66 % )
        Info: Total interconnect delay = 3.253 ns ( 58.34 % )
    Info: + Micro hold delay of destination is 0.266 ns
    Info: - Shortest pin to register delay is 7.544 ns
        Info: 1: + IC(0.000 ns) + CELL(0.842 ns) = 0.842 ns; Loc. = PIN_P23; Fanout = 5; PIN Node = 'KEY[2]'
        Info: 2: + IC(5.537 ns) + CELL(0.420 ns) = 6.799 ns; Loc. = LCCOMB_X58_Y4_N24; Fanout = 8; COMB Node = 'FramesyncFSM:comb_94|count[7]~198'
        Info: 3: + IC(0.235 ns) + CELL(0.510 ns) = 7.544 ns; Loc. = LCFF_X58_Y4_N9; Fanout = 4; REG Node = 'FramesyncFSM:comb_94|count[3]'
        Info: Total cell delay = 1.772 ns ( 23.49 % )
        Info: Total interconnect delay = 5.772 ns ( 76.51 % )
Info: Quartus II Classic Timing Analyzer was successful. 0 errors, 2 warnings
    Info: Allocated 179 megabytes of memory during processing
    Info: Processing ended: Thu Jun 05 15:44:06 2014
    Info: Elapsed time: 00:00:00


