Analysis & Synthesis report for main
Thu Jun 05 15:43:55 2014
Quartus II Version 7.2 Build 151 09/26/2007 SJ Web Edition


---------------------
; Table of Contents ;
---------------------
  1. Legal Notice
  2. Analysis & Synthesis Summary
  3. Analysis & Synthesis Settings
  4. Analysis & Synthesis Source Files Read
  5. Analysis & Synthesis Resource Usage Summary
  6. Analysis & Synthesis Resource Utilization by Entity
  7. Registers Removed During Synthesis
  8. General Register Statistics
  9. Inverted Register Statistics
 10. Multiplexer Restructuring Statistics (Restructuring Performed)
 11. Parameter Settings for User Entity Instance: FrameTrans:comb_93
 12. Parameter Settings for User Entity Instance: FrameTrans:comb_93|scrambler:U1
 13. Parameter Settings for User Entity Instance: FrameDataCheck:comb_95|scrambler:U1
 14. Analysis & Synthesis Messages
 15. Analysis & Synthesis Suppressed Messages



----------------
; Legal Notice ;
----------------
Copyright (C) 1991-2007 Altera Corporation
Your use of Altera Corporation's design tools, logic functions 
and other software and tools, and its AMPP partner logic 
functions, and any output files from any of the foregoing 
(including device programming or simulation files), and any 
associated documentation or information are expressly subject 
to the terms and conditions of the Altera Program License 
Subscription Agreement, Altera MegaCore Function License 
Agreement, or other applicable license agreement, including, 
without limitation, that your use is for the sole purpose of 
programming logic devices manufactured by Altera and sold by 
Altera or its authorized distributors.  Please refer to the 
applicable agreement for further details.



+------------------------------------------------------------------------------+
; Analysis & Synthesis Summary                                                 ;
+------------------------------------+-----------------------------------------+
; Analysis & Synthesis Status        ; Successful - Thu Jun 05 15:43:55 2014   ;
; Quartus II Version                 ; 7.2 Build 151 09/26/2007 SJ Web Edition ;
; Revision Name                      ; main                                    ;
; Top-level Entity Name              ; main                                    ;
; Family                             ; Cyclone II                              ;
; Total logic elements               ; 146                                     ;
;     Total combinational functions  ; 146                                     ;
;     Dedicated logic registers      ; 111                                     ;
; Total registers                    ; 111                                     ;
; Total pins                         ; 97                                      ;
; Total virtual pins                 ; 0                                       ;
; Total memory bits                  ; 0                                       ;
; Embedded Multiplier 9-bit elements ; 0                                       ;
; Total PLLs                         ; 0                                       ;
+------------------------------------+-----------------------------------------+


+--------------------------------------------------------------------------------------------------------------------------+
; Analysis & Synthesis Settings                                                                                            ;
+--------------------------------------------------------------------------------+--------------------+--------------------+
; Option                                                                         ; Setting            ; Default Value      ;
+--------------------------------------------------------------------------------+--------------------+--------------------+
; Device                                                                         ; EP2C35F672C6       ;                    ;
; Top-level entity name                                                          ; main               ; main               ;
; Family name                                                                    ; Cyclone II         ; Stratix II         ;
; Use Generated Physical Constraints File                                        ; Off                ;                    ;
; Use smart compilation                                                          ; Off                ; Off                ;
; Maximum processors allowed for parallel compilation                            ; 1                  ; 1                  ;
; Restructure Multiplexers                                                       ; Auto               ; Auto               ;
; Create Debugging Nodes for IP Cores                                            ; Off                ; Off                ;
; Preserve fewer node names                                                      ; On                 ; On                 ;
; Disable OpenCore Plus hardware evaluation                                      ; Off                ; Off                ;
; Verilog Version                                                                ; Verilog_2001       ; Verilog_2001       ;
; VHDL Version                                                                   ; VHDL93             ; VHDL93             ;
; State Machine Processing                                                       ; Auto               ; Auto               ;
; Safe State Machine                                                             ; Off                ; Off                ;
; Extract Verilog State Machines                                                 ; On                 ; On                 ;
; Extract VHDL State Machines                                                    ; On                 ; On                 ;
; Ignore Verilog initial constructs                                              ; Off                ; Off                ;
; Add Pass-Through Logic to Inferred RAMs                                        ; On                 ; On                 ;
; Parallel Synthesis                                                             ; Off                ; Off                ;
; DSP Block Balancing                                                            ; Auto               ; Auto               ;
; NOT Gate Push-Back                                                             ; On                 ; On                 ;
; Power-Up Don't Care                                                            ; On                 ; On                 ;
; Remove Redundant Logic Cells                                                   ; Off                ; Off                ;
; Remove Duplicate Registers                                                     ; On                 ; On                 ;
; Ignore CARRY Buffers                                                           ; Off                ; Off                ;
; Ignore CASCADE Buffers                                                         ; Off                ; Off                ;
; Ignore GLOBAL Buffers                                                          ; Off                ; Off                ;
; Ignore ROW GLOBAL Buffers                                                      ; Off                ; Off                ;
; Ignore LCELL Buffers                                                           ; Off                ; Off                ;
; Ignore SOFT Buffers                                                            ; On                 ; On                 ;
; Limit AHDL Integers to 32 Bits                                                 ; Off                ; Off                ;
; Optimization Technique -- Cyclone II/Cyclone III                               ; Balanced           ; Balanced           ;
; Carry Chain Length -- Stratix/Stratix GX/Cyclone/MAX II/Cyclone II/Cyclone III ; 70                 ; 70                 ;
; Auto Carry Chains                                                              ; On                 ; On                 ;
; Auto Open-Drain Pins                                                           ; On                 ; On                 ;
; Perform WYSIWYG Primitive Resynthesis                                          ; Off                ; Off                ;
; Perform gate-level register retiming                                           ; Off                ; Off                ;
; Allow register retiming to trade off Tsu/Tco with Fmax                         ; On                 ; On                 ;
; Auto ROM Replacement                                                           ; On                 ; On                 ;
; Auto RAM Replacement                                                           ; On                 ; On                 ;
; Auto Shift Register Replacement                                                ; Auto               ; Auto               ;
; Auto Clock Enable Replacement                                                  ; On                 ; On                 ;
; Allow Synchronous Control Signals                                              ; On                 ; On                 ;
; Force Use of Synchronous Clear Signals                                         ; Off                ; Off                ;
; Auto RAM to Logic Cell Conversion                                              ; Off                ; Off                ;
; Auto Resource Sharing                                                          ; Off                ; Off                ;
; Allow Any RAM Size For Recognition                                             ; Off                ; Off                ;
; Allow Any ROM Size For Recognition                                             ; Off                ; Off                ;
; Allow Any Shift Register Size For Recognition                                  ; Off                ; Off                ;
; Ignore translate_off and synthesis_off directives                              ; Off                ; Off                ;
; Show Parameter Settings Tables in Synthesis Report                             ; On                 ; On                 ;
; Ignore Maximum Fan-Out Assignments                                             ; Off                ; Off                ;
; Retiming Meta-Stability Register Sequence Length                               ; 2                  ; 2                  ;
; PowerPlay Power Optimization                                                   ; Normal compilation ; Normal compilation ;
; HDL message level                                                              ; Level2             ; Level2             ;
; Suppress Register Optimization Related Messages                                ; Off                ; Off                ;
; Number of Removed Registers Reported in Synthesis Report                       ; 100                ; 100                ;
; Clock MUX Protection                                                           ; On                 ; On                 ;
; Block Design Naming                                                            ; Auto               ; Auto               ;
+--------------------------------------------------------------------------------+--------------------+--------------------+


+--------------------------------------------------------------------------------------------------------------------------------------------+
; Analysis & Synthesis Source Files Read                                                                                                     ;
+----------------------------------+-----------------+------------------------+--------------------------------------------------------------+
; File Name with User-Entered Path ; Used in Netlist ; File Type              ; File Name with Absolute Path                                 ;
+----------------------------------+-----------------+------------------------+--------------------------------------------------------------+
; main.v                           ; yes             ; User Verilog HDL File  ; C:/Users/Jason/Documents/Github/Verilog/Ex9/main.v           ;
; scrambler.v                      ; yes             ; User Verilog HDL File  ; C:/Users/Jason/Documents/Github/Verilog/Ex9/scrambler.v      ;
; FrameDataCheck.v                 ; yes             ; User Verilog HDL File  ; C:/Users/Jason/Documents/Github/Verilog/Ex9/FrameDataCheck.v ;
; FrameTrans.v                     ; yes             ; User Verilog HDL File  ; C:/Users/Jason/Documents/Github/Verilog/Ex9/FrameTrans.v     ;
; FramesyncFSM.v                   ; yes             ; User Verilog HDL File  ; C:/Users/Jason/Documents/Github/Verilog/Ex9/FramesyncFSM.v   ;
; Probe.v                          ; yes             ; User Verilog HDL File  ; C:/Users/Jason/Documents/Github/Verilog/Ex9/Probe.v          ;
+----------------------------------+-----------------+------------------------+--------------------------------------------------------------+


+------------------------------------------------------+
; Analysis & Synthesis Resource Usage Summary          ;
+---------------------------------------------+--------+
; Resource                                    ; Usage  ;
+---------------------------------------------+--------+
; Estimated Total logic elements              ; 146    ;
;                                             ;        ;
; Total combinational functions               ; 146    ;
; Logic element usage by number of LUT inputs ;        ;
;     -- 4 input functions                    ; 39     ;
;     -- 3 input functions                    ; 28     ;
;     -- <=2 input functions                  ; 79     ;
;                                             ;        ;
; Logic elements by mode                      ;        ;
;     -- normal mode                          ; 101    ;
;     -- arithmetic mode                      ; 45     ;
;                                             ;        ;
; Total registers                             ; 111    ;
;     -- Dedicated logic registers            ; 111    ;
;     -- I/O registers                        ; 0      ;
;                                             ;        ;
; I/O pins                                    ; 97     ;
; Maximum fan-out node                        ; KEY[2] ;
; Maximum fan-out                             ; 83     ;
; Total fan-out                               ; 760    ;
; Average fan-out                             ; 2.15   ;
+---------------------------------------------+--------+


+----------------------------------------------------------------------------------------------------------------------------------------------------------------------------------------------------+
; Analysis & Synthesis Resource Utilization by Entity                                                                                                                                                ;
+-----------------------------+-------------------+--------------+-------------+--------------+---------+-----------+------+--------------+-------------------------------------------+--------------+
; Compilation Hierarchy Node  ; LC Combinationals ; LC Registers ; Memory Bits ; DSP Elements ; DSP 9x9 ; DSP 18x18 ; Pins ; Virtual Pins ; Full Hierarchy Name                       ; Library Name ;
+-----------------------------+-------------------+--------------+-------------+--------------+---------+-----------+------+--------------+-------------------------------------------+--------------+
; |main                       ; 146 (5)           ; 111 (7)      ; 0           ; 0            ; 0       ; 0         ; 97   ; 0            ; |main                                     ; work         ;
;    |FrameDataCheck:comb_95| ; 17 (1)            ; 18 (3)       ; 0           ; 0            ; 0       ; 0         ; 0    ; 0            ; |main|FrameDataCheck:comb_95              ; work         ;
;       |scrambler:U1|        ; 16 (16)           ; 15 (15)      ; 0           ; 0            ; 0       ; 0         ; 0    ; 0            ; |main|FrameDataCheck:comb_95|scrambler:U1 ; work         ;
;    |FrameTrans:comb_93|     ; 86 (70)           ; 61 (46)      ; 0           ; 0            ; 0       ; 0         ; 0    ; 0            ; |main|FrameTrans:comb_93                  ; work         ;
;       |scrambler:U1|        ; 16 (16)           ; 15 (15)      ; 0           ; 0            ; 0       ; 0         ; 0    ; 0            ; |main|FrameTrans:comb_93|scrambler:U1     ; work         ;
;    |FramesyncFSM:comb_94|   ; 38 (35)           ; 25 (17)      ; 0           ; 0            ; 0       ; 0         ; 0    ; 0            ; |main|FramesyncFSM:comb_94                ; work         ;
;       |Probe:u0|            ; 3 (3)             ; 8 (8)        ; 0           ; 0            ; 0       ; 0         ; 0    ; 0            ; |main|FramesyncFSM:comb_94|Probe:u0       ; work         ;
+-----------------------------+-------------------+--------------+-------------+--------------+---------+-----------+------+--------------+-------------------------------------------+--------------+
Note: For table entries with two numbers listed, the numbers in parentheses indicate the number of resources of the given type used by the specific entity alone. The numbers listed outside of parentheses indicate the total resources of the given type used by the specific entity and all of its sub-entities in the hierarchy.


+--------------------------------------------------------------------------------+
; Registers Removed During Synthesis                                             ;
+---------------------------------------+----------------------------------------+
; Register name                         ; Reason for Removal                     ;
+---------------------------------------+----------------------------------------+
; FramesyncFSM:comb_94|RecCount[1]      ; Stuck at GND due to stuck port data_in ;
; Total Number of Removed Registers = 1 ;                                        ;
+---------------------------------------+----------------------------------------+


+------------------------------------------------------+
; General Register Statistics                          ;
+----------------------------------------------+-------+
; Statistic                                    ; Value ;
+----------------------------------------------+-------+
; Total registers                              ; 111   ;
; Number of registers using Synchronous Clear  ; 8     ;
; Number of registers using Synchronous Load   ; 8     ;
; Number of registers using Asynchronous Clear ; 79    ;
; Number of registers using Asynchronous Load  ; 0     ;
; Number of registers using Clock Enable       ; 35    ;
; Number of registers using Preset             ; 0     ;
+----------------------------------------------+-------+


+----------------------------------------------------------+
; Inverted Register Statistics                             ;
+------------------------------------------------+---------+
; Inverted Register                              ; Fan out ;
+------------------------------------------------+---------+
; FrameDataCheck:comb_95|scrambler:U1|regarr[13] ; 3       ;
; FrameTrans:comb_93|scrambler:U1|regarr[13]     ; 3       ;
; FrameDataCheck:comb_95|scrambler:U1|regarr[10] ; 1       ;
; FrameTrans:comb_93|scrambler:U1|regarr[10]     ; 1       ;
; FrameDataCheck:comb_95|scrambler:U1|regarr[8]  ; 1       ;
; FrameTrans:comb_93|scrambler:U1|regarr[8]      ; 1       ;
; FrameDataCheck:comb_95|scrambler:U1|regarr[6]  ; 1       ;
; FrameDataCheck:comb_95|scrambler:U1|regarr[5]  ; 1       ;
; FrameTrans:comb_93|scrambler:U1|regarr[6]      ; 1       ;
; FrameTrans:comb_93|scrambler:U1|regarr[5]      ; 1       ;
; FrameDataCheck:comb_95|scrambler:U1|regarr[2]  ; 1       ;
; FrameDataCheck:comb_95|scrambler:U1|regarr[1]  ; 1       ;
; FrameTrans:comb_93|scrambler:U1|regarr[2]      ; 1       ;
; FrameTrans:comb_93|scrambler:U1|regarr[1]      ; 1       ;
; Total number of inverted registers = 14        ;         ;
+------------------------------------------------+---------+


+--------------------------------------------------------------------------------------------------------------------------------------------------------------------+
; Multiplexer Restructuring Statistics (Restructuring Performed)                                                                                                     ;
+--------------------+-----------+---------------+----------------------+------------------------+------------+------------------------------------------------------+
; Multiplexer Inputs ; Bus Width ; Baseline Area ; Area if Restructured ; Saving if Restructured ; Registered ; Example Multiplexer Output                           ;
+--------------------+-----------+---------------+----------------------+------------------------+------------+------------------------------------------------------+
; 3:1                ; 8 bits    ; 16 LEs        ; 8 LEs                ; 8 LEs                  ; Yes        ; |main|FrameTrans:comb_93|scrambler:U1|regarr[14]     ;
; 3:1                ; 8 bits    ; 16 LEs        ; 8 LEs                ; 8 LEs                  ; Yes        ; |main|FrameDataCheck:comb_95|scrambler:U1|regarr[14] ;
; 4:1                ; 8 bits    ; 16 LEs        ; 8 LEs                ; 8 LEs                  ; Yes        ; |main|FramesyncFSM:comb_94|count[7]                  ;
; 4:1                ; 8 bits    ; 16 LEs        ; 16 LEs               ; 0 LEs                  ; Yes        ; |main|FrameTrans:comb_93|StateCnt256[5]              ;
; 4:1                ; 2 bits    ; 4 LEs         ; 2 LEs                ; 2 LEs                  ; Yes        ; |main|FramesyncFSM:comb_94|MissCount[1]              ;
; 5:1                ; 2 bits    ; 6 LEs         ; 2 LEs                ; 4 LEs                  ; Yes        ; |main|FramesyncFSM:comb_94|RecCount[1]               ;
; 8:1                ; 2 bits    ; 10 LEs        ; 8 LEs                ; 2 LEs                  ; Yes        ; |main|FramesyncFSM:comb_94|State[1]                  ;
; 3:1                ; 7 bits    ; 14 LEs        ; 7 LEs                ; 7 LEs                  ; Yes        ; |main|FrameTrans:comb_93|scrambler:U1|regarr[10]     ;
; 3:1                ; 7 bits    ; 14 LEs        ; 7 LEs                ; 7 LEs                  ; Yes        ; |main|FrameDataCheck:comb_95|scrambler:U1|regarr[8]  ;
+--------------------+-----------+---------------+----------------------+------------------------+------------+------------------------------------------------------+


+-----------------------------------------------------------------+
; Parameter Settings for User Entity Instance: FrameTrans:comb_93 ;
+-----------------+----------+------------------------------------+
; Parameter Name  ; Value    ; Type                               ;
+-----------------+----------+------------------------------------+
; DELAY_NUM       ; 5        ; Signed Integer                     ;
; FRAMEHEAD       ; 10011011 ; Unsigned Binary                    ;
; FRAMEHEAD_WRONG ; 10001001 ; Unsigned Binary                    ;
+-----------------+----------+------------------------------------+
Note: In order to hide this table in the UI and the text report file, please set the "Show Parameter Settings Tables in Synthesis Report" option in "Analysis and Synthesis Settings -> More Settings" to "Off".


+------------------------------------------------------------------------------+
; Parameter Settings for User Entity Instance: FrameTrans:comb_93|scrambler:U1 ;
+----------------+-----------------+-------------------------------------------+
; Parameter Name ; Value           ; Type                                      ;
+----------------+-----------------+-------------------------------------------+
; SEED           ; 010010101100110 ; Unsigned Binary                           ;
+----------------+-----------------+-------------------------------------------+
Note: In order to hide this table in the UI and the text report file, please set the "Show Parameter Settings Tables in Synthesis Report" option in "Analysis and Synthesis Settings -> More Settings" to "Off".


+----------------------------------------------------------------------------------+
; Parameter Settings for User Entity Instance: FrameDataCheck:comb_95|scrambler:U1 ;
+----------------+-----------------+-----------------------------------------------+
; Parameter Name ; Value           ; Type                                          ;
+----------------+-----------------+-----------------------------------------------+
; SEED           ; 010010101100110 ; Unsigned Binary                               ;
+----------------+-----------------+-----------------------------------------------+
Note: In order to hide this table in the UI and the text report file, please set the "Show Parameter Settings Tables in Synthesis Report" option in "Analysis and Synthesis Settings -> More Settings" to "Off".


+-------------------------------+
; Analysis & Synthesis Messages ;
+-------------------------------+
Info: *******************************************************************
Info: Running Quartus II Analysis & Synthesis
    Info: Version 7.2 Build 151 09/26/2007 SJ Web Edition
    Info: Processing started: Thu Jun 05 15:43:54 2014
Info: Command: quartus_map --read_settings_files=on --write_settings_files=off main -c main
Warning: Ignored assignments for entity "main" -- entity does not exist in design
    Warning: Assignment of entity set_global_assignment -name LL_ROOT_REGION ON -section_id "Root Region" is ignored
    Warning: Assignment of entity set_global_assignment -name LL_MEMBER_STATE LOCKED -section_id "Root Region" is ignored
    Warning: Assignment of entity set_instance_assignment -name PARTITION_HIERARCHY no_file_for_top_partition -to | -section_id Top is ignored
    Warning: Assignment of entity set_global_assignment -name PARTITION_NETLIST_TYPE SOURCE -section_id Top is ignored
    Warning: Assignment of entity set_global_assignment -name PARTITION_COLOR 2147039 -section_id Top is ignored
    Warning: Assignment of entity set_global_assignment -name PARTITION_IMPORT_ASSIGNMENTS ON -section_id Top is ignored
    Warning: Assignment of entity set_global_assignment -name PARTITION_IMPORT_EXISTING_ASSIGNMENTS REPLACE_CONFLICTING -section_id Top is ignored
    Warning: Assignment of entity set_global_assignment -name PARTITION_IMPORT_EXISTING_LOGICLOCK_REGIONS REPLACE_CONFLICTING -section_id Top is ignored
    Warning: Assignment of entity set_global_assignment -name PARTITION_IMPORT_PIN_ASSIGNMENTS ON -section_id Top is ignored
    Warning: Assignment of entity set_global_assignment -name PARTITION_IMPORT_PROMOTE_ASSIGNMENTS ON -section_id Top is ignored
    Warning: Assignment of entity set_global_assignment -name PARTITION_TYPE STANDARD_PARTITION -section_id Top is ignored
Info: Found 1 design units, including 1 entities, in source file main.v
    Info: Found entity 1: main
Info: Found 1 design units, including 1 entities, in source file scrambler.v
    Info: Found entity 1: scrambler
Info: Found 1 design units, including 1 entities, in source file FrameDataCheck.v
    Info: Found entity 1: FrameDataCheck
Info: Found 1 design units, including 1 entities, in source file FrameTrans.v
    Info: Found entity 1: FrameTrans
Info: Found 1 design units, including 1 entities, in source file FramesyncFSM.v
    Info: Found entity 1: FramesyncFSM
Info: Found 1 design units, including 1 entities, in source file Probe.v
    Info: Found entity 1: Probe
Info: Found 1 design units, including 1 entities, in source file count256.v
    Info: Found entity 1: Count256
Critical Warning (10846): Verilog HDL Instantiation warning at main.v(57): instance has no name
Critical Warning (10846): Verilog HDL Instantiation warning at main.v(58): instance has no name
Critical Warning (10846): Verilog HDL Instantiation warning at main.v(63): instance has no name
Info: Elaborating entity "main" for the top level hierarchy
Warning (10230): Verilog HDL assignment warning at main.v(26): truncated value with size 32 to match size of target (2)
Warning (10034): Output port "LED[14]" at main.v(13) has no driver
Warning (10034): Output port "LED[13]" at main.v(13) has no driver
Warning (10034): Output port "LED[12]" at main.v(13) has no driver
Warning (10034): Output port "LED[11]" at main.v(13) has no driver
Warning (10034): Output port "LED[10]" at main.v(13) has no driver
Warning (10034): Output port "LED[9]" at main.v(13) has no driver
Warning (10034): Output port "LED[8]" at main.v(13) has no driver
Warning (10034): Output port "LED[7]" at main.v(13) has no driver
Warning (10034): Output port "LED[6]" at main.v(13) has no driver
Info: Elaborating entity "FrameTrans" for hierarchy "FrameTrans:comb_93"
Warning (10230): Verilog HDL assignment warning at FrameTrans.v(56): truncated value with size 32 to match size of target (8)
Warning (10230): Verilog HDL assignment warning at FrameTrans.v(58): truncated value with size 32 to match size of target (2)
Warning (10230): Verilog HDL assignment warning at FrameTrans.v(64): truncated value with size 8 to match size of target (1)
Warning (10230): Verilog HDL assignment warning at FrameTrans.v(66): truncated value with size 8 to match size of target (1)
Info: Elaborating entity "scrambler" for hierarchy "FrameTrans:comb_93|scrambler:U1"
Info: Elaborating entity "FramesyncFSM" for hierarchy "FramesyncFSM:comb_94"
Warning (10230): Verilog HDL assignment warning at FramesyncFSM.v(25): truncated value with size 32 to match size of target (8)
Warning (10230): Verilog HDL assignment warning at FramesyncFSM.v(46): truncated value with size 32 to match size of target (2)
Warning (10230): Verilog HDL assignment warning at FramesyncFSM.v(67): truncated value with size 32 to match size of target (2)
Info: Elaborating entity "Probe" for hierarchy "FramesyncFSM:comb_94|Probe:u0"
Info: Elaborating entity "FrameDataCheck" for hierarchy "FrameDataCheck:comb_95"
Warning (12020): Port "din" on the entity instantiation of "U1" is connected to a signal of width 32. The formal width of the signal in the module is 1.  Extra bits will be ignored.
Warning (12020): Port "din" on the entity instantiation of "U1" is connected to a signal of width 32. The formal width of the signal in the module is 1.  Extra bits will be ignored.
Info: Registers with preset signals will power-up high
Info: DEV_CLRn pin will set, and not reset, register with preset signal due to NOT Gate Push-Back
Warning (14130): Reduced register "FramesyncFSM:comb_94|RecCount[1]" with stuck data_in port to stuck value GND
Warning: Output pins are stuck at VCC or GND
    Warning (13410): Pin "H0[0]" stuck at VCC
    Warning (13410): Pin "H0[1]" stuck at VCC
    Warning (13410): Pin "H0[2]" stuck at VCC
    Warning (13410): Pin "H0[3]" stuck at VCC
    Warning (13410): Pin "H0[4]" stuck at VCC
    Warning (13410): Pin "H0[5]" stuck at VCC
    Warning (13410): Pin "H0[6]" stuck at VCC
    Warning (13410): Pin "H1[0]" stuck at VCC
    Warning (13410): Pin "H1[1]" stuck at VCC
    Warning (13410): Pin "H1[2]" stuck at VCC
    Warning (13410): Pin "H1[3]" stuck at VCC
    Warning (13410): Pin "H1[4]" stuck at VCC
    Warning (13410): Pin "H1[5]" stuck at VCC
    Warning (13410): Pin "H1[6]" stuck at VCC
    Warning (13410): Pin "H2[0]" stuck at VCC
    Warning (13410): Pin "H2[1]" stuck at VCC
    Warning (13410): Pin "H2[2]" stuck at VCC
    Warning (13410): Pin "H2[3]" stuck at VCC
    Warning (13410): Pin "H2[4]" stuck at VCC
    Warning (13410): Pin "H2[5]" stuck at VCC
    Warning (13410): Pin "H2[6]" stuck at VCC
    Warning (13410): Pin "H3[0]" stuck at VCC
    Warning (13410): Pin "H3[1]" stuck at VCC
    Warning (13410): Pin "H3[2]" stuck at VCC
    Warning (13410): Pin "H3[3]" stuck at VCC
    Warning (13410): Pin "H3[4]" stuck at VCC
    Warning (13410): Pin "H3[5]" stuck at VCC
    Warning (13410): Pin "H3[6]" stuck at VCC
    Warning (13410): Pin "H4[0]" stuck at VCC
    Warning (13410): Pin "H4[1]" stuck at VCC
    Warning (13410): Pin "H4[2]" stuck at VCC
    Warning (13410): Pin "H4[3]" stuck at VCC
    Warning (13410): Pin "H4[4]" stuck at VCC
    Warning (13410): Pin "H4[5]" stuck at VCC
    Warning (13410): Pin "H4[6]" stuck at VCC
    Warning (13410): Pin "H5[0]" stuck at VCC
    Warning (13410): Pin "H5[1]" stuck at VCC
    Warning (13410): Pin "H5[2]" stuck at VCC
    Warning (13410): Pin "H5[3]" stuck at VCC
    Warning (13410): Pin "H5[4]" stuck at VCC
    Warning (13410): Pin "H5[5]" stuck at VCC
    Warning (13410): Pin "H5[6]" stuck at VCC
    Warning (13410): Pin "H6[0]" stuck at VCC
    Warning (13410): Pin "H6[1]" stuck at VCC
    Warning (13410): Pin "H6[2]" stuck at VCC
    Warning (13410): Pin "H6[3]" stuck at VCC
    Warning (13410): Pin "H6[4]" stuck at VCC
    Warning (13410): Pin "H6[5]" stuck at VCC
    Warning (13410): Pin "H6[6]" stuck at VCC
    Warning (13410): Pin "H7[0]" stuck at VCC
    Warning (13410): Pin "H7[1]" stuck at VCC
    Warning (13410): Pin "H7[2]" stuck at VCC
    Warning (13410): Pin "H7[3]" stuck at VCC
    Warning (13410): Pin "H7[4]" stuck at VCC
    Warning (13410): Pin "H7[5]" stuck at VCC
    Warning (13410): Pin "H7[6]" stuck at VCC
    Warning (13410): Pin "LED[6]" stuck at GND
    Warning (13410): Pin "LED[7]" stuck at GND
    Warning (13410): Pin "LED[8]" stuck at GND
    Warning (13410): Pin "LED[9]" stuck at GND
    Warning (13410): Pin "LED[10]" stuck at GND
    Warning (13410): Pin "LED[11]" stuck at GND
    Warning (13410): Pin "LED[12]" stuck at GND
    Warning (13410): Pin "LED[13]" stuck at GND
    Warning (13410): Pin "LED[14]" stuck at GND
Info: Generated suppressed messages file C:/Users/Jason/Documents/Github/Verilog/Ex9/main.map.smsg
Warning: Design contains 19 input pin(s) that do not drive logic
    Warning (15610): No output dependent on input pin "SW[0]"
    Warning (15610): No output dependent on input pin "SW[1]"
    Warning (15610): No output dependent on input pin "SW[2]"
    Warning (15610): No output dependent on input pin "SW[3]"
    Warning (15610): No output dependent on input pin "SW[4]"
    Warning (15610): No output dependent on input pin "SW[5]"
    Warning (15610): No output dependent on input pin "SW[6]"
    Warning (15610): No output dependent on input pin "SW[7]"
    Warning (15610): No output dependent on input pin "SW[8]"
    Warning (15610): No output dependent on input pin "SW[9]"
    Warning (15610): No output dependent on input pin "SW[10]"
    Warning (15610): No output dependent on input pin "SW[11]"
    Warning (15610): No output dependent on input pin "SW[12]"
    Warning (15610): No output dependent on input pin "SW[13]"
    Warning (15610): No output dependent on input pin "SW[14]"
    Warning (15610): No output dependent on input pin "SW[15]"
    Warning (15610): No output dependent on input pin "SW[16]"
    Warning (15610): No output dependent on input pin "SW[17]"
    Warning (15610): No output dependent on input pin "KEY[3]"
Info: Implemented 256 device resources after synthesis - the final resource count might be different
    Info: Implemented 23 input pins
    Info: Implemented 74 output pins
    Info: Implemented 159 logic cells
Info: Quartus II Analysis & Synthesis was successful. 0 errors, 121 warnings
    Info: Allocated 201 megabytes of memory during processing
    Info: Processing ended: Thu Jun 05 15:43:55 2014
    Info: Elapsed time: 00:00:01


+------------------------------------------+
; Analysis & Synthesis Suppressed Messages ;
+------------------------------------------+
The suppressed messages can be found in C:/Users/Jason/Documents/Github/Verilog/Ex9/main.map.smsg.


