Analysis & Synthesis report for Counter
Sun May 25 12:43:28 2014
Quartus II Version 7.2 Build 151 09/26/2007 SJ Web Edition


---------------------
; Table of Contents ;
---------------------
  1. Legal Notice
  2. Analysis & Synthesis Summary
  3. Analysis & Synthesis Settings
  4. Analysis & Synthesis Source Files Read
  5. Analysis & Synthesis Resource Usage Summary
  6. Analysis & Synthesis Resource Utilization by Entity
  7. Registers Removed During Synthesis
  8. General Register Statistics
  9. Analysis & Synthesis Messages
 10. Analysis & Synthesis Suppressed Messages



----------------
; Legal Notice ;
----------------
Copyright (C) 1991-2007 Altera Corporation
Your use of Altera Corporation's design tools, logic functions 
and other software and tools, and its AMPP partner logic 
functions, and any output files from any of the foregoing 
(including device programming or simulation files), and any 
associated documentation or information are expressly subject 
to the terms and conditions of the Altera Program License 
Subscription Agreement, Altera MegaCore Function License 
Agreement, or other applicable license agreement, including, 
without limitation, that your use is for the sole purpose of 
programming logic devices manufactured by Altera and sold by 
Altera or its authorized distributors.  Please refer to the 
applicable agreement for further details.



+------------------------------------------------------------------------------+
; Analysis & Synthesis Summary                                                 ;
+------------------------------------+-----------------------------------------+
; Analysis & Synthesis Status        ; Successful - Sun May 25 12:43:28 2014   ;
; Quartus II Version                 ; 7.2 Build 151 09/26/2007 SJ Web Edition ;
; Revision Name                      ; Counter                                 ;
; Top-level Entity Name              ; main                                    ;
; Family                             ; Cyclone II                              ;
; Total logic elements               ; 17                                      ;
;     Total combinational functions  ; 17                                      ;
;     Dedicated logic registers      ; 7                                       ;
; Total registers                    ; 7                                       ;
; Total pins                         ; 96                                      ;
; Total virtual pins                 ; 0                                       ;
; Total memory bits                  ; 0                                       ;
; Embedded Multiplier 9-bit elements ; 0                                       ;
; Total PLLs                         ; 0                                       ;
+------------------------------------+-----------------------------------------+


+--------------------------------------------------------------------------------------------------------------------------+
; Analysis & Synthesis Settings                                                                                            ;
+--------------------------------------------------------------------------------+--------------------+--------------------+
; Option                                                                         ; Setting            ; Default Value      ;
+--------------------------------------------------------------------------------+--------------------+--------------------+
; Device                                                                         ; EP2C35F672C6       ;                    ;
; Top-level entity name                                                          ; main               ; Counter            ;
; Family name                                                                    ; Cyclone II         ; Stratix II         ;
; Use Generated Physical Constraints File                                        ; Off                ;                    ;
; Use smart compilation                                                          ; Off                ; Off                ;
; Maximum processors allowed for parallel compilation                            ; 1                  ; 1                  ;
; Restructure Multiplexers                                                       ; Auto               ; Auto               ;
; Create Debugging Nodes for IP Cores                                            ; Off                ; Off                ;
; Preserve fewer node names                                                      ; On                 ; On                 ;
; Disable OpenCore Plus hardware evaluation                                      ; Off                ; Off                ;
; Verilog Version                                                                ; Verilog_2001       ; Verilog_2001       ;
; VHDL Version                                                                   ; VHDL93             ; VHDL93             ;
; State Machine Processing                                                       ; Auto               ; Auto               ;
; Safe State Machine                                                             ; Off                ; Off                ;
; Extract Verilog State Machines                                                 ; On                 ; On                 ;
; Extract VHDL State Machines                                                    ; On                 ; On                 ;
; Ignore Verilog initial constructs                                              ; Off                ; Off                ;
; Add Pass-Through Logic to Inferred RAMs                                        ; On                 ; On                 ;
; Parallel Synthesis                                                             ; Off                ; Off                ;
; DSP Block Balancing                                                            ; Auto               ; Auto               ;
; NOT Gate Push-Back                                                             ; On                 ; On                 ;
; Power-Up Don't Care                                                            ; On                 ; On                 ;
; Remove Redundant Logic Cells                                                   ; Off                ; Off                ;
; Remove Duplicate Registers                                                     ; On                 ; On                 ;
; Ignore CARRY Buffers                                                           ; Off                ; Off                ;
; Ignore CASCADE Buffers                                                         ; Off                ; Off                ;
; Ignore GLOBAL Buffers                                                          ; Off                ; Off                ;
; Ignore ROW GLOBAL Buffers                                                      ; Off                ; Off                ;
; Ignore LCELL Buffers                                                           ; Off                ; Off                ;
; Ignore SOFT Buffers                                                            ; On                 ; On                 ;
; Limit AHDL Integers to 32 Bits                                                 ; Off                ; Off                ;
; Optimization Technique -- Cyclone II/Cyclone III                               ; Balanced           ; Balanced           ;
; Carry Chain Length -- Stratix/Stratix GX/Cyclone/MAX II/Cyclone II/Cyclone III ; 70                 ; 70                 ;
; Auto Carry Chains                                                              ; On                 ; On                 ;
; Auto Open-Drain Pins                                                           ; On                 ; On                 ;
; Perform WYSIWYG Primitive Resynthesis                                          ; Off                ; Off                ;
; Perform gate-level register retiming                                           ; Off                ; Off                ;
; Allow register retiming to trade off Tsu/Tco with Fmax                         ; On                 ; On                 ;
; Auto ROM Replacement                                                           ; On                 ; On                 ;
; Auto RAM Replacement                                                           ; On                 ; On                 ;
; Auto Shift Register Replacement                                                ; Auto               ; Auto               ;
; Auto Clock Enable Replacement                                                  ; On                 ; On                 ;
; Allow Synchronous Control Signals                                              ; On                 ; On                 ;
; Force Use of Synchronous Clear Signals                                         ; Off                ; Off                ;
; Auto RAM to Logic Cell Conversion                                              ; Off                ; Off                ;
; Auto Resource Sharing                                                          ; Off                ; Off                ;
; Allow Any RAM Size For Recognition                                             ; Off                ; Off                ;
; Allow Any ROM Size For Recognition                                             ; Off                ; Off                ;
; Allow Any Shift Register Size For Recognition                                  ; Off                ; Off                ;
; Ignore translate_off and synthesis_off directives                              ; Off                ; Off                ;
; Show Parameter Settings Tables in Synthesis Report                             ; On                 ; On                 ;
; Ignore Maximum Fan-Out Assignments                                             ; Off                ; Off                ;
; Retiming Meta-Stability Register Sequence Length                               ; 2                  ; 2                  ;
; PowerPlay Power Optimization                                                   ; Normal compilation ; Normal compilation ;
; HDL message level                                                              ; Level2             ; Level2             ;
; Suppress Register Optimization Related Messages                                ; Off                ; Off                ;
; Number of Removed Registers Reported in Synthesis Report                       ; 100                ; 100                ;
; Clock MUX Protection                                                           ; On                 ; On                 ;
; Block Design Naming                                                            ; Auto               ; Auto               ;
+--------------------------------------------------------------------------------+--------------------+--------------------+


+----------------------------------------------------------------------------------------------------------------------------------------+
; Analysis & Synthesis Source Files Read                                                                                                 ;
+----------------------------------+-----------------+------------------------+----------------------------------------------------------+
; File Name with User-Entered Path ; Used in Netlist ; File Type              ; File Name with Absolute Path                             ;
+----------------------------------+-----------------+------------------------+----------------------------------------------------------+
; main.v                           ; yes             ; User Verilog HDL File  ; C:/Users/Jason/Documents/Github/Verilog/Ex5/main.v       ;
; Dflipflop.v                      ; yes             ; User Verilog HDL File  ; C:/Users/Jason/Documents/Github/Verilog/Ex5/Dflipflop.v  ;
; Counter.v                        ; yes             ; User Verilog HDL File  ; C:/Users/Jason/Documents/Github/Verilog/Ex5/Counter.v    ;
; translator.v                     ; yes             ; User Verilog HDL File  ; C:/Users/Jason/Documents/Github/Verilog/Ex5/translator.v ;
; MUX.v                            ; yes             ; User Verilog HDL File  ; C:/Users/Jason/Documents/Github/Verilog/Ex5/MUX.v        ;
+----------------------------------+-----------------+------------------------+----------------------------------------------------------+


+-------------------------------------------------------------------------------------+
; Analysis & Synthesis Resource Usage Summary                                         ;
+---------------------------------------------+---------------------------------------+
; Resource                                    ; Usage                                 ;
+---------------------------------------------+---------------------------------------+
; Estimated Total logic elements              ; 17                                    ;
;                                             ;                                       ;
; Total combinational functions               ; 17                                    ;
; Logic element usage by number of LUT inputs ;                                       ;
;     -- 4 input functions                    ; 7                                     ;
;     -- 3 input functions                    ; 3                                     ;
;     -- <=2 input functions                  ; 7                                     ;
;                                             ;                                       ;
; Logic elements by mode                      ;                                       ;
;     -- normal mode                          ; 17                                    ;
;     -- arithmetic mode                      ; 0                                     ;
;                                             ;                                       ;
; Total registers                             ; 7                                     ;
;     -- Dedicated logic registers            ; 7                                     ;
;     -- I/O registers                        ; 0                                     ;
;                                             ;                                       ;
; I/O pins                                    ; 96                                    ;
; Maximum fan-out node                        ; negCounter:u1|DflipflopDescibe:a|temp ;
; Maximum fan-out                             ; 11                                    ;
; Total fan-out                               ; 76                                    ;
; Average fan-out                             ; 0.63                                  ;
+---------------------------------------------+---------------------------------------+


+-------------------------------------------------------------------------------------------------------------------------------------------------------------------------------------------------+
; Analysis & Synthesis Resource Utilization by Entity                                                                                                                                             ;
+----------------------------+-------------------+--------------+-------------+--------------+---------+-----------+------+--------------+-----------------------------------------+--------------+
; Compilation Hierarchy Node ; LC Combinationals ; LC Registers ; Memory Bits ; DSP Elements ; DSP 9x9 ; DSP 18x18 ; Pins ; Virtual Pins ; Full Hierarchy Name                     ; Library Name ;
+----------------------------+-------------------+--------------+-------------+--------------+---------+-----------+------+--------------+-----------------------------------------+--------------+
; |main                      ; 17 (0)            ; 7 (0)        ; 0           ; 0            ; 0       ; 0         ; 96   ; 0            ; |main                                   ; work         ;
;    |MUX4bit2to1:u2|        ; 3 (3)             ; 0 (0)        ; 0           ; 0            ; 0       ; 0         ; 0    ; 0            ; |main|MUX4bit2to1:u2                    ; work         ;
;    |negCounter:u1|         ; 4 (0)             ; 4 (0)        ; 0           ; 0            ; 0       ; 0         ; 0    ; 0            ; |main|negCounter:u1                     ; work         ;
;       |DflipflopDescibe:a| ; 1 (1)             ; 1 (1)        ; 0           ; 0            ; 0       ; 0         ; 0    ; 0            ; |main|negCounter:u1|DflipflopDescibe:a  ; work         ;
;       |DflipflopDescibe:b| ; 1 (1)             ; 1 (1)        ; 0           ; 0            ; 0       ; 0         ; 0    ; 0            ; |main|negCounter:u1|DflipflopDescibe:b  ; work         ;
;       |DflipflopDescibe:c| ; 1 (1)             ; 1 (1)        ; 0           ; 0            ; 0       ; 0         ; 0    ; 0            ; |main|negCounter:u1|DflipflopDescibe:c  ; work         ;
;       |DflipflopDescibe:d| ; 1 (1)             ; 1 (1)        ; 0           ; 0            ; 0       ; 0         ; 0    ; 0            ; |main|negCounter:u1|DflipflopDescibe:d  ; work         ;
;    |postCounter:u0|        ; 3 (0)             ; 3 (0)        ; 0           ; 0            ; 0       ; 0         ; 0    ; 0            ; |main|postCounter:u0                    ; work         ;
;       |DflipflopDescibe:b| ; 1 (1)             ; 1 (1)        ; 0           ; 0            ; 0       ; 0         ; 0    ; 0            ; |main|postCounter:u0|DflipflopDescibe:b ; work         ;
;       |DflipflopDescibe:c| ; 1 (1)             ; 1 (1)        ; 0           ; 0            ; 0       ; 0         ; 0    ; 0            ; |main|postCounter:u0|DflipflopDescibe:c ; work         ;
;       |DflipflopDescibe:d| ; 1 (1)             ; 1 (1)        ; 0           ; 0            ; 0       ; 0         ; 0    ; 0            ; |main|postCounter:u0|DflipflopDescibe:d ; work         ;
;    |translator:comb_59|    ; 7 (7)             ; 0 (0)        ; 0           ; 0            ; 0       ; 0         ; 0    ; 0            ; |main|translator:comb_59                ; work         ;
+----------------------------+-------------------+--------------+-------------+--------------+---------+-----------+------+--------------+-----------------------------------------+--------------+
Note: For table entries with two numbers listed, the numbers in parentheses indicate the number of resources of the given type used by the specific entity alone. The numbers listed outside of parentheses indicate the total resources of the given type used by the specific entity and all of its sub-entities in the hierarchy.


+--------------------------------------------------------------------------------------------+
; Registers Removed During Synthesis                                                         ;
+----------------------------------------+---------------------------------------------------+
; Register name                          ; Reason for Removal                                ;
+----------------------------------------+---------------------------------------------------+
; postCounter:u0|DflipflopDescibe:a|temp ; Merged with negCounter:u1|DflipflopDescibe:a|temp ;
; Total Number of Removed Registers = 1  ;                                                   ;
+----------------------------------------+---------------------------------------------------+


+------------------------------------------------------+
; General Register Statistics                          ;
+----------------------------------------------+-------+
; Statistic                                    ; Value ;
+----------------------------------------------+-------+
; Total registers                              ; 7     ;
; Number of registers using Synchronous Clear  ; 0     ;
; Number of registers using Synchronous Load   ; 0     ;
; Number of registers using Asynchronous Clear ; 7     ;
; Number of registers using Asynchronous Load  ; 0     ;
; Number of registers using Clock Enable       ; 0     ;
; Number of registers using Preset             ; 0     ;
+----------------------------------------------+-------+


+-------------------------------+
; Analysis & Synthesis Messages ;
+-------------------------------+
Info: *******************************************************************
Info: Running Quartus II Analysis & Synthesis
    Info: Version 7.2 Build 151 09/26/2007 SJ Web Edition
    Info: Processing started: Sun May 25 12:43:27 2014
Info: Command: quartus_map --read_settings_files=on --write_settings_files=off Counter -c Counter
Info: Found 1 design units, including 1 entities, in source file main.v
    Info: Found entity 1: main
Info: Found 2 design units, including 2 entities, in source file Dflipflop.v
    Info: Found entity 1: Dflipflop
    Info: Found entity 2: DflipflopDescibe
Info: Found 2 design units, including 2 entities, in source file Counter.v
    Info: Found entity 1: postCounter
    Info: Found entity 2: negCounter
Info: Found 1 design units, including 1 entities, in source file translator.v
    Info: Found entity 1: translator
Info: Found 3 design units, including 3 entities, in source file MUX.v
    Info: Found entity 1: MUX4bit3to1
    Info: Found entity 2: MUX1bit3to1
    Info: Found entity 3: MUX4bit2to1
Critical Warning (10846): Verilog HDL Instantiation warning at main.v(36): instance has no name
Info: Elaborating entity "main" for the top level hierarchy
Warning (10034): Output port "LED[17]" at main.v(12) has no driver
Warning (10034): Output port "LED[16]" at main.v(12) has no driver
Warning (10034): Output port "LED[15]" at main.v(12) has no driver
Warning (10034): Output port "LED[14]" at main.v(12) has no driver
Warning (10034): Output port "LED[13]" at main.v(12) has no driver
Warning (10034): Output port "LED[12]" at main.v(12) has no driver
Warning (10034): Output port "LED[11]" at main.v(12) has no driver
Warning (10034): Output port "LED[10]" at main.v(12) has no driver
Warning (10034): Output port "LED[9]" at main.v(12) has no driver
Warning (10034): Output port "LED[8]" at main.v(12) has no driver
Warning (10034): Output port "LED[7]" at main.v(12) has no driver
Warning (10034): Output port "LED[6]" at main.v(12) has no driver
Warning (10034): Output port "LED[5]" at main.v(12) has no driver
Warning (10034): Output port "LED[4]" at main.v(12) has no driver
Info: Elaborating entity "postCounter" for hierarchy "postCounter:u0"
Warning (10036): Verilog HDL or VHDL warning at Counter.v(4): object "self" assigned a value but never read
Info: Elaborating entity "DflipflopDescibe" for hierarchy "postCounter:u0|DflipflopDescibe:a"
Warning (10230): Verilog HDL assignment warning at Dflipflop.v(18): truncated value with size 4 to match size of target (1)
Info: Elaborating entity "negCounter" for hierarchy "negCounter:u1"
Warning (10036): Verilog HDL or VHDL warning at Counter.v(20): object "self" assigned a value but never read
Info: Elaborating entity "MUX4bit2to1" for hierarchy "MUX4bit2to1:u2"
Info: Elaborating entity "translator" for hierarchy "translator:comb_59"
Info: Duplicate registers merged to single register
    Info: Duplicate register "postCounter:u0|DflipflopDescibe:a|temp" merged to single register "negCounter:u1|DflipflopDescibe:a|temp"
Warning: Output pins are stuck at VCC or GND
    Warning (13410): Pin "H1[0]" stuck at VCC
    Warning (13410): Pin "H1[1]" stuck at VCC
    Warning (13410): Pin "H1[2]" stuck at VCC
    Warning (13410): Pin "H1[3]" stuck at VCC
    Warning (13410): Pin "H1[4]" stuck at VCC
    Warning (13410): Pin "H1[5]" stuck at VCC
    Warning (13410): Pin "H1[6]" stuck at VCC
    Warning (13410): Pin "H2[0]" stuck at VCC
    Warning (13410): Pin "H2[1]" stuck at VCC
    Warning (13410): Pin "H2[2]" stuck at VCC
    Warning (13410): Pin "H2[3]" stuck at VCC
    Warning (13410): Pin "H2[4]" stuck at VCC
    Warning (13410): Pin "H2[5]" stuck at VCC
    Warning (13410): Pin "H2[6]" stuck at VCC
    Warning (13410): Pin "H3[0]" stuck at VCC
    Warning (13410): Pin "H3[1]" stuck at VCC
    Warning (13410): Pin "H3[2]" stuck at VCC
    Warning (13410): Pin "H3[3]" stuck at VCC
    Warning (13410): Pin "H3[4]" stuck at VCC
    Warning (13410): Pin "H3[5]" stuck at VCC
    Warning (13410): Pin "H3[6]" stuck at VCC
    Warning (13410): Pin "H4[0]" stuck at VCC
    Warning (13410): Pin "H4[1]" stuck at VCC
    Warning (13410): Pin "H4[2]" stuck at VCC
    Warning (13410): Pin "H4[3]" stuck at VCC
    Warning (13410): Pin "H4[4]" stuck at VCC
    Warning (13410): Pin "H4[5]" stuck at VCC
    Warning (13410): Pin "H4[6]" stuck at VCC
    Warning (13410): Pin "H5[0]" stuck at VCC
    Warning (13410): Pin "H5[1]" stuck at VCC
    Warning (13410): Pin "H5[2]" stuck at VCC
    Warning (13410): Pin "H5[3]" stuck at VCC
    Warning (13410): Pin "H5[4]" stuck at VCC
    Warning (13410): Pin "H5[5]" stuck at VCC
    Warning (13410): Pin "H5[6]" stuck at VCC
    Warning (13410): Pin "H6[0]" stuck at VCC
    Warning (13410): Pin "H6[1]" stuck at VCC
    Warning (13410): Pin "H6[2]" stuck at VCC
    Warning (13410): Pin "H6[3]" stuck at VCC
    Warning (13410): Pin "H6[4]" stuck at VCC
    Warning (13410): Pin "H6[5]" stuck at VCC
    Warning (13410): Pin "H6[6]" stuck at VCC
    Warning (13410): Pin "H7[0]" stuck at VCC
    Warning (13410): Pin "H7[1]" stuck at VCC
    Warning (13410): Pin "H7[2]" stuck at VCC
    Warning (13410): Pin "H7[3]" stuck at VCC
    Warning (13410): Pin "H7[4]" stuck at VCC
    Warning (13410): Pin "H7[5]" stuck at VCC
    Warning (13410): Pin "H7[6]" stuck at VCC
    Warning (13410): Pin "LED[4]" stuck at GND
    Warning (13410): Pin "LED[5]" stuck at GND
    Warning (13410): Pin "LED[6]" stuck at GND
    Warning (13410): Pin "LED[7]" stuck at GND
    Warning (13410): Pin "LED[8]" stuck at GND
    Warning (13410): Pin "LED[9]" stuck at GND
    Warning (13410): Pin "LED[10]" stuck at GND
    Warning (13410): Pin "LED[11]" stuck at GND
    Warning (13410): Pin "LED[12]" stuck at GND
    Warning (13410): Pin "LED[13]" stuck at GND
    Warning (13410): Pin "LED[14]" stuck at GND
    Warning (13410): Pin "LED[15]" stuck at GND
    Warning (13410): Pin "LED[16]" stuck at GND
    Warning (13410): Pin "LED[17]" stuck at GND
Info: Generated suppressed messages file C:/Users/Jason/Documents/Github/Verilog/Ex5/Counter.map.smsg
Warning: Design contains 19 input pin(s) that do not drive logic
    Warning (15610): No output dependent on input pin "SW[0]"
    Warning (15610): No output dependent on input pin "SW[1]"
    Warning (15610): No output dependent on input pin "SW[2]"
    Warning (15610): No output dependent on input pin "SW[3]"
    Warning (15610): No output dependent on input pin "SW[4]"
    Warning (15610): No output dependent on input pin "SW[5]"
    Warning (15610): No output dependent on input pin "SW[6]"
    Warning (15610): No output dependent on input pin "SW[7]"
    Warning (15610): No output dependent on input pin "SW[8]"
    Warning (15610): No output dependent on input pin "SW[9]"
    Warning (15610): No output dependent on input pin "SW[10]"
    Warning (15610): No output dependent on input pin "SW[11]"
    Warning (15610): No output dependent on input pin "SW[12]"
    Warning (15610): No output dependent on input pin "SW[13]"
    Warning (15610): No output dependent on input pin "SW[14]"
    Warning (15610): No output dependent on input pin "SW[15]"
    Warning (15610): No output dependent on input pin "SW[16]"
    Warning (15610): No output dependent on input pin "KEY[2]"
    Warning (15610): No output dependent on input pin "KEY[3]"
Info: Implemented 113 device resources after synthesis - the final resource count might be different
    Info: Implemented 22 input pins
    Info: Implemented 74 output pins
    Info: Implemented 17 logic cells
Info: Quartus II Analysis & Synthesis was successful. 0 errors, 102 warnings
    Info: Allocated 196 megabytes of memory during processing
    Info: Processing ended: Sun May 25 12:43:28 2014
    Info: Elapsed time: 00:00:01


+------------------------------------------+
; Analysis & Synthesis Suppressed Messages ;
+------------------------------------------+
The suppressed messages can be found in C:/Users/Jason/Documents/Github/Verilog/Ex5/Counter.map.smsg.


