Classic Timing Analyzer report for Adder
Sun May 18 00:48:13 2014
Quartus II Version 7.2 Build 151 09/26/2007 SJ Web Edition


---------------------
; Table of Contents ;
---------------------
  1. Legal Notice
  2. Timing Analyzer Summary
  3. Timing Analyzer Settings
  4. tpd
  5. Timing Analyzer Messages



----------------
; Legal Notice ;
----------------
Copyright (C) 1991-2007 Altera Corporation
Your use of Altera Corporation's design tools, logic functions 
and other software and tools, and its AMPP partner logic 
functions, and any output files from any of the foregoing 
(including device programming or simulation files), and any 
associated documentation or information are expressly subject 
to the terms and conditions of the Altera Program License 
Subscription Agreement, Altera MegaCore Function License 
Agreement, or other applicable license agreement, including, 
without limitation, that your use is for the sole purpose of 
programming logic devices manufactured by Altera and sold by 
Altera or its authorized distributors.  Please refer to the 
applicable agreement for further details.



+-------------------------------------------------------------------------------------------------------------------------+
; Timing Analyzer Summary                                                                                                 ;
+------------------------------+-------+---------------+-------------+------+------+------------+----------+--------------+
; Type                         ; Slack ; Required Time ; Actual Time ; From ; To   ; From Clock ; To Clock ; Failed Paths ;
+------------------------------+-------+---------------+-------------+------+------+------------+----------+--------------+
; Worst-case tpd               ; N/A   ; None          ; 12.598 ns   ; a[1] ; cout ; --         ; --       ; 0            ;
; Total number of failed paths ;       ;               ;             ;      ;      ;            ;          ; 0            ;
+------------------------------+-------+---------------+-------------+------+------+------------+----------+--------------+


+---------------------------------------------------------------------------------------------------------------+
; Timing Analyzer Settings                                                                                      ;
+----------------------------------------------------------------+--------------------+------+----+-------------+
; Option                                                         ; Setting            ; From ; To ; Entity Name ;
+----------------------------------------------------------------+--------------------+------+----+-------------+
; Device Name                                                    ; EP2C35F672C6       ;      ;    ;             ;
; Timing Models                                                  ; Final              ;      ;    ;             ;
; Default hold multicycle                                        ; Same as Multicycle ;      ;    ;             ;
; Cut paths between unrelated clock domains                      ; On                 ;      ;    ;             ;
; Cut off read during write signal paths                         ; On                 ;      ;    ;             ;
; Cut off feedback from I/O pins                                 ; On                 ;      ;    ;             ;
; Report Combined Fast/Slow Timing                               ; Off                ;      ;    ;             ;
; Ignore Clock Settings                                          ; Off                ;      ;    ;             ;
; Analyze latches as synchronous elements                        ; On                 ;      ;    ;             ;
; Enable Recovery/Removal analysis                               ; Off                ;      ;    ;             ;
; Enable Clock Latency                                           ; Off                ;      ;    ;             ;
; Use TimeQuest Timing Analyzer                                  ; Off                ;      ;    ;             ;
; Number of source nodes to report per destination node          ; 10                 ;      ;    ;             ;
; Number of destination nodes to report                          ; 10                 ;      ;    ;             ;
; Number of paths to report                                      ; 200                ;      ;    ;             ;
; Report Minimum Timing Checks                                   ; Off                ;      ;    ;             ;
; Use Fast Timing Models                                         ; Off                ;      ;    ;             ;
; Report IO Paths Separately                                     ; Off                ;      ;    ;             ;
; Perform Multicorner Analysis                                   ; On                 ;      ;    ;             ;
; Reports the worst-case path for each clock domain and analysis ; Off                ;      ;    ;             ;
+----------------------------------------------------------------+--------------------+------+----+-------------+


+-----------------------------------------------------------+
; tpd                                                       ;
+-------+-------------------+-----------------+------+------+
; Slack ; Required P2P Time ; Actual P2P Time ; From ; To   ;
+-------+-------------------+-----------------+------+------+
; N/A   ; None              ; 12.598 ns       ; a[1] ; cout ;
; N/A   ; None              ; 12.535 ns       ; b[2] ; cout ;
; N/A   ; None              ; 12.439 ns       ; a[0] ; cout ;
; N/A   ; None              ; 12.413 ns       ; a[1] ; s[4] ;
; N/A   ; None              ; 12.383 ns       ; b[1] ; cout ;
; N/A   ; None              ; 12.371 ns       ; a[1] ; s[7] ;
; N/A   ; None              ; 12.350 ns       ; b[2] ; s[4] ;
; N/A   ; None              ; 12.308 ns       ; b[2] ; s[7] ;
; N/A   ; None              ; 12.254 ns       ; a[0] ; s[4] ;
; N/A   ; None              ; 12.212 ns       ; a[0] ; s[7] ;
; N/A   ; None              ; 12.198 ns       ; b[1] ; s[4] ;
; N/A   ; None              ; 12.156 ns       ; b[1] ; s[7] ;
; N/A   ; None              ; 12.046 ns       ; a[1] ; s[3] ;
; N/A   ; None              ; 12.029 ns       ; b[4] ; cout ;
; N/A   ; None              ; 12.004 ns       ; a[2] ; cout ;
; N/A   ; None              ; 11.999 ns       ; a[1] ; s[6] ;
; N/A   ; None              ; 11.983 ns       ; b[2] ; s[3] ;
; N/A   ; None              ; 11.936 ns       ; b[2] ; s[6] ;
; N/A   ; None              ; 11.887 ns       ; a[0] ; s[3] ;
; N/A   ; None              ; 11.840 ns       ; a[0] ; s[6] ;
; N/A   ; None              ; 11.831 ns       ; b[1] ; s[3] ;
; N/A   ; None              ; 11.819 ns       ; a[2] ; s[4] ;
; N/A   ; None              ; 11.802 ns       ; b[4] ; s[7] ;
; N/A   ; None              ; 11.784 ns       ; b[1] ; s[6] ;
; N/A   ; None              ; 11.777 ns       ; a[2] ; s[7] ;
; N/A   ; None              ; 11.743 ns       ; b[4] ; s[4] ;
; N/A   ; None              ; 11.662 ns       ; a[0] ; s[2] ;
; N/A   ; None              ; 11.652 ns       ; b[4] ; s[6] ;
; N/A   ; None              ; 11.581 ns       ; b[3] ; cout ;
; N/A   ; None              ; 11.527 ns       ; a[1] ; s[5] ;
; N/A   ; None              ; 11.477 ns       ; a[3] ; cout ;
; N/A   ; None              ; 11.464 ns       ; b[2] ; s[5] ;
; N/A   ; None              ; 11.452 ns       ; a[2] ; s[3] ;
; N/A   ; None              ; 11.405 ns       ; a[2] ; s[6] ;
; N/A   ; None              ; 11.396 ns       ; b[3] ; s[4] ;
; N/A   ; None              ; 11.373 ns       ; a[1] ; s[2] ;
; N/A   ; None              ; 11.368 ns       ; a[0] ; s[5] ;
; N/A   ; None              ; 11.354 ns       ; b[3] ; s[7] ;
; N/A   ; None              ; 11.328 ns       ; a[6] ; cout ;
; N/A   ; None              ; 11.312 ns       ; b[1] ; s[5] ;
; N/A   ; None              ; 11.292 ns       ; a[3] ; s[4] ;
; N/A   ; None              ; 11.250 ns       ; a[3] ; s[7] ;
; N/A   ; None              ; 11.161 ns       ; b[1] ; s[2] ;
; N/A   ; None              ; 11.140 ns       ; a[4] ; cout ;
; N/A   ; None              ; 11.101 ns       ; a[6] ; s[7] ;
; N/A   ; None              ; 11.034 ns       ; b[3] ; s[3] ;
; N/A   ; None              ; 11.028 ns       ; b[2] ; s[2] ;
; N/A   ; None              ; 10.982 ns       ; b[3] ; s[6] ;
; N/A   ; None              ; 10.933 ns       ; a[2] ; s[5] ;
; N/A   ; None              ; 10.932 ns       ; a[3] ; s[3] ;
; N/A   ; None              ; 10.915 ns       ; b[5] ; cout ;
; N/A   ; None              ; 10.913 ns       ; a[4] ; s[7] ;
; N/A   ; None              ; 10.878 ns       ; a[3] ; s[6] ;
; N/A   ; None              ; 10.852 ns       ; a[4] ; s[4] ;
; N/A   ; None              ; 10.805 ns       ; a[6] ; s[6] ;
; N/A   ; None              ; 10.763 ns       ; a[4] ; s[6] ;
; N/A   ; None              ; 10.688 ns       ; b[5] ; s[7] ;
; N/A   ; None              ; 10.669 ns       ; b[6] ; cout ;
; N/A   ; None              ; 10.605 ns       ; a[5] ; cout ;
; N/A   ; None              ; 10.583 ns       ; b[6] ; s[6] ;
; N/A   ; None              ; 10.582 ns       ; b[4] ; s[5] ;
; N/A   ; None              ; 10.538 ns       ; b[5] ; s[6] ;
; N/A   ; None              ; 10.510 ns       ; b[3] ; s[5] ;
; N/A   ; None              ; 10.504 ns       ; a[2] ; s[2] ;
; N/A   ; None              ; 10.442 ns       ; b[6] ; s[7] ;
; N/A   ; None              ; 10.406 ns       ; a[3] ; s[5] ;
; N/A   ; None              ; 10.378 ns       ; a[5] ; s[7] ;
; N/A   ; None              ; 10.238 ns       ; a[0] ; s[0] ;
; N/A   ; None              ; 10.228 ns       ; a[5] ; s[6] ;
; N/A   ; None              ; 10.121 ns       ; a[1] ; s[1] ;
; N/A   ; None              ; 10.000 ns       ; b[5] ; s[5] ;
; N/A   ; None              ; 9.983 ns        ; a[0] ; s[1] ;
; N/A   ; None              ; 9.909 ns        ; b[1] ; s[1] ;
; N/A   ; None              ; 9.865 ns        ; a[5] ; s[5] ;
; N/A   ; None              ; 9.801 ns        ; b[7] ; cout ;
; N/A   ; None              ; 9.681 ns        ; a[7] ; cout ;
; N/A   ; None              ; 9.579 ns        ; b[7] ; s[7] ;
; N/A   ; None              ; 9.455 ns        ; a[7] ; s[7] ;
; N/A   ; None              ; 9.418 ns        ; a[4] ; s[5] ;
; N/A   ; None              ; 8.331 ns        ; cin  ; cout ;
; N/A   ; None              ; 8.245 ns        ; b[0] ; cout ;
; N/A   ; None              ; 8.146 ns        ; cin  ; s[4] ;
; N/A   ; None              ; 8.104 ns        ; cin  ; s[7] ;
; N/A   ; None              ; 8.060 ns        ; b[0] ; s[4] ;
; N/A   ; None              ; 8.018 ns        ; b[0] ; s[7] ;
; N/A   ; None              ; 7.779 ns        ; cin  ; s[3] ;
; N/A   ; None              ; 7.732 ns        ; cin  ; s[6] ;
; N/A   ; None              ; 7.693 ns        ; b[0] ; s[3] ;
; N/A   ; None              ; 7.646 ns        ; b[0] ; s[6] ;
; N/A   ; None              ; 7.556 ns        ; cin  ; s[2] ;
; N/A   ; None              ; 7.433 ns        ; b[0] ; s[2] ;
; N/A   ; None              ; 7.260 ns        ; cin  ; s[5] ;
; N/A   ; None              ; 7.174 ns        ; b[0] ; s[5] ;
; N/A   ; None              ; 6.131 ns        ; cin  ; s[0] ;
; N/A   ; None              ; 6.018 ns        ; b[0] ; s[0] ;
; N/A   ; None              ; 5.873 ns        ; cin  ; s[1] ;
; N/A   ; None              ; 5.750 ns        ; b[0] ; s[1] ;
+-------+-------------------+-----------------+------+------+


+--------------------------+
; Timing Analyzer Messages ;
+--------------------------+
Info: *******************************************************************
Info: Running Quartus II Classic Timing Analyzer
    Info: Version 7.2 Build 151 09/26/2007 SJ Web Edition
    Info: Processing started: Sun May 18 00:48:13 2014
Info: Command: quartus_tan --read_settings_files=off --write_settings_files=off Adder -c Adder --timing_analysis_only
Info: Longest tpd from source pin "a[1]" to destination pin "cout" is 12.598 ns
    Info: 1: + IC(0.000 ns) + CELL(0.850 ns) = 0.850 ns; Loc. = PIN_B9; Fanout = 4; PIN Node = 'a[1]'
    Info: 2: + IC(5.100 ns) + CELL(0.436 ns) = 6.386 ns; Loc. = LCCOMB_X23_Y35_N10; Fanout = 1; COMB Node = 'SuperAdder:comb_4|WideOr0~198'
    Info: 3: + IC(0.249 ns) + CELL(0.150 ns) = 6.785 ns; Loc. = LCCOMB_X23_Y35_N18; Fanout = 2; COMB Node = 'SuperAdder:comb_4|WideOr0~199'
    Info: 4: + IC(0.263 ns) + CELL(0.420 ns) = 7.468 ns; Loc. = LCCOMB_X23_Y35_N2; Fanout = 4; COMB Node = 'SuperAdder:comb_4|WideOr0~200'
    Info: 5: + IC(0.459 ns) + CELL(0.413 ns) = 8.340 ns; Loc. = LCCOMB_X24_Y35_N18; Fanout = 2; COMB Node = 'SuperAdder:comb_5|s[3]~282'
    Info: 6: + IC(0.256 ns) + CELL(0.420 ns) = 9.016 ns; Loc. = LCCOMB_X24_Y35_N2; Fanout = 1; COMB Node = 'SuperAdder:comb_5|WideOr0~262'
    Info: 7: + IC(0.814 ns) + CELL(2.768 ns) = 12.598 ns; Loc. = PIN_F12; Fanout = 0; PIN Node = 'cout'
    Info: Total cell delay = 5.457 ns ( 43.32 % )
    Info: Total interconnect delay = 7.141 ns ( 56.68 % )
Info: Quartus II Classic Timing Analyzer was successful. 0 errors, 0 warnings
    Info: Allocated 178 megabytes of memory during processing
    Info: Processing ended: Sun May 18 00:48:13 2014
    Info: Elapsed time: 00:00:00


