Classic Timing Analyzer report for Dflipflop
Wed May 07 12:40:02 2014
Quartus II Version 7.2 Build 151 09/26/2007 SJ Web Edition


---------------------
; Table of Contents ;
---------------------
  1. Legal Notice
  2. Timing Analyzer Summary
  3. Timing Analyzer Settings
  4. tpd
  5. Timing Analyzer Messages



----------------
; Legal Notice ;
----------------
Copyright (C) 1991-2007 Altera Corporation
Your use of Altera Corporation's design tools, logic functions 
and other software and tools, and its AMPP partner logic 
functions, and any output files from any of the foregoing 
(including device programming or simulation files), and any 
associated documentation or information are expressly subject 
to the terms and conditions of the Altera Program License 
Subscription Agreement, Altera MegaCore Function License 
Agreement, or other applicable license agreement, including, 
without limitation, that your use is for the sole purpose of 
programming logic devices manufactured by Altera and sold by 
Altera or its authorized distributors.  Please refer to the 
applicable agreement for further details.



+-----------------------------------------------------------------------------------------------------------------------------+
; Timing Analyzer Summary                                                                                                     ;
+------------------------------+-------+---------------+-------------+--------+--------+------------+----------+--------------+
; Type                         ; Slack ; Required Time ; Actual Time ; From   ; To     ; From Clock ; To Clock ; Failed Paths ;
+------------------------------+-------+---------------+-------------+--------+--------+------------+----------+--------------+
; Worst-case tpd               ; N/A   ; None          ; 13.296 ns   ; KEY[0] ; LED[0] ; --         ; --       ; 0            ;
; Total number of failed paths ;       ;               ;             ;        ;        ;            ;          ; 0            ;
+------------------------------+-------+---------------+-------------+--------+--------+------------+----------+--------------+


+---------------------------------------------------------------------------------------------------------------+
; Timing Analyzer Settings                                                                                      ;
+----------------------------------------------------------------+--------------------+------+----+-------------+
; Option                                                         ; Setting            ; From ; To ; Entity Name ;
+----------------------------------------------------------------+--------------------+------+----+-------------+
; Device Name                                                    ; EP2C35F672C6       ;      ;    ;             ;
; Timing Models                                                  ; Final              ;      ;    ;             ;
; Default hold multicycle                                        ; Same as Multicycle ;      ;    ;             ;
; Cut paths between unrelated clock domains                      ; On                 ;      ;    ;             ;
; Cut off read during write signal paths                         ; On                 ;      ;    ;             ;
; Cut off feedback from I/O pins                                 ; On                 ;      ;    ;             ;
; Report Combined Fast/Slow Timing                               ; Off                ;      ;    ;             ;
; Ignore Clock Settings                                          ; Off                ;      ;    ;             ;
; Analyze latches as synchronous elements                        ; On                 ;      ;    ;             ;
; Enable Recovery/Removal analysis                               ; Off                ;      ;    ;             ;
; Enable Clock Latency                                           ; Off                ;      ;    ;             ;
; Use TimeQuest Timing Analyzer                                  ; Off                ;      ;    ;             ;
; Number of source nodes to report per destination node          ; 10                 ;      ;    ;             ;
; Number of destination nodes to report                          ; 10                 ;      ;    ;             ;
; Number of paths to report                                      ; 200                ;      ;    ;             ;
; Report Minimum Timing Checks                                   ; Off                ;      ;    ;             ;
; Use Fast Timing Models                                         ; Off                ;      ;    ;             ;
; Report IO Paths Separately                                     ; Off                ;      ;    ;             ;
; Perform Multicorner Analysis                                   ; On                 ;      ;    ;             ;
; Reports the worst-case path for each clock domain and analysis ; Off                ;      ;    ;             ;
+----------------------------------------------------------------+--------------------+------+----+-------------+


+---------------------------------------------------------------+
; tpd                                                           ;
+-------+-------------------+-----------------+--------+--------+
; Slack ; Required P2P Time ; Actual P2P Time ; From   ; To     ;
+-------+-------------------+-----------------+--------+--------+
; N/A   ; None              ; 13.296 ns       ; KEY[0] ; LED[0] ;
; N/A   ; None              ; 12.922 ns       ; KEY[1] ; LED[0] ;
; N/A   ; None              ; 12.766 ns       ; KEY[2] ; LED[0] ;
; N/A   ; None              ; 7.840 ns        ; SW[0]  ; LED[0] ;
+-------+-------------------+-----------------+--------+--------+


+--------------------------+
; Timing Analyzer Messages ;
+--------------------------+
Info: *******************************************************************
Info: Running Quartus II Classic Timing Analyzer
    Info: Version 7.2 Build 151 09/26/2007 SJ Web Edition
    Info: Processing started: Wed May 07 12:40:02 2014
Info: Command: quartus_tan --read_settings_files=off --write_settings_files=off Dflipflop -c Dflipflop --timing_analysis_only
Warning: Found combinational loop of 1 nodes
    Warning: Node "Dflipflop:comb_65|WideNand4~33"
Warning: Found combinational loop of 3 nodes
    Warning: Node "Dflipflop:comb_65|WideNand2"
    Warning: Node "Dflipflop:comb_65|WideNand2~25"
    Warning: Node "Dflipflop:comb_65|WideNand1~45"
Info: Longest tpd from source pin "KEY[0]" to destination pin "LED[0]" is 13.296 ns
    Info: 1: + IC(0.000 ns) + CELL(0.862 ns) = 0.862 ns; Loc. = PIN_G26; Fanout = 4; PIN Node = 'KEY[0]'
    Info: 2: + IC(0.000 ns) + CELL(6.623 ns) = 7.485 ns; Loc. = LCCOMB_X64_Y19_N0; Fanout = 2; COMB LOOP Node = 'Dflipflop:comb_65|WideNand2'
        Info: Loc. = LCCOMB_X64_Y19_N0; Node "Dflipflop:comb_65|WideNand2"
        Info: Loc. = LCCOMB_X64_Y19_N2; Node "Dflipflop:comb_65|WideNand2~25"
        Info: Loc. = LCCOMB_X64_Y19_N6; Node "Dflipflop:comb_65|WideNand1~45"
    Info: 3: + IC(0.246 ns) + CELL(0.150 ns) = 7.881 ns; Loc. = LCCOMB_X64_Y19_N10; Fanout = 2; COMB Node = 'Dflipflop:comb_65|WideNand3~13'
    Info: 4: + IC(0.000 ns) + CELL(0.704 ns) = 8.585 ns; Loc. = LCCOMB_X64_Y19_N12; Fanout = 2; COMB LOOP Node = 'Dflipflop:comb_65|WideNand4~33'
        Info: Loc. = LCCOMB_X64_Y19_N2; Node "Dflipflop:comb_65|WideNand2~25"
        Info: Loc. = LCCOMB_X64_Y19_N12; Node "Dflipflop:comb_65|WideNand4~33"
        Info: Loc. = LCCOMB_X64_Y19_N0; Node "Dflipflop:comb_65|WideNand2"
        Info: Loc. = LCCOMB_X64_Y19_N6; Node "Dflipflop:comb_65|WideNand1~45"
    Info: 5: + IC(1.893 ns) + CELL(2.818 ns) = 13.296 ns; Loc. = PIN_AE23; Fanout = 0; PIN Node = 'LED[0]'
    Info: Total cell delay = 11.157 ns ( 83.91 % )
    Info: Total interconnect delay = 2.139 ns ( 16.09 % )
Info: Quartus II Classic Timing Analyzer was successful. 0 errors, 6 warnings
    Info: Allocated 175 megabytes of memory during processing
    Info: Processing ended: Wed May 07 12:40:02 2014
    Info: Elapsed time: 00:00:00


