Classic Timing Analyzer report for main
Mon May 26 12:49:09 2014
Quartus II Version 7.2 Build 151 09/26/2007 SJ Web Edition


---------------------
; Table of Contents ;
---------------------
  1. Legal Notice
  2. Timing Analyzer Summary
  3. Timing Analyzer Settings
  4. Clock Settings Summary
  5. Clock Setup: 'sysclk'
  6. tsu
  7. tco
  8. tpd
  9. th
 10. Timing Analyzer Messages



----------------
; Legal Notice ;
----------------
Copyright (C) 1991-2007 Altera Corporation
Your use of Altera Corporation's design tools, logic functions 
and other software and tools, and its AMPP partner logic 
functions, and any output files from any of the foregoing 
(including device programming or simulation files), and any 
associated documentation or information are expressly subject 
to the terms and conditions of the Altera Program License 
Subscription Agreement, Altera MegaCore Function License 
Agreement, or other applicable license agreement, including, 
without limitation, that your use is for the sole purpose of 
programming logic devices manufactured by Altera and sold by 
Altera or its authorized distributors.  Please refer to the 
applicable agreement for further details.



+---------------------------------------------------------------------------------------------------------------------------------------------------------------------------------------------------------------------+
; Timing Analyzer Summary                                                                                                                                                                                             ;
+------------------------------+-------+---------------+----------------------------------+-----------------------------------------+------------------------------------------+------------+----------+--------------+
; Type                         ; Slack ; Required Time ; Actual Time                      ; From                                    ; To                                       ; From Clock ; To Clock ; Failed Paths ;
+------------------------------+-------+---------------+----------------------------------+-----------------------------------------+------------------------------------------+------------+----------+--------------+
; Worst-case tsu               ; N/A   ; None          ; 2.779 ns                         ; SW[0]                                   ; signalinput:u0|state[13]                 ; --         ; sysclk   ; 0            ;
; Worst-case tco               ; N/A   ; None          ; 14.169 ns                        ; frequency:u1|R[1]                       ; H0[2]                                    ; sysclk     ; --       ; 0            ;
; Worst-case tpd               ; N/A   ; None          ; 6.726 ns                         ; SW[7]                                   ; LED[7]                                   ; --         ; --       ; 0            ;
; Worst-case th                ; N/A   ; None          ; 3.422 ns                         ; SW[7]                                   ; frequency:u1|DecimalCounter:comb_4|r[2]  ; --         ; sysclk   ; 0            ;
; Clock Setup: 'sysclk'        ; N/A   ; None          ; 149.59 MHz ( period = 6.685 ns ) ; frequency:u1|DecimalCounter:comb_4|D[3] ; frequency:u1|DecimalCounter:comb_4|D[17] ; sysclk     ; sysclk   ; 0            ;
; Total number of failed paths ;       ;               ;                                  ;                                         ;                                          ;            ;          ; 0            ;
+------------------------------+-------+---------------+----------------------------------+-----------------------------------------+------------------------------------------+------------+----------+--------------+


+---------------------------------------------------------------------------------------------------------------+
; Timing Analyzer Settings                                                                                      ;
+----------------------------------------------------------------+--------------------+------+----+-------------+
; Option                                                         ; Setting            ; From ; To ; Entity Name ;
+----------------------------------------------------------------+--------------------+------+----+-------------+
; Device Name                                                    ; EP2C35F672C6       ;      ;    ;             ;
; Timing Models                                                  ; Final              ;      ;    ;             ;
; Default hold multicycle                                        ; Same as Multicycle ;      ;    ;             ;
; Cut paths between unrelated clock domains                      ; On                 ;      ;    ;             ;
; Cut off read during write signal paths                         ; On                 ;      ;    ;             ;
; Cut off feedback from I/O pins                                 ; On                 ;      ;    ;             ;
; Report Combined Fast/Slow Timing                               ; Off                ;      ;    ;             ;
; Ignore Clock Settings                                          ; Off                ;      ;    ;             ;
; Analyze latches as synchronous elements                        ; On                 ;      ;    ;             ;
; Enable Recovery/Removal analysis                               ; Off                ;      ;    ;             ;
; Enable Clock Latency                                           ; Off                ;      ;    ;             ;
; Use TimeQuest Timing Analyzer                                  ; Off                ;      ;    ;             ;
; Number of source nodes to report per destination node          ; 10                 ;      ;    ;             ;
; Number of destination nodes to report                          ; 10                 ;      ;    ;             ;
; Number of paths to report                                      ; 200                ;      ;    ;             ;
; Report Minimum Timing Checks                                   ; Off                ;      ;    ;             ;
; Use Fast Timing Models                                         ; Off                ;      ;    ;             ;
; Report IO Paths Separately                                     ; Off                ;      ;    ;             ;
; Perform Multicorner Analysis                                   ; On                 ;      ;    ;             ;
; Reports the worst-case path for each clock domain and analysis ; Off                ;      ;    ;             ;
+----------------------------------------------------------------+--------------------+------+----+-------------+


+------------------------------------------------------------------------------------------------------------------------------------------------------------------------------------+
; Clock Settings Summary                                                                                                                                                             ;
+-----------------+--------------------+----------+------------------+---------------+--------------+----------+-----------------------+---------------------+--------+--------------+
; Clock Node Name ; Clock Setting Name ; Type     ; Fmax Requirement ; Early Latency ; Late Latency ; Based on ; Multiply Base Fmax by ; Divide Base Fmax by ; Offset ; Phase offset ;
+-----------------+--------------------+----------+------------------+---------------+--------------+----------+-----------------------+---------------------+--------+--------------+
; sysclk          ;                    ; User Pin ; None             ; 0.000 ns      ; 0.000 ns     ; --       ; N/A                   ; N/A                 ; N/A    ;              ;
+-----------------+--------------------+----------+------------------+---------------+--------------+----------+-----------------------+---------------------+--------+--------------+


+------------------------------------------------------------------------------------------------------------------------------------------------------------------------------------------------------------------------------------------------------------------------------------------------+
; Clock Setup: 'sysclk'                                                                                                                                                                                                                                                                          ;
+-----------------------------------------+-----------------------------------------------------+-----------------------------------------+------------------------------------------+------------+----------+-----------------------------+---------------------------+-------------------------+
; Slack                                   ; Actual fmax (period)                                ; From                                    ; To                                       ; From Clock ; To Clock ; Required Setup Relationship ; Required Longest P2P Time ; Actual Longest P2P Time ;
+-----------------------------------------+-----------------------------------------------------+-----------------------------------------+------------------------------------------+------------+----------+-----------------------------+---------------------------+-------------------------+
; N/A                                     ; 149.59 MHz ( period = 6.685 ns )                    ; frequency:u1|DecimalCounter:comb_4|D[3] ; frequency:u1|DecimalCounter:comb_4|D[17] ; sysclk     ; sysclk   ; None                        ; None                      ; 6.461 ns                ;
; N/A                                     ; 150.02 MHz ( period = 6.666 ns )                    ; frequency:u1|DecimalCounter:comb_4|D[2] ; frequency:u1|DecimalCounter:comb_4|D[17] ; sysclk     ; sysclk   ; None                        ; None                      ; 6.442 ns                ;
; N/A                                     ; 152.72 MHz ( period = 6.548 ns )                    ; frequency:u1|DecimalCounter:comb_4|D[0] ; frequency:u1|DecimalCounter:comb_4|D[17] ; sysclk     ; sysclk   ; None                        ; None                      ; 6.324 ns                ;
; N/A                                     ; 155.76 MHz ( period = 6.420 ns )                    ; frequency:u1|DecimalCounter:comb_4|D[1] ; frequency:u1|DecimalCounter:comb_4|D[17] ; sysclk     ; sysclk   ; None                        ; None                      ; 6.196 ns                ;
; N/A                                     ; 158.68 MHz ( period = 6.302 ns )                    ; frequency:u1|DecimalCounter:comb_4|D[3] ; frequency:u1|DecimalCounter:comb_4|D[19] ; sysclk     ; sysclk   ; None                        ; None                      ; 6.079 ns                ;
; N/A                                     ; 159.16 MHz ( period = 6.283 ns )                    ; frequency:u1|DecimalCounter:comb_4|D[2] ; frequency:u1|DecimalCounter:comb_4|D[19] ; sysclk     ; sysclk   ; None                        ; None                      ; 6.060 ns                ;
; N/A                                     ; 159.41 MHz ( period = 6.273 ns )                    ; frequency:u1|DecimalCounter:comb_4|D[6] ; frequency:u1|DecimalCounter:comb_4|D[17] ; sysclk     ; sysclk   ; None                        ; None                      ; 6.065 ns                ;
; N/A                                     ; 161.94 MHz ( period = 6.175 ns )                    ; frequency:u1|DecimalCounter:comb_4|D[4] ; frequency:u1|DecimalCounter:comb_4|D[17] ; sysclk     ; sysclk   ; None                        ; None                      ; 5.967 ns                ;
; N/A                                     ; 162.21 MHz ( period = 6.165 ns )                    ; frequency:u1|DecimalCounter:comb_4|D[0] ; frequency:u1|DecimalCounter:comb_4|D[19] ; sysclk     ; sysclk   ; None                        ; None                      ; 5.942 ns                ;
; N/A                                     ; 162.87 MHz ( period = 6.140 ns )                    ; frequency:u1|count[0]                   ; frequency:u1|count[7]                    ; sysclk     ; sysclk   ; None                        ; None                      ; 5.926 ns                ;
; N/A                                     ; 165.65 MHz ( period = 6.037 ns )                    ; frequency:u1|DecimalCounter:comb_4|D[1] ; frequency:u1|DecimalCounter:comb_4|D[19] ; sysclk     ; sysclk   ; None                        ; None                      ; 5.814 ns                ;
; N/A                                     ; 165.84 MHz ( period = 6.030 ns )                    ; frequency:u1|count[1]                   ; frequency:u1|count[7]                    ; sysclk     ; sysclk   ; None                        ; None                      ; 5.816 ns                ;
; N/A                                     ; 166.69 MHz ( period = 5.999 ns )                    ; frequency:u1|count[2]                   ; frequency:u1|count[7]                    ; sysclk     ; sysclk   ; None                        ; None                      ; 5.785 ns                ;
; N/A                                     ; 168.69 MHz ( period = 5.928 ns )                    ; frequency:u1|count[3]                   ; frequency:u1|count[7]                    ; sysclk     ; sysclk   ; None                        ; None                      ; 5.714 ns                ;
; N/A                                     ; 169.78 MHz ( period = 5.890 ns )                    ; frequency:u1|DecimalCounter:comb_4|D[6] ; frequency:u1|DecimalCounter:comb_4|D[19] ; sysclk     ; sysclk   ; None                        ; None                      ; 5.683 ns                ;
; N/A                                     ; 169.98 MHz ( period = 5.883 ns )                    ; frequency:u1|DecimalCounter:comb_4|D[5] ; frequency:u1|DecimalCounter:comb_4|D[17] ; sysclk     ; sysclk   ; None                        ; None                      ; 5.675 ns                ;
; N/A                                     ; 170.39 MHz ( period = 5.869 ns )                    ; frequency:u1|count[0]                   ; frequency:u1|count[14]                   ; sysclk     ; sysclk   ; None                        ; None                      ; 5.658 ns                ;
; N/A                                     ; 170.39 MHz ( period = 5.869 ns )                    ; frequency:u1|count[0]                   ; frequency:u1|count[22]                   ; sysclk     ; sysclk   ; None                        ; None                      ; 5.658 ns                ;
; N/A                                     ; 171.79 MHz ( period = 5.821 ns )                    ; frequency:u1|count[4]                   ; frequency:u1|count[7]                    ; sysclk     ; sysclk   ; None                        ; None                      ; 5.607 ns                ;
; N/A                                     ; 172.65 MHz ( period = 5.792 ns )                    ; frequency:u1|DecimalCounter:comb_4|D[4] ; frequency:u1|DecimalCounter:comb_4|D[19] ; sysclk     ; sysclk   ; None                        ; None                      ; 5.585 ns                ;
; N/A                                     ; 173.64 MHz ( period = 5.759 ns )                    ; frequency:u1|count[1]                   ; frequency:u1|count[14]                   ; sysclk     ; sysclk   ; None                        ; None                      ; 5.548 ns                ;
; N/A                                     ; 173.64 MHz ( period = 5.759 ns )                    ; frequency:u1|count[1]                   ; frequency:u1|count[22]                   ; sysclk     ; sysclk   ; None                        ; None                      ; 5.548 ns                ;
; N/A                                     ; 174.58 MHz ( period = 5.728 ns )                    ; frequency:u1|count[2]                   ; frequency:u1|count[14]                   ; sysclk     ; sysclk   ; None                        ; None                      ; 5.517 ns                ;
; N/A                                     ; 174.58 MHz ( period = 5.728 ns )                    ; frequency:u1|count[2]                   ; frequency:u1|count[22]                   ; sysclk     ; sysclk   ; None                        ; None                      ; 5.517 ns                ;
; N/A                                     ; 174.64 MHz ( period = 5.726 ns )                    ; frequency:u1|count[0]                   ; frequency:u1|count[21]                   ; sysclk     ; sysclk   ; None                        ; None                      ; 5.514 ns                ;
; N/A                                     ; 174.64 MHz ( period = 5.726 ns )                    ; frequency:u1|count[0]                   ; frequency:u1|count[12]                   ; sysclk     ; sysclk   ; None                        ; None                      ; 5.514 ns                ;
; N/A                                     ; 174.67 MHz ( period = 5.725 ns )                    ; frequency:u1|count[0]                   ; frequency:u1|count[20]                   ; sysclk     ; sysclk   ; None                        ; None                      ; 5.513 ns                ;
; N/A                                     ; 174.73 MHz ( period = 5.723 ns )                    ; frequency:u1|count[0]                   ; frequency:u1|count[25]                   ; sysclk     ; sysclk   ; None                        ; None                      ; 5.511 ns                ;
; N/A                                     ; 174.83 MHz ( period = 5.720 ns )                    ; frequency:u1|count[0]                   ; frequency:u1|count[17]                   ; sysclk     ; sysclk   ; None                        ; None                      ; 5.508 ns                ;
; N/A                                     ; 174.83 MHz ( period = 5.720 ns )                    ; frequency:u1|count[0]                   ; frequency:u1|count[23]                   ; sysclk     ; sysclk   ; None                        ; None                      ; 5.508 ns                ;
; N/A                                     ; 174.95 MHz ( period = 5.716 ns )                    ; frequency:u1|count[0]                   ; frequency:u1|count[15]                   ; sysclk     ; sysclk   ; None                        ; None                      ; 5.504 ns                ;
; N/A                                     ; 174.95 MHz ( period = 5.716 ns )                    ; frequency:u1|count[0]                   ; frequency:u1|count[19]                   ; sysclk     ; sysclk   ; None                        ; None                      ; 5.504 ns                ;
; N/A                                     ; 175.04 MHz ( period = 5.713 ns )                    ; frequency:u1|count[0]                   ; frequency:u1|count[13]                   ; sysclk     ; sysclk   ; None                        ; None                      ; 5.501 ns                ;
; N/A                                     ; 175.28 MHz ( period = 5.705 ns )                    ; frequency:u1|DecimalCounter:comb_4|D[7] ; frequency:u1|DecimalCounter:comb_4|D[17] ; sysclk     ; sysclk   ; None                        ; None                      ; 5.497 ns                ;
; N/A                                     ; 175.44 MHz ( period = 5.700 ns )                    ; frequency:u1|count[5]                   ; frequency:u1|count[7]                    ; sysclk     ; sysclk   ; None                        ; None                      ; 5.486 ns                ;
; N/A                                     ; 176.77 MHz ( period = 5.657 ns )                    ; frequency:u1|count[3]                   ; frequency:u1|count[14]                   ; sysclk     ; sysclk   ; None                        ; None                      ; 5.446 ns                ;
; N/A                                     ; 176.77 MHz ( period = 5.657 ns )                    ; frequency:u1|count[3]                   ; frequency:u1|count[22]                   ; sysclk     ; sysclk   ; None                        ; None                      ; 5.446 ns                ;
; N/A                                     ; 178.06 MHz ( period = 5.616 ns )                    ; frequency:u1|count[1]                   ; frequency:u1|count[21]                   ; sysclk     ; sysclk   ; None                        ; None                      ; 5.404 ns                ;
; N/A                                     ; 178.06 MHz ( period = 5.616 ns )                    ; frequency:u1|count[1]                   ; frequency:u1|count[12]                   ; sysclk     ; sysclk   ; None                        ; None                      ; 5.404 ns                ;
; N/A                                     ; 178.09 MHz ( period = 5.615 ns )                    ; frequency:u1|count[1]                   ; frequency:u1|count[20]                   ; sysclk     ; sysclk   ; None                        ; None                      ; 5.403 ns                ;
; N/A                                     ; 178.16 MHz ( period = 5.613 ns )                    ; frequency:u1|count[1]                   ; frequency:u1|count[25]                   ; sysclk     ; sysclk   ; None                        ; None                      ; 5.401 ns                ;
; N/A                                     ; 178.25 MHz ( period = 5.610 ns )                    ; frequency:u1|count[1]                   ; frequency:u1|count[17]                   ; sysclk     ; sysclk   ; None                        ; None                      ; 5.398 ns                ;
; N/A                                     ; 178.25 MHz ( period = 5.610 ns )                    ; frequency:u1|count[1]                   ; frequency:u1|count[23]                   ; sysclk     ; sysclk   ; None                        ; None                      ; 5.398 ns                ;
; N/A                                     ; 178.38 MHz ( period = 5.606 ns )                    ; frequency:u1|count[1]                   ; frequency:u1|count[15]                   ; sysclk     ; sysclk   ; None                        ; None                      ; 5.394 ns                ;
; N/A                                     ; 178.38 MHz ( period = 5.606 ns )                    ; frequency:u1|count[1]                   ; frequency:u1|count[19]                   ; sysclk     ; sysclk   ; None                        ; None                      ; 5.394 ns                ;
; N/A                                     ; 178.48 MHz ( period = 5.603 ns )                    ; frequency:u1|count[1]                   ; frequency:u1|count[13]                   ; sysclk     ; sysclk   ; None                        ; None                      ; 5.391 ns                ;
; N/A                                     ; 178.57 MHz ( period = 5.600 ns )                    ; frequency:u1|count[12]                  ; frequency:u1|count[7]                    ; sysclk     ; sysclk   ; None                        ; None                      ; 5.384 ns                ;
; N/A                                     ; 178.86 MHz ( period = 5.591 ns )                    ; frequency:u1|count[6]                   ; frequency:u1|count[7]                    ; sysclk     ; sysclk   ; None                        ; None                      ; 5.377 ns                ;
; N/A                                     ; 179.05 MHz ( period = 5.585 ns )                    ; frequency:u1|count[2]                   ; frequency:u1|count[21]                   ; sysclk     ; sysclk   ; None                        ; None                      ; 5.373 ns                ;
; N/A                                     ; 179.05 MHz ( period = 5.585 ns )                    ; frequency:u1|count[2]                   ; frequency:u1|count[12]                   ; sysclk     ; sysclk   ; None                        ; None                      ; 5.373 ns                ;
; N/A                                     ; 179.08 MHz ( period = 5.584 ns )                    ; frequency:u1|count[2]                   ; frequency:u1|count[20]                   ; sysclk     ; sysclk   ; None                        ; None                      ; 5.372 ns                ;
; N/A                                     ; 179.12 MHz ( period = 5.583 ns )                    ; frequency:u1|DecimalCounter:comb_4|D[3] ; frequency:u1|DecimalCounter:comb_4|D[18] ; sysclk     ; sysclk   ; None                        ; None                      ; 5.360 ns                ;
; N/A                                     ; 179.15 MHz ( period = 5.582 ns )                    ; frequency:u1|count[2]                   ; frequency:u1|count[25]                   ; sysclk     ; sysclk   ; None                        ; None                      ; 5.370 ns                ;
; N/A                                     ; 179.24 MHz ( period = 5.579 ns )                    ; frequency:u1|count[2]                   ; frequency:u1|count[17]                   ; sysclk     ; sysclk   ; None                        ; None                      ; 5.367 ns                ;
; N/A                                     ; 179.24 MHz ( period = 5.579 ns )                    ; frequency:u1|count[2]                   ; frequency:u1|count[23]                   ; sysclk     ; sysclk   ; None                        ; None                      ; 5.367 ns                ;
; N/A                                     ; 179.37 MHz ( period = 5.575 ns )                    ; frequency:u1|count[2]                   ; frequency:u1|count[15]                   ; sysclk     ; sysclk   ; None                        ; None                      ; 5.363 ns                ;
; N/A                                     ; 179.37 MHz ( period = 5.575 ns )                    ; frequency:u1|count[2]                   ; frequency:u1|count[19]                   ; sysclk     ; sysclk   ; None                        ; None                      ; 5.363 ns                ;
; N/A                                     ; 179.47 MHz ( period = 5.572 ns )                    ; frequency:u1|count[2]                   ; frequency:u1|count[13]                   ; sysclk     ; sysclk   ; None                        ; None                      ; 5.360 ns                ;
; N/A                                     ; 179.73 MHz ( period = 5.564 ns )                    ; frequency:u1|DecimalCounter:comb_4|D[2] ; frequency:u1|DecimalCounter:comb_4|D[18] ; sysclk     ; sysclk   ; None                        ; None                      ; 5.341 ns                ;
; N/A                                     ; 180.18 MHz ( period = 5.550 ns )                    ; frequency:u1|count[4]                   ; frequency:u1|count[14]                   ; sysclk     ; sysclk   ; None                        ; None                      ; 5.339 ns                ;
; N/A                                     ; 180.18 MHz ( period = 5.550 ns )                    ; frequency:u1|count[4]                   ; frequency:u1|count[22]                   ; sysclk     ; sysclk   ; None                        ; None                      ; 5.339 ns                ;
; N/A                                     ; 181.00 MHz ( period = 5.525 ns )                    ; frequency:u1|count[7]                   ; frequency:u1|count[7]                    ; sysclk     ; sysclk   ; None                        ; None                      ; 5.311 ns                ;
; N/A                                     ; 181.19 MHz ( period = 5.519 ns )                    ; signalinput:u0|state[1]                 ; signalinput:u0|state[18]                 ; sysclk     ; sysclk   ; None                        ; None                      ; 5.304 ns                ;
; N/A                                     ; 181.19 MHz ( period = 5.519 ns )                    ; signalinput:u0|state[1]                 ; signalinput:u0|state[13]                 ; sysclk     ; sysclk   ; None                        ; None                      ; 5.304 ns                ;
; N/A                                     ; 181.36 MHz ( period = 5.514 ns )                    ; frequency:u1|count[3]                   ; frequency:u1|count[21]                   ; sysclk     ; sysclk   ; None                        ; None                      ; 5.302 ns                ;
; N/A                                     ; 181.36 MHz ( period = 5.514 ns )                    ; frequency:u1|count[3]                   ; frequency:u1|count[12]                   ; sysclk     ; sysclk   ; None                        ; None                      ; 5.302 ns                ;
; N/A                                     ; 181.39 MHz ( period = 5.513 ns )                    ; frequency:u1|count[3]                   ; frequency:u1|count[20]                   ; sysclk     ; sysclk   ; None                        ; None                      ; 5.301 ns                ;
; N/A                                     ; 181.42 MHz ( period = 5.512 ns )                    ; signalinput:u0|state[1]                 ; signalinput:u0|state[11]                 ; sysclk     ; sysclk   ; None                        ; None                      ; 5.297 ns                ;
; N/A                                     ; 181.46 MHz ( period = 5.511 ns )                    ; frequency:u1|count[3]                   ; frequency:u1|count[25]                   ; sysclk     ; sysclk   ; None                        ; None                      ; 5.299 ns                ;
; N/A                                     ; 181.55 MHz ( period = 5.508 ns )                    ; frequency:u1|count[3]                   ; frequency:u1|count[17]                   ; sysclk     ; sysclk   ; None                        ; None                      ; 5.296 ns                ;
; N/A                                     ; 181.55 MHz ( period = 5.508 ns )                    ; frequency:u1|count[3]                   ; frequency:u1|count[23]                   ; sysclk     ; sysclk   ; None                        ; None                      ; 5.296 ns                ;
; N/A                                     ; 181.69 MHz ( period = 5.504 ns )                    ; frequency:u1|count[3]                   ; frequency:u1|count[15]                   ; sysclk     ; sysclk   ; None                        ; None                      ; 5.292 ns                ;
; N/A                                     ; 181.69 MHz ( period = 5.504 ns )                    ; frequency:u1|count[3]                   ; frequency:u1|count[19]                   ; sysclk     ; sysclk   ; None                        ; None                      ; 5.292 ns                ;
; N/A                                     ; 181.79 MHz ( period = 5.501 ns )                    ; frequency:u1|count[3]                   ; frequency:u1|count[13]                   ; sysclk     ; sysclk   ; None                        ; None                      ; 5.289 ns                ;
; N/A                                     ; 181.82 MHz ( period = 5.500 ns )                    ; frequency:u1|DecimalCounter:comb_4|D[5] ; frequency:u1|DecimalCounter:comb_4|D[19] ; sysclk     ; sysclk   ; None                        ; None                      ; 5.293 ns                ;
; N/A                                     ; 182.95 MHz ( period = 5.466 ns )                    ; frequency:u1|count[0]                   ; frequency:u1|rst                         ; sysclk     ; sysclk   ; None                        ; None                      ; 5.510 ns                ;
; N/A                                     ; 182.98 MHz ( period = 5.465 ns )                    ; signalinput:u0|state[4]                 ; signalinput:u0|state[18]                 ; sysclk     ; sysclk   ; None                        ; None                      ; 5.250 ns                ;
; N/A                                     ; 182.98 MHz ( period = 5.465 ns )                    ; signalinput:u0|state[4]                 ; signalinput:u0|state[13]                 ; sysclk     ; sysclk   ; None                        ; None                      ; 5.250 ns                ;
; N/A                                     ; 183.22 MHz ( period = 5.458 ns )                    ; signalinput:u0|state[4]                 ; signalinput:u0|state[11]                 ; sysclk     ; sysclk   ; None                        ; None                      ; 5.243 ns                ;
; N/A                                     ; 183.52 MHz ( period = 5.449 ns )                    ; frequency:u1|count[8]                   ; frequency:u1|count[7]                    ; sysclk     ; sysclk   ; None                        ; None                      ; 5.235 ns                ;
; N/A                                     ; 183.52 MHz ( period = 5.449 ns )                    ; signalinput:u0|state[2]                 ; signalinput:u0|state[18]                 ; sysclk     ; sysclk   ; None                        ; None                      ; 5.234 ns                ;
; N/A                                     ; 183.52 MHz ( period = 5.449 ns )                    ; signalinput:u0|state[2]                 ; signalinput:u0|state[13]                 ; sysclk     ; sysclk   ; None                        ; None                      ; 5.234 ns                ;
; N/A                                     ; 183.62 MHz ( period = 5.446 ns )                    ; frequency:u1|DecimalCounter:comb_4|D[0] ; frequency:u1|DecimalCounter:comb_4|D[18] ; sysclk     ; sysclk   ; None                        ; None                      ; 5.223 ns                ;
; N/A                                     ; 183.76 MHz ( period = 5.442 ns )                    ; signalinput:u0|state[2]                 ; signalinput:u0|state[11]                 ; sysclk     ; sysclk   ; None                        ; None                      ; 5.227 ns                ;
; N/A                                     ; 184.20 MHz ( period = 5.429 ns )                    ; frequency:u1|count[5]                   ; frequency:u1|count[14]                   ; sysclk     ; sysclk   ; None                        ; None                      ; 5.218 ns                ;
; N/A                                     ; 184.20 MHz ( period = 5.429 ns )                    ; frequency:u1|count[5]                   ; frequency:u1|count[22]                   ; sysclk     ; sysclk   ; None                        ; None                      ; 5.218 ns                ;
; N/A                                     ; 184.60 MHz ( period = 5.417 ns )                    ; frequency:u1|count[9]                   ; frequency:u1|count[7]                    ; sysclk     ; sysclk   ; None                        ; None                      ; 5.203 ns                ;
; N/A                                     ; 184.95 MHz ( period = 5.407 ns )                    ; frequency:u1|count[4]                   ; frequency:u1|count[21]                   ; sysclk     ; sysclk   ; None                        ; None                      ; 5.195 ns                ;
; N/A                                     ; 184.95 MHz ( period = 5.407 ns )                    ; frequency:u1|count[4]                   ; frequency:u1|count[12]                   ; sysclk     ; sysclk   ; None                        ; None                      ; 5.195 ns                ;
; N/A                                     ; 184.98 MHz ( period = 5.406 ns )                    ; frequency:u1|count[4]                   ; frequency:u1|count[20]                   ; sysclk     ; sysclk   ; None                        ; None                      ; 5.194 ns                ;
; N/A                                     ; 185.01 MHz ( period = 5.405 ns )                    ; frequency:u1|DecimalCounter:comb_4|D[3] ; frequency:u1|DecimalCounter:comb_4|D[16] ; sysclk     ; sysclk   ; None                        ; None                      ; 5.181 ns                ;
; N/A                                     ; 185.05 MHz ( period = 5.404 ns )                    ; frequency:u1|count[4]                   ; frequency:u1|count[25]                   ; sysclk     ; sysclk   ; None                        ; None                      ; 5.192 ns                ;
; N/A                                     ; 185.15 MHz ( period = 5.401 ns )                    ; frequency:u1|count[4]                   ; frequency:u1|count[17]                   ; sysclk     ; sysclk   ; None                        ; None                      ; 5.189 ns                ;
; N/A                                     ; 185.15 MHz ( period = 5.401 ns )                    ; frequency:u1|count[4]                   ; frequency:u1|count[23]                   ; sysclk     ; sysclk   ; None                        ; None                      ; 5.189 ns                ;
; N/A                                     ; 185.29 MHz ( period = 5.397 ns )                    ; frequency:u1|count[4]                   ; frequency:u1|count[15]                   ; sysclk     ; sysclk   ; None                        ; None                      ; 5.185 ns                ;
; N/A                                     ; 185.29 MHz ( period = 5.397 ns )                    ; frequency:u1|count[4]                   ; frequency:u1|count[19]                   ; sysclk     ; sysclk   ; None                        ; None                      ; 5.185 ns                ;
; N/A                                     ; 185.36 MHz ( period = 5.395 ns )                    ; signalinput:u0|state[1]                 ; signalinput:u0|state[5]                  ; sysclk     ; sysclk   ; None                        ; None                      ; 5.181 ns                ;
; N/A                                     ; 185.36 MHz ( period = 5.395 ns )                    ; signalinput:u0|state[1]                 ; signalinput:u0|state[6]                  ; sysclk     ; sysclk   ; None                        ; None                      ; 5.181 ns                ;
; N/A                                     ; 185.39 MHz ( period = 5.394 ns )                    ; frequency:u1|count[4]                   ; frequency:u1|count[13]                   ; sysclk     ; sysclk   ; None                        ; None                      ; 5.182 ns                ;
; N/A                                     ; 185.39 MHz ( period = 5.394 ns )                    ; signalinput:u0|state[1]                 ; signalinput:u0|state[7]                  ; sysclk     ; sysclk   ; None                        ; None                      ; 5.180 ns                ;
; N/A                                     ; 185.43 MHz ( period = 5.393 ns )                    ; signalinput:u0|state[1]                 ; signalinput:u0|state[10]                 ; sysclk     ; sysclk   ; None                        ; None                      ; 5.179 ns                ;
; N/A                                     ; 185.43 MHz ( period = 5.393 ns )                    ; signalinput:u0|state[1]                 ; signalinput:u0|state[8]                  ; sysclk     ; sysclk   ; None                        ; None                      ; 5.179 ns                ;
; N/A                                     ; 185.67 MHz ( period = 5.386 ns )                    ; frequency:u1|DecimalCounter:comb_4|D[2] ; frequency:u1|DecimalCounter:comb_4|D[16] ; sysclk     ; sysclk   ; None                        ; None                      ; 5.162 ns                ;
; N/A                                     ; 186.71 MHz ( period = 5.356 ns )                    ; frequency:u1|count[1]                   ; frequency:u1|rst                         ; sysclk     ; sysclk   ; None                        ; None                      ; 5.400 ns                ;
; N/A                                     ; 187.23 MHz ( period = 5.341 ns )                    ; signalinput:u0|state[4]                 ; signalinput:u0|state[5]                  ; sysclk     ; sysclk   ; None                        ; None                      ; 5.127 ns                ;
; N/A                                     ; 187.23 MHz ( period = 5.341 ns )                    ; signalinput:u0|state[4]                 ; signalinput:u0|state[6]                  ; sysclk     ; sysclk   ; None                        ; None                      ; 5.127 ns                ;
; N/A                                     ; 187.27 MHz ( period = 5.340 ns )                    ; signalinput:u0|state[4]                 ; signalinput:u0|state[7]                  ; sysclk     ; sysclk   ; None                        ; None                      ; 5.126 ns                ;
; N/A                                     ; 187.30 MHz ( period = 5.339 ns )                    ; signalinput:u0|state[4]                 ; signalinput:u0|state[10]                 ; sysclk     ; sysclk   ; None                        ; None                      ; 5.125 ns                ;
; N/A                                     ; 187.30 MHz ( period = 5.339 ns )                    ; signalinput:u0|state[4]                 ; signalinput:u0|state[8]                  ; sysclk     ; sysclk   ; None                        ; None                      ; 5.125 ns                ;
; N/A                                     ; 187.65 MHz ( period = 5.329 ns )                    ; frequency:u1|count[12]                  ; frequency:u1|count[14]                   ; sysclk     ; sysclk   ; None                        ; None                      ; 5.116 ns                ;
; N/A                                     ; 187.65 MHz ( period = 5.329 ns )                    ; frequency:u1|count[12]                  ; frequency:u1|count[22]                   ; sysclk     ; sysclk   ; None                        ; None                      ; 5.116 ns                ;
; N/A                                     ; 187.79 MHz ( period = 5.325 ns )                    ; frequency:u1|count[2]                   ; frequency:u1|rst                         ; sysclk     ; sysclk   ; None                        ; None                      ; 5.369 ns                ;
; N/A                                     ; 187.79 MHz ( period = 5.325 ns )                    ; signalinput:u0|state[2]                 ; signalinput:u0|state[5]                  ; sysclk     ; sysclk   ; None                        ; None                      ; 5.111 ns                ;
; N/A                                     ; 187.79 MHz ( period = 5.325 ns )                    ; signalinput:u0|state[2]                 ; signalinput:u0|state[6]                  ; sysclk     ; sysclk   ; None                        ; None                      ; 5.111 ns                ;
; N/A                                     ; 187.83 MHz ( period = 5.324 ns )                    ; signalinput:u0|state[2]                 ; signalinput:u0|state[7]                  ; sysclk     ; sysclk   ; None                        ; None                      ; 5.110 ns                ;
; N/A                                     ; 187.86 MHz ( period = 5.323 ns )                    ; signalinput:u0|state[2]                 ; signalinput:u0|state[10]                 ; sysclk     ; sysclk   ; None                        ; None                      ; 5.109 ns                ;
; N/A                                     ; 187.86 MHz ( period = 5.323 ns )                    ; signalinput:u0|state[2]                 ; signalinput:u0|state[8]                  ; sysclk     ; sysclk   ; None                        ; None                      ; 5.109 ns                ;
; N/A                                     ; 187.90 MHz ( period = 5.322 ns )                    ; frequency:u1|DecimalCounter:comb_4|D[7] ; frequency:u1|DecimalCounter:comb_4|D[19] ; sysclk     ; sysclk   ; None                        ; None                      ; 5.115 ns                ;
; N/A                                     ; 187.97 MHz ( period = 5.320 ns )                    ; frequency:u1|count[6]                   ; frequency:u1|count[14]                   ; sysclk     ; sysclk   ; None                        ; None                      ; 5.109 ns                ;
; N/A                                     ; 187.97 MHz ( period = 5.320 ns )                    ; frequency:u1|count[6]                   ; frequency:u1|count[22]                   ; sysclk     ; sysclk   ; None                        ; None                      ; 5.109 ns                ;
; N/A                                     ; 188.04 MHz ( period = 5.318 ns )                    ; frequency:u1|DecimalCounter:comb_4|D[1] ; frequency:u1|DecimalCounter:comb_4|D[18] ; sysclk     ; sysclk   ; None                        ; None                      ; 5.095 ns                ;
; N/A                                     ; 188.57 MHz ( period = 5.303 ns )                    ; frequency:u1|count[10]                  ; frequency:u1|count[7]                    ; sysclk     ; sysclk   ; None                        ; None                      ; 5.089 ns                ;
; N/A                                     ; 189.07 MHz ( period = 5.289 ns )                    ; signalinput:u0|state[3]                 ; signalinput:u0|state[18]                 ; sysclk     ; sysclk   ; None                        ; None                      ; 5.074 ns                ;
; N/A                                     ; 189.07 MHz ( period = 5.289 ns )                    ; signalinput:u0|state[3]                 ; signalinput:u0|state[13]                 ; sysclk     ; sysclk   ; None                        ; None                      ; 5.074 ns                ;
; N/A                                     ; 189.11 MHz ( period = 5.288 ns )                    ; frequency:u1|DecimalCounter:comb_4|D[8] ; frequency:u1|DecimalCounter:comb_4|D[17] ; sysclk     ; sysclk   ; None                        ; None                      ; 5.073 ns                ;
; N/A                                     ; 189.18 MHz ( period = 5.286 ns )                    ; frequency:u1|count[5]                   ; frequency:u1|count[21]                   ; sysclk     ; sysclk   ; None                        ; None                      ; 5.074 ns                ;
; N/A                                     ; 189.18 MHz ( period = 5.286 ns )                    ; frequency:u1|count[5]                   ; frequency:u1|count[12]                   ; sysclk     ; sysclk   ; None                        ; None                      ; 5.074 ns                ;
; N/A                                     ; 189.21 MHz ( period = 5.285 ns )                    ; frequency:u1|count[5]                   ; frequency:u1|count[20]                   ; sysclk     ; sysclk   ; None                        ; None                      ; 5.073 ns                ;
; N/A                                     ; 189.29 MHz ( period = 5.283 ns )                    ; frequency:u1|count[5]                   ; frequency:u1|count[25]                   ; sysclk     ; sysclk   ; None                        ; None                      ; 5.071 ns                ;
; N/A                                     ; 189.32 MHz ( period = 5.282 ns )                    ; signalinput:u0|state[3]                 ; signalinput:u0|state[11]                 ; sysclk     ; sysclk   ; None                        ; None                      ; 5.067 ns                ;
; N/A                                     ; 189.39 MHz ( period = 5.280 ns )                    ; frequency:u1|count[5]                   ; frequency:u1|count[17]                   ; sysclk     ; sysclk   ; None                        ; None                      ; 5.068 ns                ;
; N/A                                     ; 189.39 MHz ( period = 5.280 ns )                    ; frequency:u1|count[5]                   ; frequency:u1|count[23]                   ; sysclk     ; sysclk   ; None                        ; None                      ; 5.068 ns                ;
; N/A                                     ; 189.54 MHz ( period = 5.276 ns )                    ; frequency:u1|count[5]                   ; frequency:u1|count[15]                   ; sysclk     ; sysclk   ; None                        ; None                      ; 5.064 ns                ;
; N/A                                     ; 189.54 MHz ( period = 5.276 ns )                    ; frequency:u1|count[5]                   ; frequency:u1|count[19]                   ; sysclk     ; sysclk   ; None                        ; None                      ; 5.064 ns                ;
; N/A                                     ; 189.65 MHz ( period = 5.273 ns )                    ; frequency:u1|count[5]                   ; frequency:u1|count[13]                   ; sysclk     ; sysclk   ; None                        ; None                      ; 5.061 ns                ;
; N/A                                     ; 189.83 MHz ( period = 5.268 ns )                    ; frequency:u1|DecimalCounter:comb_4|D[0] ; frequency:u1|DecimalCounter:comb_4|D[16] ; sysclk     ; sysclk   ; None                        ; None                      ; 5.044 ns                ;
; N/A                                     ; 190.33 MHz ( period = 5.254 ns )                    ; frequency:u1|count[3]                   ; frequency:u1|rst                         ; sysclk     ; sysclk   ; None                        ; None                      ; 5.298 ns                ;
; N/A                                     ; 190.33 MHz ( period = 5.254 ns )                    ; frequency:u1|count[7]                   ; frequency:u1|count[14]                   ; sysclk     ; sysclk   ; None                        ; None                      ; 5.043 ns                ;
; N/A                                     ; 190.33 MHz ( period = 5.254 ns )                    ; frequency:u1|count[7]                   ; frequency:u1|count[22]                   ; sysclk     ; sysclk   ; None                        ; None                      ; 5.043 ns                ;
; N/A                                     ; 191.13 MHz ( period = 5.232 ns )                    ; frequency:u1|count[11]                  ; frequency:u1|count[7]                    ; sysclk     ; sysclk   ; None                        ; None                      ; 5.018 ns                ;
; N/A                                     ; 191.83 MHz ( period = 5.213 ns )                    ; signalinput:u0|state[1]                 ; signalinput:u0|state[14]                 ; sysclk     ; sysclk   ; None                        ; None                      ; 5.001 ns                ;
; N/A                                     ; 191.90 MHz ( period = 5.211 ns )                    ; signalinput:u0|state[1]                 ; signalinput:u0|state[9]                  ; sysclk     ; sysclk   ; None                        ; None                      ; 4.999 ns                ;
; N/A                                     ; 191.98 MHz ( period = 5.209 ns )                    ; signalinput:u0|state[1]                 ; signalinput:u0|state[12]                 ; sysclk     ; sysclk   ; None                        ; None                      ; 4.997 ns                ;
; N/A                                     ; 192.27 MHz ( period = 5.201 ns )                    ; signalinput:u0|state[1]                 ; signalinput:u0|state[17]                 ; sysclk     ; sysclk   ; None                        ; None                      ; 4.989 ns                ;
; N/A                                     ; 192.31 MHz ( period = 5.200 ns )                    ; signalinput:u0|state[1]                 ; signalinput:u0|state[16]                 ; sysclk     ; sysclk   ; None                        ; None                      ; 4.988 ns                ;
; N/A                                     ; 192.38 MHz ( period = 5.198 ns )                    ; frequency:u1|count[13]                  ; frequency:u1|count[7]                    ; sysclk     ; sysclk   ; None                        ; None                      ; 4.982 ns                ;
; N/A                                     ; 192.83 MHz ( period = 5.186 ns )                    ; frequency:u1|count[12]                  ; frequency:u1|count[21]                   ; sysclk     ; sysclk   ; None                        ; None                      ; 4.972 ns                ;
; N/A                                     ; 192.83 MHz ( period = 5.186 ns )                    ; frequency:u1|count[12]                  ; frequency:u1|count[12]                   ; sysclk     ; sysclk   ; None                        ; None                      ; 4.972 ns                ;
; N/A                                     ; 192.86 MHz ( period = 5.185 ns )                    ; frequency:u1|count[12]                  ; frequency:u1|count[20]                   ; sysclk     ; sysclk   ; None                        ; None                      ; 4.971 ns                ;
; N/A                                     ; 192.94 MHz ( period = 5.183 ns )                    ; frequency:u1|count[12]                  ; frequency:u1|count[25]                   ; sysclk     ; sysclk   ; None                        ; None                      ; 4.969 ns                ;
; N/A                                     ; 193.05 MHz ( period = 5.180 ns )                    ; frequency:u1|count[12]                  ; frequency:u1|count[17]                   ; sysclk     ; sysclk   ; None                        ; None                      ; 4.966 ns                ;
; N/A                                     ; 193.05 MHz ( period = 5.180 ns )                    ; frequency:u1|count[12]                  ; frequency:u1|count[23]                   ; sysclk     ; sysclk   ; None                        ; None                      ; 4.966 ns                ;
; N/A                                     ; 193.12 MHz ( period = 5.178 ns )                    ; frequency:u1|count[8]                   ; frequency:u1|count[14]                   ; sysclk     ; sysclk   ; None                        ; None                      ; 4.967 ns                ;
; N/A                                     ; 193.12 MHz ( period = 5.178 ns )                    ; frequency:u1|count[8]                   ; frequency:u1|count[22]                   ; sysclk     ; sysclk   ; None                        ; None                      ; 4.967 ns                ;
; N/A                                     ; 193.16 MHz ( period = 5.177 ns )                    ; frequency:u1|count[6]                   ; frequency:u1|count[21]                   ; sysclk     ; sysclk   ; None                        ; None                      ; 4.965 ns                ;
; N/A                                     ; 193.16 MHz ( period = 5.177 ns )                    ; frequency:u1|count[6]                   ; frequency:u1|count[12]                   ; sysclk     ; sysclk   ; None                        ; None                      ; 4.965 ns                ;
; N/A                                     ; 193.20 MHz ( period = 5.176 ns )                    ; frequency:u1|count[6]                   ; frequency:u1|count[20]                   ; sysclk     ; sysclk   ; None                        ; None                      ; 4.964 ns                ;
; N/A                                     ; 193.20 MHz ( period = 5.176 ns )                    ; frequency:u1|count[12]                  ; frequency:u1|count[15]                   ; sysclk     ; sysclk   ; None                        ; None                      ; 4.962 ns                ;
; N/A                                     ; 193.20 MHz ( period = 5.176 ns )                    ; frequency:u1|count[12]                  ; frequency:u1|count[19]                   ; sysclk     ; sysclk   ; None                        ; None                      ; 4.962 ns                ;
; N/A                                     ; 193.27 MHz ( period = 5.174 ns )                    ; frequency:u1|count[6]                   ; frequency:u1|count[25]                   ; sysclk     ; sysclk   ; None                        ; None                      ; 4.962 ns                ;
; N/A                                     ; 193.31 MHz ( period = 5.173 ns )                    ; frequency:u1|count[12]                  ; frequency:u1|count[13]                   ; sysclk     ; sysclk   ; None                        ; None                      ; 4.959 ns                ;
; N/A                                     ; 193.39 MHz ( period = 5.171 ns )                    ; frequency:u1|count[6]                   ; frequency:u1|count[17]                   ; sysclk     ; sysclk   ; None                        ; None                      ; 4.959 ns                ;
; N/A                                     ; 193.39 MHz ( period = 5.171 ns )                    ; frequency:u1|count[6]                   ; frequency:u1|count[23]                   ; sysclk     ; sysclk   ; None                        ; None                      ; 4.959 ns                ;
; N/A                                     ; 193.39 MHz ( period = 5.171 ns )                    ; frequency:u1|DecimalCounter:comb_4|D[6] ; frequency:u1|DecimalCounter:comb_4|D[18] ; sysclk     ; sysclk   ; None                        ; None                      ; 4.964 ns                ;
; N/A                                     ; 193.54 MHz ( period = 5.167 ns )                    ; frequency:u1|count[6]                   ; frequency:u1|count[15]                   ; sysclk     ; sysclk   ; None                        ; None                      ; 4.955 ns                ;
; N/A                                     ; 193.54 MHz ( period = 5.167 ns )                    ; frequency:u1|count[6]                   ; frequency:u1|count[19]                   ; sysclk     ; sysclk   ; None                        ; None                      ; 4.955 ns                ;
; N/A                                     ; 193.61 MHz ( period = 5.165 ns )                    ; signalinput:u0|state[3]                 ; signalinput:u0|state[5]                  ; sysclk     ; sysclk   ; None                        ; None                      ; 4.951 ns                ;
; N/A                                     ; 193.61 MHz ( period = 5.165 ns )                    ; signalinput:u0|state[3]                 ; signalinput:u0|state[6]                  ; sysclk     ; sysclk   ; None                        ; None                      ; 4.951 ns                ;
; N/A                                     ; 193.65 MHz ( period = 5.164 ns )                    ; frequency:u1|count[6]                   ; frequency:u1|count[13]                   ; sysclk     ; sysclk   ; None                        ; None                      ; 4.952 ns                ;
; N/A                                     ; 193.65 MHz ( period = 5.164 ns )                    ; signalinput:u0|state[3]                 ; signalinput:u0|state[7]                  ; sysclk     ; sysclk   ; None                        ; None                      ; 4.950 ns                ;
; N/A                                     ; 193.69 MHz ( period = 5.163 ns )                    ; signalinput:u0|state[3]                 ; signalinput:u0|state[10]                 ; sysclk     ; sysclk   ; None                        ; None                      ; 4.949 ns                ;
; N/A                                     ; 193.69 MHz ( period = 5.163 ns )                    ; signalinput:u0|state[3]                 ; signalinput:u0|state[8]                  ; sysclk     ; sysclk   ; None                        ; None                      ; 4.949 ns                ;
; N/A                                     ; 193.84 MHz ( period = 5.159 ns )                    ; signalinput:u0|state[4]                 ; signalinput:u0|state[14]                 ; sysclk     ; sysclk   ; None                        ; None                      ; 4.947 ns                ;
; N/A                                     ; 193.91 MHz ( period = 5.157 ns )                    ; signalinput:u0|state[4]                 ; signalinput:u0|state[9]                  ; sysclk     ; sysclk   ; None                        ; None                      ; 4.945 ns                ;
; N/A                                     ; 193.99 MHz ( period = 5.155 ns )                    ; signalinput:u0|state[4]                 ; signalinput:u0|state[12]                 ; sysclk     ; sysclk   ; None                        ; None                      ; 4.943 ns                ;
; N/A                                     ; 194.29 MHz ( period = 5.147 ns )                    ; frequency:u1|count[4]                   ; frequency:u1|rst                         ; sysclk     ; sysclk   ; None                        ; None                      ; 5.191 ns                ;
; N/A                                     ; 194.29 MHz ( period = 5.147 ns )                    ; signalinput:u0|state[4]                 ; signalinput:u0|state[17]                 ; sysclk     ; sysclk   ; None                        ; None                      ; 4.935 ns                ;
; N/A                                     ; 194.33 MHz ( period = 5.146 ns )                    ; frequency:u1|count[9]                   ; frequency:u1|count[14]                   ; sysclk     ; sysclk   ; None                        ; None                      ; 4.935 ns                ;
; N/A                                     ; 194.33 MHz ( period = 5.146 ns )                    ; frequency:u1|count[9]                   ; frequency:u1|count[22]                   ; sysclk     ; sysclk   ; None                        ; None                      ; 4.935 ns                ;
; N/A                                     ; 194.33 MHz ( period = 5.146 ns )                    ; signalinput:u0|state[4]                 ; signalinput:u0|state[16]                 ; sysclk     ; sysclk   ; None                        ; None                      ; 4.934 ns                ;
; N/A                                     ; 194.44 MHz ( period = 5.143 ns )                    ; signalinput:u0|state[2]                 ; signalinput:u0|state[14]                 ; sysclk     ; sysclk   ; None                        ; None                      ; 4.931 ns                ;
; N/A                                     ; 194.51 MHz ( period = 5.141 ns )                    ; signalinput:u0|state[2]                 ; signalinput:u0|state[9]                  ; sysclk     ; sysclk   ; None                        ; None                      ; 4.929 ns                ;
; N/A                                     ; 194.55 MHz ( period = 5.140 ns )                    ; frequency:u1|DecimalCounter:comb_4|D[1] ; frequency:u1|DecimalCounter:comb_4|D[16] ; sysclk     ; sysclk   ; None                        ; None                      ; 4.916 ns                ;
; N/A                                     ; 194.59 MHz ( period = 5.139 ns )                    ; signalinput:u0|state[9]                 ; signalinput:u0|state[18]                 ; sysclk     ; sysclk   ; None                        ; None                      ; 4.922 ns                ;
; N/A                                     ; 194.59 MHz ( period = 5.139 ns )                    ; signalinput:u0|state[9]                 ; signalinput:u0|state[13]                 ; sysclk     ; sysclk   ; None                        ; None                      ; 4.922 ns                ;
; N/A                                     ; 194.59 MHz ( period = 5.139 ns )                    ; signalinput:u0|state[2]                 ; signalinput:u0|state[12]                 ; sysclk     ; sysclk   ; None                        ; None                      ; 4.927 ns                ;
; N/A                                     ; 194.86 MHz ( period = 5.132 ns )                    ; signalinput:u0|state[9]                 ; signalinput:u0|state[11]                 ; sysclk     ; sysclk   ; None                        ; None                      ; 4.915 ns                ;
; N/A                                     ; 194.89 MHz ( period = 5.131 ns )                    ; signalinput:u0|state[2]                 ; signalinput:u0|state[17]                 ; sysclk     ; sysclk   ; None                        ; None                      ; 4.919 ns                ;
; N/A                                     ; 194.93 MHz ( period = 5.130 ns )                    ; signalinput:u0|state[2]                 ; signalinput:u0|state[16]                 ; sysclk     ; sysclk   ; None                        ; None                      ; 4.918 ns                ;
; N/A                                     ; 195.66 MHz ( period = 5.111 ns )                    ; frequency:u1|count[7]                   ; frequency:u1|count[21]                   ; sysclk     ; sysclk   ; None                        ; None                      ; 4.899 ns                ;
; N/A                                     ; 195.66 MHz ( period = 5.111 ns )                    ; frequency:u1|count[7]                   ; frequency:u1|count[12]                   ; sysclk     ; sysclk   ; None                        ; None                      ; 4.899 ns                ;
; N/A                                     ; 195.69 MHz ( period = 5.110 ns )                    ; frequency:u1|count[7]                   ; frequency:u1|count[20]                   ; sysclk     ; sysclk   ; None                        ; None                      ; 4.898 ns                ;
; N/A                                     ; 195.77 MHz ( period = 5.108 ns )                    ; frequency:u1|count[7]                   ; frequency:u1|count[25]                   ; sysclk     ; sysclk   ; None                        ; None                      ; 4.896 ns                ;
; N/A                                     ; 195.89 MHz ( period = 5.105 ns )                    ; frequency:u1|count[7]                   ; frequency:u1|count[17]                   ; sysclk     ; sysclk   ; None                        ; None                      ; 4.893 ns                ;
; N/A                                     ; 195.89 MHz ( period = 5.105 ns )                    ; frequency:u1|count[7]                   ; frequency:u1|count[23]                   ; sysclk     ; sysclk   ; None                        ; None                      ; 4.893 ns                ;
; N/A                                     ; 196.04 MHz ( period = 5.101 ns )                    ; frequency:u1|count[7]                   ; frequency:u1|count[15]                   ; sysclk     ; sysclk   ; None                        ; None                      ; 4.889 ns                ;
; N/A                                     ; 196.04 MHz ( period = 5.101 ns )                    ; frequency:u1|count[7]                   ; frequency:u1|count[19]                   ; sysclk     ; sysclk   ; None                        ; None                      ; 4.889 ns                ;
; N/A                                     ; 196.16 MHz ( period = 5.098 ns )                    ; frequency:u1|count[7]                   ; frequency:u1|count[13]                   ; sysclk     ; sysclk   ; None                        ; None                      ; 4.886 ns                ;
; N/A                                     ; 196.97 MHz ( period = 5.077 ns )                    ; signalinput:u0|state[1]                 ; signalinput:u0|state[19]                 ; sysclk     ; sysclk   ; None                        ; None                      ; 4.865 ns                ;
; N/A                                     ; 197.12 MHz ( period = 5.073 ns )                    ; frequency:u1|DecimalCounter:comb_4|D[4] ; frequency:u1|DecimalCounter:comb_4|D[18] ; sysclk     ; sysclk   ; None                        ; None                      ; 4.866 ns                ;
; Timing analysis restricted to 200 rows. ; To change the limit use Settings (Assignments menu) ;                                         ;                                          ;            ;          ;                             ;                           ;                         ;
+-----------------------------------------+-----------------------------------------------------+-----------------------------------------+------------------------------------------+------------+----------+-----------------------------+---------------------------+-------------------------+


+-------------------------------------------------------------------------------------------------+
; tsu                                                                                             ;
+-------+--------------+------------+-------+------------------------------------------+----------+
; Slack ; Required tsu ; Actual tsu ; From  ; To                                       ; To Clock ;
+-------+--------------+------------+-------+------------------------------------------+----------+
; N/A   ; None         ; 2.779 ns   ; SW[0] ; signalinput:u0|state[18]                 ; sysclk   ;
; N/A   ; None         ; 2.779 ns   ; SW[0] ; signalinput:u0|state[13]                 ; sysclk   ;
; N/A   ; None         ; 2.772 ns   ; SW[0] ; signalinput:u0|state[11]                 ; sysclk   ;
; N/A   ; None         ; 2.655 ns   ; SW[0] ; signalinput:u0|state[5]                  ; sysclk   ;
; N/A   ; None         ; 2.655 ns   ; SW[0] ; signalinput:u0|state[6]                  ; sysclk   ;
; N/A   ; None         ; 2.654 ns   ; SW[0] ; signalinput:u0|state[7]                  ; sysclk   ;
; N/A   ; None         ; 2.653 ns   ; SW[0] ; signalinput:u0|state[10]                 ; sysclk   ;
; N/A   ; None         ; 2.653 ns   ; SW[0] ; signalinput:u0|state[8]                  ; sysclk   ;
; N/A   ; None         ; 2.473 ns   ; SW[0] ; signalinput:u0|state[14]                 ; sysclk   ;
; N/A   ; None         ; 2.471 ns   ; SW[0] ; signalinput:u0|state[9]                  ; sysclk   ;
; N/A   ; None         ; 2.469 ns   ; SW[0] ; signalinput:u0|state[12]                 ; sysclk   ;
; N/A   ; None         ; 2.461 ns   ; SW[0] ; signalinput:u0|state[17]                 ; sysclk   ;
; N/A   ; None         ; 2.460 ns   ; SW[0] ; signalinput:u0|state[16]                 ; sysclk   ;
; N/A   ; None         ; 2.354 ns   ; SW[1] ; signalinput:u0|state[18]                 ; sysclk   ;
; N/A   ; None         ; 2.354 ns   ; SW[1] ; signalinput:u0|state[13]                 ; sysclk   ;
; N/A   ; None         ; 2.347 ns   ; SW[1] ; signalinput:u0|state[11]                 ; sysclk   ;
; N/A   ; None         ; 2.337 ns   ; SW[0] ; signalinput:u0|state[19]                 ; sysclk   ;
; N/A   ; None         ; 2.230 ns   ; SW[1] ; signalinput:u0|state[5]                  ; sysclk   ;
; N/A   ; None         ; 2.230 ns   ; SW[1] ; signalinput:u0|state[6]                  ; sysclk   ;
; N/A   ; None         ; 2.229 ns   ; SW[1] ; signalinput:u0|state[7]                  ; sysclk   ;
; N/A   ; None         ; 2.228 ns   ; SW[1] ; signalinput:u0|state[10]                 ; sysclk   ;
; N/A   ; None         ; 2.228 ns   ; SW[1] ; signalinput:u0|state[8]                  ; sysclk   ;
; N/A   ; None         ; 2.048 ns   ; SW[1] ; signalinput:u0|state[14]                 ; sysclk   ;
; N/A   ; None         ; 2.046 ns   ; SW[1] ; signalinput:u0|state[9]                  ; sysclk   ;
; N/A   ; None         ; 2.044 ns   ; SW[1] ; signalinput:u0|state[12]                 ; sysclk   ;
; N/A   ; None         ; 2.036 ns   ; SW[1] ; signalinput:u0|state[17]                 ; sysclk   ;
; N/A   ; None         ; 2.035 ns   ; SW[1] ; signalinput:u0|state[16]                 ; sysclk   ;
; N/A   ; None         ; 1.912 ns   ; SW[1] ; signalinput:u0|state[19]                 ; sysclk   ;
; N/A   ; None         ; -2.370 ns  ; SW[7] ; frequency:u1|DecimalCounter:comb_4|r[5]  ; sysclk   ;
; N/A   ; None         ; -2.394 ns  ; SW[7] ; frequency:u1|DecimalCounter:comb_4|r[1]  ; sysclk   ;
; N/A   ; None         ; -2.543 ns  ; SW[7] ; frequency:u1|DecimalCounter:comb_4|r[14] ; sysclk   ;
; N/A   ; None         ; -2.551 ns  ; SW[7] ; frequency:u1|DecimalCounter:comb_4|r[10] ; sysclk   ;
; N/A   ; None         ; -2.677 ns  ; SW[7] ; frequency:u1|DecimalCounter:comb_4|r[7]  ; sysclk   ;
; N/A   ; None         ; -2.679 ns  ; SW[7] ; frequency:u1|DecimalCounter:comb_4|r[3]  ; sysclk   ;
; N/A   ; None         ; -2.881 ns  ; SW[7] ; frequency:u1|DecimalCounter:comb_4|r[4]  ; sysclk   ;
; N/A   ; None         ; -3.034 ns  ; SW[7] ; frequency:u1|DecimalCounter:comb_4|r[9]  ; sysclk   ;
; N/A   ; None         ; -3.035 ns  ; SW[7] ; frequency:u1|DecimalCounter:comb_4|r[8]  ; sysclk   ;
; N/A   ; None         ; -3.039 ns  ; SW[7] ; frequency:u1|DecimalCounter:comb_4|r[15] ; sysclk   ;
; N/A   ; None         ; -3.040 ns  ; SW[7] ; frequency:u1|DecimalCounter:comb_4|r[11] ; sysclk   ;
; N/A   ; None         ; -3.042 ns  ; SW[7] ; frequency:u1|DecimalCounter:comb_4|r[13] ; sysclk   ;
; N/A   ; None         ; -3.043 ns  ; SW[7] ; frequency:u1|DecimalCounter:comb_4|r[12] ; sysclk   ;
; N/A   ; None         ; -3.189 ns  ; SW[7] ; frequency:u1|DecimalCounter:comb_4|r[6]  ; sysclk   ;
; N/A   ; None         ; -3.191 ns  ; SW[7] ; frequency:u1|DecimalCounter:comb_4|r[0]  ; sysclk   ;
; N/A   ; None         ; -3.192 ns  ; SW[7] ; frequency:u1|DecimalCounter:comb_4|r[2]  ; sysclk   ;
+-------+--------------+------------+-------+------------------------------------------+----------+


+-----------------------------------------------------------------------------+
; tco                                                                         ;
+-------+--------------+------------+--------------------+-------+------------+
; Slack ; Required tco ; Actual tco ; From               ; To    ; From Clock ;
+-------+--------------+------------+--------------------+-------+------------+
; N/A   ; None         ; 14.169 ns  ; frequency:u1|R[1]  ; H0[2] ; sysclk     ;
; N/A   ; None         ; 14.161 ns  ; frequency:u1|R[1]  ; H0[1] ; sysclk     ;
; N/A   ; None         ; 14.159 ns  ; frequency:u1|R[1]  ; H0[0] ; sysclk     ;
; N/A   ; None         ; 14.016 ns  ; frequency:u1|R[1]  ; H0[3] ; sysclk     ;
; N/A   ; None         ; 13.936 ns  ; frequency:u1|R[1]  ; H0[6] ; sysclk     ;
; N/A   ; None         ; 13.517 ns  ; frequency:u1|R[7]  ; H1[0] ; sysclk     ;
; N/A   ; None         ; 13.475 ns  ; frequency:u1|R[1]  ; H0[4] ; sysclk     ;
; N/A   ; None         ; 13.412 ns  ; frequency:u1|R[2]  ; H0[2] ; sysclk     ;
; N/A   ; None         ; 13.403 ns  ; frequency:u1|R[2]  ; H0[1] ; sysclk     ;
; N/A   ; None         ; 13.346 ns  ; frequency:u1|R[0]  ; H0[0] ; sysclk     ;
; N/A   ; None         ; 13.340 ns  ; frequency:u1|R[0]  ; H0[1] ; sysclk     ;
; N/A   ; None         ; 13.327 ns  ; frequency:u1|R[0]  ; H0[2] ; sysclk     ;
; N/A   ; None         ; 13.300 ns  ; frequency:u1|R[0]  ; H0[5] ; sysclk     ;
; N/A   ; None         ; 13.272 ns  ; frequency:u1|R[7]  ; H1[6] ; sysclk     ;
; N/A   ; None         ; 13.265 ns  ; frequency:u1|R[2]  ; H0[3] ; sysclk     ;
; N/A   ; None         ; 13.209 ns  ; frequency:u1|R[0]  ; H0[3] ; sysclk     ;
; N/A   ; None         ; 13.195 ns  ; frequency:u1|R[3]  ; H0[5] ; sysclk     ;
; N/A   ; None         ; 13.113 ns  ; frequency:u1|R[2]  ; H0[6] ; sysclk     ;
; N/A   ; None         ; 13.081 ns  ; frequency:u1|R[3]  ; H0[2] ; sysclk     ;
; N/A   ; None         ; 13.072 ns  ; frequency:u1|R[3]  ; H0[1] ; sysclk     ;
; N/A   ; None         ; 13.062 ns  ; frequency:u1|R[2]  ; H0[0] ; sysclk     ;
; N/A   ; None         ; 12.977 ns  ; frequency:u1|R[2]  ; H0[5] ; sysclk     ;
; N/A   ; None         ; 12.965 ns  ; frequency:u1|R[14] ; H3[0] ; sysclk     ;
; N/A   ; None         ; 12.934 ns  ; frequency:u1|R[3]  ; H0[3] ; sysclk     ;
; N/A   ; None         ; 12.904 ns  ; frequency:u1|R[3]  ; H0[0] ; sysclk     ;
; N/A   ; None         ; 12.893 ns  ; frequency:u1|R[4]  ; H1[0] ; sysclk     ;
; N/A   ; None         ; 12.848 ns  ; frequency:u1|R[3]  ; H0[6] ; sysclk     ;
; N/A   ; None         ; 12.785 ns  ; frequency:u1|R[5]  ; H1[1] ; sysclk     ;
; N/A   ; None         ; 12.749 ns  ; frequency:u1|R[13] ; H3[0] ; sysclk     ;
; N/A   ; None         ; 12.683 ns  ; frequency:u1|R[12] ; H3[6] ; sysclk     ;
; N/A   ; None         ; 12.683 ns  ; frequency:u1|R[14] ; H3[1] ; sysclk     ;
; N/A   ; None         ; 12.680 ns  ; frequency:u1|R[0]  ; H0[6] ; sysclk     ;
; N/A   ; None         ; 12.669 ns  ; frequency:u1|R[7]  ; H1[3] ; sysclk     ;
; N/A   ; None         ; 12.663 ns  ; frequency:u1|R[0]  ; H0[4] ; sysclk     ;
; N/A   ; None         ; 12.596 ns  ; frequency:u1|R[6]  ; H1[0] ; sysclk     ;
; N/A   ; None         ; 12.578 ns  ; frequency:u1|R[12] ; H3[4] ; sysclk     ;
; N/A   ; None         ; 12.550 ns  ; frequency:u1|R[12] ; H3[3] ; sysclk     ;
; N/A   ; None         ; 12.542 ns  ; frequency:u1|R[14] ; H3[4] ; sysclk     ;
; N/A   ; None         ; 12.538 ns  ; frequency:u1|R[6]  ; H1[1] ; sysclk     ;
; N/A   ; None         ; 12.529 ns  ; frequency:u1|R[12] ; H3[5] ; sysclk     ;
; N/A   ; None         ; 12.513 ns  ; frequency:u1|R[14] ; H3[3] ; sysclk     ;
; N/A   ; None         ; 12.491 ns  ; frequency:u1|R[14] ; H3[5] ; sysclk     ;
; N/A   ; None         ; 12.486 ns  ; frequency:u1|R[4]  ; H1[6] ; sysclk     ;
; N/A   ; None         ; 12.484 ns  ; frequency:u1|R[7]  ; H1[1] ; sysclk     ;
; N/A   ; None         ; 12.473 ns  ; frequency:u1|R[14] ; H3[6] ; sysclk     ;
; N/A   ; None         ; 12.465 ns  ; frequency:u1|R[13] ; H3[1] ; sysclk     ;
; N/A   ; None         ; 12.450 ns  ; frequency:u1|R[5]  ; H1[0] ; sysclk     ;
; N/A   ; None         ; 12.446 ns  ; frequency:u1|R[5]  ; H1[5] ; sysclk     ;
; N/A   ; None         ; 12.408 ns  ; frequency:u1|R[5]  ; H1[2] ; sysclk     ;
; N/A   ; None         ; 12.387 ns  ; frequency:u1|R[3]  ; H0[4] ; sysclk     ;
; N/A   ; None         ; 12.323 ns  ; frequency:u1|R[15] ; H3[0] ; sysclk     ;
; N/A   ; None         ; 12.227 ns  ; frequency:u1|R[4]  ; H1[1] ; sysclk     ;
; N/A   ; None         ; 12.220 ns  ; frequency:u1|R[2]  ; H0[4] ; sysclk     ;
; N/A   ; None         ; 12.188 ns  ; frequency:u1|R[6]  ; H1[6] ; sysclk     ;
; N/A   ; None         ; 12.174 ns  ; frequency:u1|R[12] ; H3[2] ; sysclk     ;
; N/A   ; None         ; 12.174 ns  ; frequency:u1|R[5]  ; H1[4] ; sysclk     ;
; N/A   ; None         ; 12.160 ns  ; frequency:u1|R[6]  ; H1[2] ; sysclk     ;
; N/A   ; None         ; 12.151 ns  ; frequency:u1|R[5]  ; H1[3] ; sysclk     ;
; N/A   ; None         ; 12.137 ns  ; frequency:u1|R[9]  ; H2[0] ; sysclk     ;
; N/A   ; None         ; 12.117 ns  ; frequency:u1|R[1]  ; H0[5] ; sysclk     ;
; N/A   ; None         ; 12.107 ns  ; frequency:u1|R[7]  ; H1[2] ; sysclk     ;
; N/A   ; None         ; 12.104 ns  ; frequency:u1|R[6]  ; H1[4] ; sysclk     ;
; N/A   ; None         ; 12.099 ns  ; frequency:u1|R[8]  ; H2[0] ; sysclk     ;
; N/A   ; None         ; 12.085 ns  ; frequency:u1|R[10] ; H2[4] ; sysclk     ;
; N/A   ; None         ; 12.067 ns  ; frequency:u1|R[10] ; H2[6] ; sysclk     ;
; N/A   ; None         ; 12.056 ns  ; frequency:u1|R[10] ; H2[2] ; sysclk     ;
; N/A   ; None         ; 12.054 ns  ; frequency:u1|R[10] ; H2[3] ; sysclk     ;
; N/A   ; None         ; 12.052 ns  ; frequency:u1|R[6]  ; H1[3] ; sysclk     ;
; N/A   ; None         ; 12.048 ns  ; frequency:u1|R[11] ; H2[6] ; sysclk     ;
; N/A   ; None         ; 12.039 ns  ; frequency:u1|R[12] ; H3[1] ; sysclk     ;
; N/A   ; None         ; 12.029 ns  ; frequency:u1|R[11] ; H2[4] ; sysclk     ;
; N/A   ; None         ; 12.029 ns  ; frequency:u1|R[11] ; H2[2] ; sysclk     ;
; N/A   ; None         ; 12.028 ns  ; frequency:u1|R[11] ; H2[3] ; sysclk     ;
; N/A   ; None         ; 12.021 ns  ; frequency:u1|R[9]  ; H2[5] ; sysclk     ;
; N/A   ; None         ; 11.971 ns  ; frequency:u1|R[11] ; H2[5] ; sysclk     ;
; N/A   ; None         ; 11.955 ns  ; frequency:u1|R[13] ; H3[4] ; sysclk     ;
; N/A   ; None         ; 11.948 ns  ; frequency:u1|R[7]  ; H1[5] ; sysclk     ;
; N/A   ; None         ; 11.923 ns  ; frequency:u1|R[13] ; H3[3] ; sysclk     ;
; N/A   ; None         ; 11.922 ns  ; frequency:u1|R[9]  ; H2[1] ; sysclk     ;
; N/A   ; None         ; 11.920 ns  ; frequency:u1|R[15] ; H3[4] ; sysclk     ;
; N/A   ; None         ; 11.911 ns  ; frequency:u1|R[9]  ; H2[4] ; sysclk     ;
; N/A   ; None         ; 11.910 ns  ; frequency:u1|R[13] ; H3[5] ; sysclk     ;
; N/A   ; None         ; 11.892 ns  ; frequency:u1|R[9]  ; H2[2] ; sysclk     ;
; N/A   ; None         ; 11.890 ns  ; frequency:u1|R[11] ; H2[1] ; sysclk     ;
; N/A   ; None         ; 11.889 ns  ; frequency:u1|R[15] ; H3[3] ; sysclk     ;
; N/A   ; None         ; 11.886 ns  ; frequency:u1|R[9]  ; H2[3] ; sysclk     ;
; N/A   ; None         ; 11.877 ns  ; frequency:u1|R[12] ; H3[0] ; sysclk     ;
; N/A   ; None         ; 11.875 ns  ; frequency:u1|R[15] ; H3[5] ; sysclk     ;
; N/A   ; None         ; 11.866 ns  ; frequency:u1|R[13] ; H3[2] ; sysclk     ;
; N/A   ; None         ; 11.852 ns  ; frequency:u1|R[15] ; H3[2] ; sysclk     ;
; N/A   ; None         ; 11.850 ns  ; frequency:u1|R[4]  ; H1[2] ; sysclk     ;
; N/A   ; None         ; 11.848 ns  ; frequency:u1|R[15] ; H3[6] ; sysclk     ;
; N/A   ; None         ; 11.821 ns  ; frequency:u1|R[10] ; H2[0] ; sysclk     ;
; N/A   ; None         ; 11.796 ns  ; frequency:u1|R[4]  ; H1[4] ; sysclk     ;
; N/A   ; None         ; 11.772 ns  ; frequency:u1|R[8]  ; H2[4] ; sysclk     ;
; N/A   ; None         ; 11.753 ns  ; frequency:u1|R[8]  ; H2[6] ; sysclk     ;
; N/A   ; None         ; 11.753 ns  ; frequency:u1|R[8]  ; H2[2] ; sysclk     ;
; N/A   ; None         ; 11.747 ns  ; frequency:u1|R[8]  ; H2[3] ; sysclk     ;
; N/A   ; None         ; 11.723 ns  ; frequency:u1|R[4]  ; H1[5] ; sysclk     ;
; N/A   ; None         ; 11.715 ns  ; frequency:u1|R[10] ; H2[5] ; sysclk     ;
; N/A   ; None         ; 11.660 ns  ; frequency:u1|R[11] ; H2[0] ; sysclk     ;
; N/A   ; None         ; 11.636 ns  ; frequency:u1|R[5]  ; H1[6] ; sysclk     ;
; N/A   ; None         ; 11.628 ns  ; frequency:u1|R[7]  ; H1[4] ; sysclk     ;
; N/A   ; None         ; 11.608 ns  ; frequency:u1|R[8]  ; H2[1] ; sysclk     ;
; N/A   ; None         ; 11.596 ns  ; frequency:u1|R[9]  ; H2[6] ; sysclk     ;
; N/A   ; None         ; 11.590 ns  ; frequency:u1|R[15] ; H3[1] ; sysclk     ;
; N/A   ; None         ; 11.574 ns  ; frequency:u1|R[4]  ; H1[3] ; sysclk     ;
; N/A   ; None         ; 11.555 ns  ; frequency:u1|R[6]  ; H1[5] ; sysclk     ;
; N/A   ; None         ; 11.550 ns  ; frequency:u1|R[8]  ; H2[5] ; sysclk     ;
; N/A   ; None         ; 11.445 ns  ; frequency:u1|R[10] ; H2[1] ; sysclk     ;
; N/A   ; None         ; 11.282 ns  ; frequency:u1|R[14] ; H3[2] ; sysclk     ;
; N/A   ; None         ; 11.231 ns  ; frequency:u1|R[13] ; H3[6] ; sysclk     ;
+-------+--------------+------------+--------------------+-------+------------+


+--------------------------------------------------------------+
; tpd                                                          ;
+-------+-------------------+-----------------+-------+--------+
; Slack ; Required P2P Time ; Actual P2P Time ; From  ; To     ;
+-------+-------------------+-----------------+-------+--------+
; N/A   ; None              ; 6.726 ns        ; SW[7] ; LED[7] ;
+-------+-------------------+-----------------+-------+--------+


+-------------------------------------------------------------------------------------------------------+
; th                                                                                                    ;
+---------------+-------------+-----------+-------+------------------------------------------+----------+
; Minimum Slack ; Required th ; Actual th ; From  ; To                                       ; To Clock ;
+---------------+-------------+-----------+-------+------------------------------------------+----------+
; N/A           ; None        ; 3.422 ns  ; SW[7] ; frequency:u1|DecimalCounter:comb_4|r[2]  ; sysclk   ;
; N/A           ; None        ; 3.421 ns  ; SW[7] ; frequency:u1|DecimalCounter:comb_4|r[0]  ; sysclk   ;
; N/A           ; None        ; 3.419 ns  ; SW[7] ; frequency:u1|DecimalCounter:comb_4|r[6]  ; sysclk   ;
; N/A           ; None        ; 3.273 ns  ; SW[7] ; frequency:u1|DecimalCounter:comb_4|r[12] ; sysclk   ;
; N/A           ; None        ; 3.272 ns  ; SW[7] ; frequency:u1|DecimalCounter:comb_4|r[13] ; sysclk   ;
; N/A           ; None        ; 3.270 ns  ; SW[7] ; frequency:u1|DecimalCounter:comb_4|r[11] ; sysclk   ;
; N/A           ; None        ; 3.269 ns  ; SW[7] ; frequency:u1|DecimalCounter:comb_4|r[15] ; sysclk   ;
; N/A           ; None        ; 3.265 ns  ; SW[7] ; frequency:u1|DecimalCounter:comb_4|r[8]  ; sysclk   ;
; N/A           ; None        ; 3.264 ns  ; SW[7] ; frequency:u1|DecimalCounter:comb_4|r[9]  ; sysclk   ;
; N/A           ; None        ; 3.111 ns  ; SW[7] ; frequency:u1|DecimalCounter:comb_4|r[4]  ; sysclk   ;
; N/A           ; None        ; 2.909 ns  ; SW[7] ; frequency:u1|DecimalCounter:comb_4|r[3]  ; sysclk   ;
; N/A           ; None        ; 2.907 ns  ; SW[7] ; frequency:u1|DecimalCounter:comb_4|r[7]  ; sysclk   ;
; N/A           ; None        ; 2.781 ns  ; SW[7] ; frequency:u1|DecimalCounter:comb_4|r[10] ; sysclk   ;
; N/A           ; None        ; 2.773 ns  ; SW[7] ; frequency:u1|DecimalCounter:comb_4|r[14] ; sysclk   ;
; N/A           ; None        ; 2.624 ns  ; SW[7] ; frequency:u1|DecimalCounter:comb_4|r[1]  ; sysclk   ;
; N/A           ; None        ; 2.600 ns  ; SW[7] ; frequency:u1|DecimalCounter:comb_4|r[5]  ; sysclk   ;
; N/A           ; None        ; -0.673 ns ; SW[1] ; signalinput:u0|state[14]                 ; sysclk   ;
; N/A           ; None        ; -0.674 ns ; SW[1] ; signalinput:u0|state[9]                  ; sysclk   ;
; N/A           ; None        ; -0.678 ns ; SW[1] ; signalinput:u0|state[17]                 ; sysclk   ;
; N/A           ; None        ; -0.680 ns ; SW[1] ; signalinput:u0|state[16]                 ; sysclk   ;
; N/A           ; None        ; -0.681 ns ; SW[1] ; signalinput:u0|state[12]                 ; sysclk   ;
; N/A           ; None        ; -0.750 ns ; SW[1] ; signalinput:u0|state[19]                 ; sysclk   ;
; N/A           ; None        ; -0.779 ns ; SW[0] ; signalinput:u0|state[18]                 ; sysclk   ;
; N/A           ; None        ; -0.783 ns ; SW[0] ; signalinput:u0|state[11]                 ; sysclk   ;
; N/A           ; None        ; -0.847 ns ; SW[1] ; signalinput:u0|state[18]                 ; sysclk   ;
; N/A           ; None        ; -0.851 ns ; SW[1] ; signalinput:u0|state[11]                 ; sysclk   ;
; N/A           ; None        ; -0.874 ns ; SW[0] ; signalinput:u0|state[12]                 ; sysclk   ;
; N/A           ; None        ; -0.876 ns ; SW[0] ; signalinput:u0|state[16]                 ; sysclk   ;
; N/A           ; None        ; -0.878 ns ; SW[0] ; signalinput:u0|state[17]                 ; sysclk   ;
; N/A           ; None        ; -0.881 ns ; SW[0] ; signalinput:u0|state[9]                  ; sysclk   ;
; N/A           ; None        ; -0.882 ns ; SW[0] ; signalinput:u0|state[14]                 ; sysclk   ;
; N/A           ; None        ; -0.942 ns ; SW[1] ; signalinput:u0|state[13]                 ; sysclk   ;
; N/A           ; None        ; -1.054 ns ; SW[0] ; signalinput:u0|state[13]                 ; sysclk   ;
; N/A           ; None        ; -1.090 ns ; SW[1] ; signalinput:u0|state[10]                 ; sysclk   ;
; N/A           ; None        ; -1.090 ns ; SW[1] ; signalinput:u0|state[7]                  ; sysclk   ;
; N/A           ; None        ; -1.090 ns ; SW[1] ; signalinput:u0|state[6]                  ; sysclk   ;
; N/A           ; None        ; -1.091 ns ; SW[1] ; signalinput:u0|state[5]                  ; sysclk   ;
; N/A           ; None        ; -1.091 ns ; SW[1] ; signalinput:u0|state[8]                  ; sysclk   ;
; N/A           ; None        ; -1.175 ns ; SW[0] ; signalinput:u0|state[19]                 ; sysclk   ;
; N/A           ; None        ; -1.280 ns ; SW[0] ; signalinput:u0|state[10]                 ; sysclk   ;
; N/A           ; None        ; -1.291 ns ; SW[0] ; signalinput:u0|state[8]                  ; sysclk   ;
; N/A           ; None        ; -1.293 ns ; SW[0] ; signalinput:u0|state[7]                  ; sysclk   ;
; N/A           ; None        ; -1.293 ns ; SW[0] ; signalinput:u0|state[6]                  ; sysclk   ;
; N/A           ; None        ; -1.294 ns ; SW[0] ; signalinput:u0|state[5]                  ; sysclk   ;
+---------------+-------------+-----------+-------+------------------------------------------+----------+


+--------------------------+
; Timing Analyzer Messages ;
+--------------------------+
Info: *******************************************************************
Info: Running Quartus II Classic Timing Analyzer
    Info: Version 7.2 Build 151 09/26/2007 SJ Web Edition
    Info: Processing started: Mon May 26 12:49:08 2014
Info: Command: quartus_tan --read_settings_files=off --write_settings_files=off main -c main --timing_analysis_only
Warning: Found pins functioning as undefined clocks and/or memory enables
    Info: Assuming node "sysclk" is an undefined clock
Warning: Found 2 node(s) in clock paths which may be acting as ripple and/or gated clocks -- node(s) analyzed as buffer(s) resulting in clock skew
    Info: Detected ripple clock "signalinput:u0|sigin" as buffer
    Info: Detected ripple clock "frequency:u1|rst" as buffer
Info: Clock "sysclk" has Internal fmax of 149.59 MHz between source register "frequency:u1|DecimalCounter:comb_4|D[3]" and destination register "frequency:u1|DecimalCounter:comb_4|D[17]" (period= 6.685 ns)
    Info: + Longest register to register delay is 6.461 ns
        Info: 1: + IC(0.000 ns) + CELL(0.000 ns) = 0.000 ns; Loc. = LCFF_X53_Y12_N27; Fanout = 4; REG Node = 'frequency:u1|DecimalCounter:comb_4|D[3]'
        Info: 2: + IC(0.776 ns) + CELL(0.415 ns) = 1.191 ns; Loc. = LCCOMB_X51_Y12_N16; Fanout = 5; COMB Node = 'frequency:u1|DecimalCounter:comb_4|Equal0~32'
        Info: 3: + IC(0.273 ns) + CELL(0.275 ns) = 1.739 ns; Loc. = LCCOMB_X51_Y12_N4; Fanout = 4; COMB Node = 'frequency:u1|DecimalCounter:comb_4|Equal1~57'
        Info: 4: + IC(0.273 ns) + CELL(0.419 ns) = 2.431 ns; Loc. = LCCOMB_X51_Y12_N20; Fanout = 2; COMB Node = 'frequency:u1|DecimalCounter:comb_4|Add2~420'
        Info: 5: + IC(0.261 ns) + CELL(0.275 ns) = 2.967 ns; Loc. = LCCOMB_X51_Y12_N14; Fanout = 5; COMB Node = 'frequency:u1|DecimalCounter:comb_4|Equal2~97'
        Info: 6: + IC(0.281 ns) + CELL(0.275 ns) = 3.523 ns; Loc. = LCCOMB_X51_Y12_N30; Fanout = 3; COMB Node = 'frequency:u1|DecimalCounter:comb_4|Add3~301'
        Info: 7: + IC(0.264 ns) + CELL(0.416 ns) = 4.203 ns; Loc. = LCCOMB_X51_Y12_N2; Fanout = 2; COMB Node = 'frequency:u1|DecimalCounter:comb_4|Equal3~30'
        Info: 8: + IC(0.264 ns) + CELL(0.388 ns) = 4.855 ns; Loc. = LCCOMB_X51_Y12_N12; Fanout = 3; COMB Node = 'frequency:u1|DecimalCounter:comb_4|Add4~89'
        Info: 9: + IC(0.268 ns) + CELL(0.150 ns) = 5.273 ns; Loc. = LCCOMB_X51_Y12_N8; Fanout = 2; COMB Node = 'frequency:u1|DecimalCounter:comb_4|Add4~92'
        Info: 10: + IC(0.666 ns) + CELL(0.438 ns) = 6.377 ns; Loc. = LCCOMB_X50_Y12_N14; Fanout = 1; COMB Node = 'frequency:u1|DecimalCounter:comb_4|D~347'
        Info: 11: + IC(0.000 ns) + CELL(0.084 ns) = 6.461 ns; Loc. = LCFF_X50_Y12_N15; Fanout = 4; REG Node = 'frequency:u1|DecimalCounter:comb_4|D[17]'
        Info: Total cell delay = 3.135 ns ( 48.52 % )
        Info: Total interconnect delay = 3.326 ns ( 51.48 % )
    Info: - Smallest clock skew is -0.010 ns
        Info: + Shortest clock path from clock "sysclk" to destination register is 6.606 ns
            Info: 1: + IC(0.000 ns) + CELL(0.999 ns) = 0.999 ns; Loc. = PIN_N2; Fanout = 3; CLK Node = 'sysclk'
            Info: 2: + IC(1.573 ns) + CELL(0.787 ns) = 3.359 ns; Loc. = LCFF_X41_Y20_N17; Fanout = 2; REG Node = 'signalinput:u0|sigin'
            Info: 3: + IC(1.708 ns) + CELL(0.000 ns) = 5.067 ns; Loc. = CLKCTRL_G7; Fanout = 36; COMB Node = 'signalinput:u0|sigin~clkctrl'
            Info: 4: + IC(1.002 ns) + CELL(0.537 ns) = 6.606 ns; Loc. = LCFF_X50_Y12_N15; Fanout = 4; REG Node = 'frequency:u1|DecimalCounter:comb_4|D[17]'
            Info: Total cell delay = 2.323 ns ( 35.17 % )
            Info: Total interconnect delay = 4.283 ns ( 64.83 % )
        Info: - Longest clock path from clock "sysclk" to source register is 6.616 ns
            Info: 1: + IC(0.000 ns) + CELL(0.999 ns) = 0.999 ns; Loc. = PIN_N2; Fanout = 3; CLK Node = 'sysclk'
            Info: 2: + IC(1.573 ns) + CELL(0.787 ns) = 3.359 ns; Loc. = LCFF_X41_Y20_N17; Fanout = 2; REG Node = 'signalinput:u0|sigin'
            Info: 3: + IC(1.708 ns) + CELL(0.000 ns) = 5.067 ns; Loc. = CLKCTRL_G7; Fanout = 36; COMB Node = 'signalinput:u0|sigin~clkctrl'
            Info: 4: + IC(1.012 ns) + CELL(0.537 ns) = 6.616 ns; Loc. = LCFF_X53_Y12_N27; Fanout = 4; REG Node = 'frequency:u1|DecimalCounter:comb_4|D[3]'
            Info: Total cell delay = 2.323 ns ( 35.11 % )
            Info: Total interconnect delay = 4.293 ns ( 64.89 % )
    Info: + Micro clock to output delay of source is 0.250 ns
    Info: + Micro setup delay of destination is -0.036 ns
Info: tsu for register "signalinput:u0|state[18]" (data pin = "SW[0]", clock pin = "sysclk") is 2.779 ns
    Info: + Longest pin to register delay is 5.493 ns
        Info: 1: + IC(0.000 ns) + CELL(0.999 ns) = 0.999 ns; Loc. = PIN_N25; Fanout = 4; PIN Node = 'SW[0]'
        Info: 2: + IC(1.286 ns) + CELL(0.371 ns) = 2.656 ns; Loc. = LCCOMB_X42_Y20_N30; Fanout = 3; COMB Node = 'signalinput:u0|Decoder0~29'
        Info: 3: + IC(0.772 ns) + CELL(0.410 ns) = 3.838 ns; Loc. = LCCOMB_X41_Y20_N20; Fanout = 1; COMB Node = 'signalinput:u0|Equal1~498'
        Info: 4: + IC(0.253 ns) + CELL(0.275 ns) = 4.366 ns; Loc. = LCCOMB_X41_Y20_N10; Fanout = 14; COMB Node = 'signalinput:u0|Equal1~501'
        Info: 5: + IC(0.768 ns) + CELL(0.275 ns) = 5.409 ns; Loc. = LCCOMB_X41_Y21_N16; Fanout = 1; COMB Node = 'signalinput:u0|state~221'
        Info: 6: + IC(0.000 ns) + CELL(0.084 ns) = 5.493 ns; Loc. = LCFF_X41_Y21_N17; Fanout = 3; REG Node = 'signalinput:u0|state[18]'
        Info: Total cell delay = 2.414 ns ( 43.95 % )
        Info: Total interconnect delay = 3.079 ns ( 56.05 % )
    Info: + Micro setup delay of destination is -0.036 ns
    Info: - Shortest clock path from clock "sysclk" to destination register is 2.678 ns
        Info: 1: + IC(0.000 ns) + CELL(0.999 ns) = 0.999 ns; Loc. = PIN_N2; Fanout = 3; CLK Node = 'sysclk'
        Info: 2: + IC(0.118 ns) + CELL(0.000 ns) = 1.117 ns; Loc. = CLKCTRL_G2; Fanout = 46; COMB Node = 'sysclk~clkctrl'
        Info: 3: + IC(1.024 ns) + CELL(0.537 ns) = 2.678 ns; Loc. = LCFF_X41_Y21_N17; Fanout = 3; REG Node = 'signalinput:u0|state[18]'
        Info: Total cell delay = 1.536 ns ( 57.36 % )
        Info: Total interconnect delay = 1.142 ns ( 42.64 % )
Info: tco from clock "sysclk" to destination pin "H0[2]" through register "frequency:u1|R[1]" is 14.169 ns
    Info: + Longest clock path from clock "sysclk" to source register is 6.675 ns
        Info: 1: + IC(0.000 ns) + CELL(0.999 ns) = 0.999 ns; Loc. = PIN_N2; Fanout = 3; CLK Node = 'sysclk'
        Info: 2: + IC(1.400 ns) + CELL(0.787 ns) = 3.186 ns; Loc. = LCFF_X8_Y20_N31; Fanout = 29; REG Node = 'frequency:u1|rst'
        Info: 3: + IC(1.944 ns) + CELL(0.000 ns) = 5.130 ns; Loc. = CLKCTRL_G3; Fanout = 36; COMB Node = 'frequency:u1|rst~clkctrl'
        Info: 4: + IC(1.008 ns) + CELL(0.537 ns) = 6.675 ns; Loc. = LCFF_X54_Y12_N19; Fanout = 7; REG Node = 'frequency:u1|R[1]'
        Info: Total cell delay = 2.323 ns ( 34.80 % )
        Info: Total interconnect delay = 4.352 ns ( 65.20 % )
    Info: + Micro clock to output delay of source is 0.250 ns
    Info: + Longest register to pin delay is 7.244 ns
        Info: 1: + IC(0.000 ns) + CELL(0.000 ns) = 0.000 ns; Loc. = LCFF_X54_Y12_N19; Fanout = 7; REG Node = 'frequency:u1|R[1]'
        Info: 2: + IC(1.124 ns) + CELL(0.438 ns) = 1.562 ns; Loc. = LCCOMB_X51_Y11_N18; Fanout = 1; COMB Node = 'frequency:u1|translator:comb_5|H[2]~837'
        Info: 3: + IC(2.904 ns) + CELL(2.778 ns) = 7.244 ns; Loc. = PIN_AC12; Fanout = 0; PIN Node = 'H0[2]'
        Info: Total cell delay = 3.216 ns ( 44.40 % )
        Info: Total interconnect delay = 4.028 ns ( 55.60 % )
Info: Longest tpd from source pin "SW[7]" to destination pin "LED[7]" is 6.726 ns
    Info: 1: + IC(0.000 ns) + CELL(0.979 ns) = 0.979 ns; Loc. = PIN_C13; Fanout = 17; PIN Node = 'SW[7]'
    Info: 2: + IC(2.949 ns) + CELL(2.798 ns) = 6.726 ns; Loc. = PIN_AC21; Fanout = 0; PIN Node = 'LED[7]'
    Info: Total cell delay = 3.777 ns ( 56.16 % )
    Info: Total interconnect delay = 2.949 ns ( 43.84 % )
Info: th for register "frequency:u1|DecimalCounter:comb_4|r[2]" (data pin = "SW[7]", clock pin = "sysclk") is 3.422 ns
    Info: + Longest clock path from clock "sysclk" to destination register is 6.600 ns
        Info: 1: + IC(0.000 ns) + CELL(0.999 ns) = 0.999 ns; Loc. = PIN_N2; Fanout = 3; CLK Node = 'sysclk'
        Info: 2: + IC(1.573 ns) + CELL(0.787 ns) = 3.359 ns; Loc. = LCFF_X41_Y20_N17; Fanout = 2; REG Node = 'signalinput:u0|sigin'
        Info: 3: + IC(1.708 ns) + CELL(0.000 ns) = 5.067 ns; Loc. = CLKCTRL_G7; Fanout = 36; COMB Node = 'signalinput:u0|sigin~clkctrl'
        Info: 4: + IC(0.996 ns) + CELL(0.537 ns) = 6.600 ns; Loc. = LCFF_X51_Y11_N5; Fanout = 1; REG Node = 'frequency:u1|DecimalCounter:comb_4|r[2]'
        Info: Total cell delay = 2.323 ns ( 35.20 % )
        Info: Total interconnect delay = 4.277 ns ( 64.80 % )
    Info: + Micro hold delay of destination is 0.266 ns
    Info: - Shortest pin to register delay is 3.444 ns
        Info: 1: + IC(0.000 ns) + CELL(0.979 ns) = 0.979 ns; Loc. = PIN_C13; Fanout = 17; PIN Node = 'SW[7]'
        Info: 2: + IC(2.231 ns) + CELL(0.150 ns) = 3.360 ns; Loc. = LCCOMB_X51_Y11_N4; Fanout = 1; COMB Node = 'frequency:u1|DecimalCounter:comb_4|r~194'
        Info: 3: + IC(0.000 ns) + CELL(0.084 ns) = 3.444 ns; Loc. = LCFF_X51_Y11_N5; Fanout = 1; REG Node = 'frequency:u1|DecimalCounter:comb_4|r[2]'
        Info: Total cell delay = 1.213 ns ( 35.22 % )
        Info: Total interconnect delay = 2.231 ns ( 64.78 % )
Info: Quartus II Classic Timing Analyzer was successful. 0 errors, 2 warnings
    Info: Allocated 179 megabytes of memory during processing
    Info: Processing ended: Mon May 26 12:49:09 2014
    Info: Elapsed time: 00:00:01


